<?xml version="1.0" encoding="UTF-8"?>
<robot generator="Robot 6.0.2 (Python 3.9.2 on win32)" generated="20230605 18:55:13.880" rpa="false" schemaversion="3">
<suite id="s1" name="Mutasi1003Setoran" source="C:\Users\haris\Documents\robotFramework\rpaBeeCloud\mutasi1003setoran.robot">
<test id="s1-t1" name="Buka Browser Dan Lakukan Login" line="20">
<kw name="Open Browser" library="Selenium2Library">
<arg>https://app.beecloud.id/site/login</arg>
<arg>Edge</arg>
<doc>Opens a new browser instance to the optional ``url``.</doc>
<msg timestamp="20230605 18:55:15.312" level="INFO">Opening browser 'Edge' to base url 'https://app.beecloud.id/site/login'.</msg>
<status status="PASS" starttime="20230605 18:55:15.310" endtime="20230605 18:55:23.876"/>
</kw>
<kw name="Maximize Browser Window" library="Selenium2Library">
<doc>Maximizes current browser window.</doc>
<status status="PASS" starttime="20230605 18:55:23.878" endtime="20230605 18:55:24.226"/>
</kw>
<kw name="Input Text" library="Selenium2Library">
<arg>id:loginform-username</arg>
<arg>${username_bee_cloud}</arg>
<doc>Types the given ``text`` into the text field identified by ``locator``.</doc>
<msg timestamp="20230605 18:55:24.228" level="INFO">Typing text 'hidayatulloh.haris@gmail.com' into text field 'id:loginform-username'.</msg>
<status status="PASS" starttime="20230605 18:55:24.227" endtime="20230605 18:55:24.622"/>
</kw>
<kw name="Input Text" library="Selenium2Library">
<arg>id:loginform-password</arg>
<arg>${password_bee_cloud}</arg>
<doc>Types the given ``text`` into the text field identified by ``locator``.</doc>
<msg timestamp="20230605 18:55:24.627" level="INFO">Typing text 'wbd3rzE2' into text field 'id:loginform-password'.</msg>
<status status="PASS" starttime="20230605 18:55:24.625" endtime="20230605 18:55:25.035"/>
</kw>
<kw name="Click Element" library="Selenium2Library">
<arg>xpath://*[@id="login-form"]/div[3]/ul/button</arg>
<doc>Click the element identified by ``locator``.</doc>
<msg timestamp="20230605 18:55:25.045" level="INFO">Clicking element 'xpath://*[@id="login-form"]/div[3]/ul/button'.</msg>
<status status="PASS" starttime="20230605 18:55:25.043" endtime="20230605 18:55:30.781"/>
</kw>
<kw name="Sleep" library="BuiltIn">
<arg>3s</arg>
<doc>Pauses the test executed for the given time.</doc>
<msg timestamp="20230605 18:55:33.792" level="INFO">Slept 3 seconds</msg>
<status status="PASS" starttime="20230605 18:55:30.783" endtime="20230605 18:55:33.792"/>
</kw>
<status status="PASS" starttime="20230605 18:55:15.308" endtime="20230605 18:55:33.793"/>
</test>
<test id="s1-t2" name="Buka Menu Transfer Kas Kemudian Buat Baru" line="28">
<kw name="Click Element" library="Selenium2Library">
<arg>xpath:/html/body/div[3]/div[1]/div/div/ul/li[8]/a</arg>
<doc>Click the element identified by ``locator``.</doc>
<msg timestamp="20230605 18:55:33.820" level="INFO">Clicking element 'xpath:/html/body/div[3]/div[1]/div/div/ul/li[8]/a'.</msg>
<status status="PASS" starttime="20230605 18:55:33.811" endtime="20230605 18:55:34.128"/>
</kw>
<kw name="Sleep" library="BuiltIn">
<arg>1s</arg>
<doc>Pauses the test executed for the given time.</doc>
<msg timestamp="20230605 18:55:35.144" level="INFO">Slept 1 second</msg>
<status status="PASS" starttime="20230605 18:55:34.129" endtime="20230605 18:55:35.144"/>
</kw>
<kw name="Click Element" library="Selenium2Library">
<arg>xpath:/html/body/div[3]/div[1]/div/div/ul/li[8]/ul/li[9]/a</arg>
<doc>Click the element identified by ``locator``.</doc>
<msg timestamp="20230605 18:55:35.146" level="INFO">Clicking element 'xpath:/html/body/div[3]/div[1]/div/div/ul/li[8]/ul/li[9]/a'.</msg>
<status status="PASS" starttime="20230605 18:55:35.145" endtime="20230605 18:55:38.626"/>
</kw>
<kw name="Sleep" library="BuiltIn">
<arg>2s</arg>
<doc>Pauses the test executed for the given time.</doc>
<msg timestamp="20230605 18:55:40.647" level="INFO">Slept 2 seconds</msg>
<status status="PASS" starttime="20230605 18:55:38.642" endtime="20230605 18:55:40.647"/>
</kw>
<kw name="Click Element" library="Selenium2Library">
<arg>xpath:/html/body/div[3]/div[2]/div/div[1]/p/a[2]</arg>
<doc>Click the element identified by ``locator``.</doc>
<msg timestamp="20230605 18:55:40.651" level="INFO">Clicking element 'xpath:/html/body/div[3]/div[2]/div/div[1]/p/a[2]'.</msg>
<status status="PASS" starttime="20230605 18:55:40.648" endtime="20230605 18:55:44.178"/>
</kw>
<kw name="Sleep" library="BuiltIn">
<arg>2s</arg>
<doc>Pauses the test executed for the given time.</doc>
<msg timestamp="20230605 18:55:46.195" level="INFO">Slept 2 seconds</msg>
<status status="PASS" starttime="20230605 18:55:44.179" endtime="20230605 18:55:46.195"/>
</kw>
<status status="PASS" starttime="20230605 18:55:33.804" endtime="20230605 18:55:46.196"/>
</test>
<test id="s1-t3" name="Get API Mutasi 455 Transfer Kas Kemudian Lakukan Input Data" line="36">
<for flavor="IN RANGE">
<var>${infinityLoop}</var>
<value>9999</value>
<iter>
<var name="${infinityLoop}">0</var>
<kw name="Create Session" library="RequestsLibrary">
<arg>myssion</arg>
<arg>${base_url}</arg>
<doc>Create Session: create a HTTP session to a server</doc>
<msg timestamp="20230605 18:55:46.203" level="INFO">Creating Session using : alias=myssion, url=http://localhost:8000, headers={},                     cookies={}, auth=None, timeout=None, proxies=None, verify=False,                     debug=0 </msg>
<status status="PASS" starttime="20230605 18:55:46.203" endtime="20230605 18:55:46.204"/>
</kw>
<kw name="Get Request" library="RequestsLibrary">
<var>${response}</var>
<arg>myssion</arg>
<arg>${child_url}</arg>
<doc>*DEPRECATED* Please use `GET On Session` instead.</doc>
<msg timestamp="20230605 18:55:46.204" level="WARN">Keyword 'RequestsLibrary.Get Request' is deprecated. Please use `GET On Session` instead.</msg>
<msg timestamp="20230605 18:56:00.189" level="INFO">GET Request : url=http://localhost:8000/robot/api/mutasi1003/setoran/show 
 path_url=/robot/api/mutasi1003/setoran/show 
 headers={'User-Agent': 'python-requests/2.25.1', 'Accept-Encoding': 'gzip, deflate', 'Accept': '*/*', 'Connection': 'keep-alive'} 
 body=None 
 </msg>
<msg timestamp="20230605 18:56:00.190" level="INFO">GET Response : url=http://localhost:8000/robot/api/mutasi1003/setoran/show 
 status=200, reason=OK 
 headers={'Host': 'localhost:8000', 'Date': 'Mon, 05 Jun 2023 11:56:00 GMT, Mon, 05 Jun 2023 11:55:59 GMT', 'Connection': 'close', 'X-Powered-By': 'PHP/8.0.11', 'Cache-Control': 'no-cache, private', 'Content-Type': 'application/json', 'X-Clockwork-Id': '1685966153-8852-850076860', 'X-Clockwork-Version': '5.1.12', 'Server-Timing': 'app; dur=11257.610082626; desc="Application", db; dur=99.41; desc="Database", timeline-event-0; dur=2465.1679992676; desc="Controller"', 'Set-Cookie': 'XSRF-TOKEN=eyJpdiI6IlE1Q1pnYld4Ry9rUHFxTndmbUtGOFE9PSIsInZhbHVlIjoidU5lZEhaZnNuVmh4b3J4WVlYT2JCbklZQzQreFBKRm5qclpiOGVlSUFNVW80TW9OZHRvTTVWZGw2aVB1aFRySDMrN3dmVjNHNWdId011UFU2Tk9HbHNuQWNjTWZac2M0M3NxTFRyUHlNb2hWZW1uRzJ6MFUwVXowLzVyNUVrWjAiLCJtYWMiOiI5ZmE1NjkzMTkzNjZlYWVjYjhhNjIwNjU3YzQ5NmJiMjI3YTc4MzAwZjQxNjQ5YTRjNDI1MmNhMjIyMGViMjFmIiwidGFnIjoiIn0%3D; expires=Mon, 05-Jun-2023 13:55:59 GMT; Max-Age=7199; path=/; samesite=lax, laravel_session=eyJpdiI6IndPZGVXb21WWUxKS2NQR0Exa1hObGc9PSIsInZhbHVlIjoicU40Y1BvSjFkbysxOEZPeW1HWWVMVjZoUHE3Q3V1ODFQSTE5T05QTk5Qa2gyK0VPRi8zblh3UFcyUVN4MGd6M0lJNzlrbmp5bElPdWNkL2h2ejJqa3hKbC9ReE1oUXpJSkx4SG9TNTNYUlg0U3JXa3BSSThBeXN1QnJCWlRNeUwiLCJtYWMiOiJiM2Y5YmM1OTFkMjBlOTZmZDhiMzkwYTZiN2UwOThiZWY3MjAzOTUzOTdkOThiMzZmNDg1OTgxMjI2NmIzMDYxIiwidGFnIjoiIn0%3D; expires=Mon, 05-Jun-2023 13:55:59 GMT; Max-Age=7199; path=/; httponly; samesite=lax'} 
 body={"idRobotMutasi1003":5,"Tanggal":"01-05-2023","kasAsalKeywoard":"tulangan","kasAsal":"IDR - Kas Sales Tulangan","kasTujuanKeywoard":"setoran","kasTujuan":"IDR - BCA Setoran Sales","keterangan":"SWITCHING CR TANGGAL :30\/04 TRANSFER   DR 536  YANTI SUSILOWATI KPO BCA SYA   01\/5\/2023 2300000","total":2300000,"cabangKeywoard":"tulangan","cabang":"Tulangan"} 
 </msg>
<msg timestamp="20230605 18:56:00.191" level="INFO">${response} = &lt;Response [200]&gt;</msg>
<status status="PASS" starttime="20230605 18:55:46.204" endtime="20230605 18:56:00.191"/>
</kw>
<kw name="Convert To String" library="BuiltIn">
<var>${status_code}</var>
<arg>${response.status_code}</arg>
<doc>Converts the given item to a Unicode string.</doc>
<msg timestamp="20230605 18:56:00.194" level="INFO">${status_code} = 200</msg>
<status status="PASS" starttime="20230605 18:56:00.192" endtime="20230605 18:56:00.194"/>
</kw>
<kw name="Should Be Equal" library="BuiltIn">
<arg>${status_code}</arg>
<arg>200</arg>
<doc>Fails if the given objects are unequal.</doc>
<status status="PASS" starttime="20230605 18:56:00.195" endtime="20230605 18:56:00.195"/>
</kw>
<kw name="Get From Dictionary" library="Collections">
<var>${contentType}</var>
<arg>${response.headers}</arg>
<arg>Content-Type</arg>
<doc>Returns a value from the given ``dictionary`` based on the given ``key``.</doc>
<msg timestamp="20230605 18:56:00.202" level="INFO">${contentType} = application/json</msg>
<status status="PASS" starttime="20230605 18:56:00.196" endtime="20230605 18:56:00.203"/>
</kw>
<kw name="Should Contain" library="BuiltIn">
<arg>${contentType}</arg>
<arg>application/json</arg>
<doc>Fails if ``container`` does not contain ``item`` one or more times.</doc>
<status status="PASS" starttime="20230605 18:56:00.203" endtime="20230605 18:56:00.204"/>
</kw>
<kw name="Convert To String" library="BuiltIn">
<var>${contentString}</var>
<arg>${response.content}</arg>
<doc>Converts the given item to a Unicode string.</doc>
<msg timestamp="20230605 18:56:00.206" level="INFO">${contentString} = {"idRobotMutasi1003":5,"Tanggal":"01-05-2023","kasAsalKeywoard":"tulangan","kasAsal":"IDR - Kas Sales Tulangan","kasTujuanKeywoard":"setoran","kasTujuan":"IDR - BCA Setoran Sales","keterangan":"SWITCH...</msg>
<status status="PASS" starttime="20230605 18:56:00.204" endtime="20230605 18:56:00.206"/>
</kw>
<kw name="Evaluate" library="BuiltIn">
<var>${contentData}</var>
<arg>json.loads($contentString)</arg>
<arg>json</arg>
<doc>Evaluates the given expression in Python and returns the result.</doc>
<msg timestamp="20230605 18:56:00.228" level="INFO">${contentData} = {'idRobotMutasi1003': 5, 'Tanggal': '01-05-2023', 'kasAsalKeywoard': 'tulangan', 'kasAsal': 'IDR - Kas Sales Tulangan', 'kasTujuanKeywoard': 'setoran', 'kasTujuan': 'IDR - BCA Setoran Sales', 'keteran...</msg>
<status status="PASS" starttime="20230605 18:56:00.206" endtime="20230605 18:56:00.228"/>
</kw>
<kw name="Convert To String" library="BuiltIn">
<var>${Tanggal}</var>
<arg>${contentData['Tanggal']}</arg>
<doc>Converts the given item to a Unicode string.</doc>
<msg timestamp="20230605 18:56:00.236" level="INFO">${Tanggal} = 01-05-2023</msg>
<status status="PASS" starttime="20230605 18:56:00.228" endtime="20230605 18:56:00.237"/>
</kw>
<kw name="Convert To String" library="BuiltIn">
<var>${idRobotMutasi1003}</var>
<arg>${contentData['idRobotMutasi1003']}</arg>
<doc>Converts the given item to a Unicode string.</doc>
<msg timestamp="20230605 18:56:00.239" level="INFO">${idRobotMutasi1003} = 5</msg>
<status status="PASS" starttime="20230605 18:56:00.237" endtime="20230605 18:56:00.239"/>
</kw>
<kw name="Convert To String" library="BuiltIn">
<var>${kasAsalKeywoard}</var>
<arg>${contentData['kasAsalKeywoard']}</arg>
<doc>Converts the given item to a Unicode string.</doc>
<msg timestamp="20230605 18:56:00.242" level="INFO">${kasAsalKeywoard} = tulangan</msg>
<status status="PASS" starttime="20230605 18:56:00.240" endtime="20230605 18:56:00.242"/>
</kw>
<kw name="Convert To String" library="BuiltIn">
<var>${kasAsal}</var>
<arg>${contentData['kasAsal']}</arg>
<doc>Converts the given item to a Unicode string.</doc>
<msg timestamp="20230605 18:56:00.246" level="INFO">${kasAsal} = IDR - Kas Sales Tulangan</msg>
<status status="PASS" starttime="20230605 18:56:00.242" endtime="20230605 18:56:00.250"/>
</kw>
<kw name="Convert To String" library="BuiltIn">
<var>${kasTujuanKeywoard}</var>
<arg>${contentData['kasTujuanKeywoard']}</arg>
<doc>Converts the given item to a Unicode string.</doc>
<msg timestamp="20230605 18:56:00.257" level="INFO">${kasTujuanKeywoard} = setoran</msg>
<status status="PASS" starttime="20230605 18:56:00.252" endtime="20230605 18:56:00.257"/>
</kw>
<kw name="Convert To String" library="BuiltIn">
<var>${kasTujuan}</var>
<arg>${contentData['kasTujuan']}</arg>
<doc>Converts the given item to a Unicode string.</doc>
<msg timestamp="20230605 18:56:00.259" level="INFO">${kasTujuan} = IDR - BCA Setoran Sales</msg>
<status status="PASS" starttime="20230605 18:56:00.257" endtime="20230605 18:56:00.259"/>
</kw>
<kw name="Convert To String" library="BuiltIn">
<var>${keterangan}</var>
<arg>${contentData['keterangan']}</arg>
<doc>Converts the given item to a Unicode string.</doc>
<msg timestamp="20230605 18:56:00.262" level="INFO">${keterangan} = SWITCHING CR TANGGAL :30/04 TRANSFER   DR 536  YANTI SUSILOWATI KPO BCA SYA   01/5/2023 2300000</msg>
<status status="PASS" starttime="20230605 18:56:00.260" endtime="20230605 18:56:00.263"/>
</kw>
<kw name="Convert To String" library="BuiltIn">
<var>${total}</var>
<arg>${contentData['total']}</arg>
<doc>Converts the given item to a Unicode string.</doc>
<msg timestamp="20230605 18:56:00.277" level="INFO">${total} = 2300000</msg>
<status status="PASS" starttime="20230605 18:56:00.274" endtime="20230605 18:56:00.277"/>
</kw>
<kw name="Convert To String" library="BuiltIn">
<var>${cabangKeywoard}</var>
<arg>${contentData['cabangKeywoard']}</arg>
<doc>Converts the given item to a Unicode string.</doc>
<msg timestamp="20230605 18:56:00.289" level="INFO">${cabangKeywoard} = tulangan</msg>
<status status="PASS" starttime="20230605 18:56:00.278" endtime="20230605 18:56:00.289"/>
</kw>
<kw name="Convert To String" library="BuiltIn">
<var>${cabang}</var>
<arg>${contentData['cabang']}</arg>
<doc>Converts the given item to a Unicode string.</doc>
<msg timestamp="20230605 18:56:00.291" level="INFO">${cabang} = Tulangan</msg>
<status status="PASS" starttime="20230605 18:56:00.289" endtime="20230605 18:56:00.291"/>
</kw>
<kw name="Execute Javascript" library="Selenium2Library">
<arg>window.scrollTo(0,0)</arg>
<doc>Executes the given JavaScript code with possible arguments.</doc>
<msg timestamp="20230605 18:56:00.293" level="INFO">Executing JavaScript:
window.scrollTo(0,0)
Without any arguments.</msg>
<status status="PASS" starttime="20230605 18:56:00.292" endtime="20230605 18:56:00.376"/>
</kw>
<kw name="Press Keys" library="Selenium2Library">
<arg>xpath://*[@id="cstr-trxdate"]</arg>
<arg>CTRL+a+BACKSPACE</arg>
<doc>Simulates the user pressing key(s) to an element or on the active browser.</doc>
<msg timestamp="20230605 18:56:00.378" level="INFO">Sending key(s) ('CTRL+a+BACKSPACE',) to xpath://*[@id="cstr-trxdate"] element.</msg>
<msg timestamp="20230605 18:56:00.977" level="INFO">Pressing special key CONTROL down.</msg>
<msg timestamp="20230605 18:56:00.977" level="INFO">Sending key a</msg>
<msg timestamp="20230605 18:56:00.977" level="INFO">Pressing special key BACKSPACE down.</msg>
<msg timestamp="20230605 18:56:00.977" level="INFO">Releasing special key CONTROL.</msg>
<msg timestamp="20230605 18:56:00.978" level="INFO">Releasing special key BACKSPACE.</msg>
<status status="PASS" starttime="20230605 18:56:00.376" endtime="20230605 18:56:01.166"/>
</kw>
<kw name="Input Text" library="Selenium2Library">
<arg>xpath://*[@id="cstr-trxdate"]</arg>
<arg>${Tanggal}[0:10]</arg>
<doc>Types the given ``text`` into the text field identified by ``locator``.</doc>
<msg timestamp="20230605 18:56:01.172" level="INFO">Typing text '01-05-2023' into text field 'xpath://*[@id="cstr-trxdate"]'.</msg>
<status status="PASS" starttime="20230605 18:56:01.166" endtime="20230605 18:56:01.893"/>
</kw>
<kw name="Press Keys" library="Selenium2Library">
<arg>xpath://*[@id="cstr-trxdate"]</arg>
<arg>ENTER</arg>
<doc>Simulates the user pressing key(s) to an element or on the active browser.</doc>
<msg timestamp="20230605 18:56:01.895" level="INFO">Sending key(s) ('ENTER',) to xpath://*[@id="cstr-trxdate"] element.</msg>
<msg timestamp="20230605 18:56:02.370" level="INFO">Pressing special key ENTER to element.</msg>
<msg timestamp="20230605 18:56:02.371" level="INFO">Releasing special key ENTER.</msg>
<status status="PASS" starttime="20230605 18:56:01.893" endtime="20230605 18:56:02.558"/>
</kw>
<kw name="Sleep" library="BuiltIn">
<arg>1s</arg>
<doc>Pauses the test executed for the given time.</doc>
<msg timestamp="20230605 18:56:03.589" level="INFO">Slept 1 second</msg>
<status status="PASS" starttime="20230605 18:56:02.559" endtime="20230605 18:56:03.590"/>
</kw>
<kw name="Click Element" library="Selenium2Library">
<arg>xpath://*[@id="s2id_kas_utama"]/a</arg>
<doc>Click the element identified by ``locator``.</doc>
<msg timestamp="20230605 18:56:03.591" level="INFO">Clicking element 'xpath://*[@id="s2id_kas_utama"]/a'.</msg>
<status status="PASS" starttime="20230605 18:56:03.590" endtime="20230605 18:56:04.420"/>
</kw>
<kw name="Input Text" library="Selenium2Library">
<arg>xpath://*[@id="s2id_autogen1_search"]</arg>
<arg>${kasAsalKeywoard}[0:10]</arg>
<doc>Types the given ``text`` into the text field identified by ``locator``.</doc>
<msg timestamp="20230605 18:56:04.422" level="INFO">Typing text 'tulangan' into text field 'xpath://*[@id="s2id_autogen1_search"]'.</msg>
<status status="PASS" starttime="20230605 18:56:04.421" endtime="20230605 18:56:04.935"/>
</kw>
<kw name="Set Variable" library="BuiltIn">
<var>${scroll_kas_asal}</var>
<arg>${1}</arg>
<doc>Returns the given values which can then be assigned to a variables.</doc>
<msg timestamp="20230605 18:56:04.938" level="INFO">${scroll_kas_asal} = 1</msg>
<status status="PASS" starttime="20230605 18:56:04.936" endtime="20230605 18:56:04.938"/>
</kw>
<kw name="Get Element Count" library="Selenium2Library">
<var>${count_kas_asal}</var>
<arg>xpath://*[@id="select2-results-1"]/li</arg>
<doc>Returns the number of elements matching ``locator``.</doc>
<msg timestamp="20230605 18:56:05.017" level="INFO">${count_kas_asal} = 3</msg>
<status status="PASS" starttime="20230605 18:56:04.938" endtime="20230605 18:56:05.018"/>
</kw>
<for flavor="IN RANGE">
<var>${index}</var>
<value>1</value>
<value>${count_kas_asal}</value>
<iter>
<var name="${index}">1</var>
<kw name="Get Text" library="Selenium2Library">
<var>${textKasAsal}</var>
<arg>xpath://*[@id="select2-results-1"]/li[${index}]/div</arg>
<doc>Returns the text value of the element identified by ``locator``.</doc>
<msg timestamp="20230605 18:56:05.069" level="INFO">${textKasAsal} = IDR - Kas Kecil Tulangan</msg>
<status status="PASS" starttime="20230605 18:56:05.019" endtime="20230605 18:56:05.069"/>
</kw>
<if>
<branch type="IF" condition="'${textKasAsal}' == '${kasAsal}'">
<break>
<status status="NOT RUN" starttime="20230605 18:56:05.070" endtime="20230605 18:56:05.070"/>
</break>
<status status="NOT RUN" starttime="20230605 18:56:05.070" endtime="20230605 18:56:05.071"/>
</branch>
<status status="PASS" starttime="20230605 18:56:05.069" endtime="20230605 18:56:05.071"/>
</if>
<kw name="Set Variable" library="BuiltIn">
<var>${scroll_kas_asal}</var>
<arg>${scroll_kas_asal + 1}</arg>
<doc>Returns the given values which can then be assigned to a variables.</doc>
<msg timestamp="20230605 18:56:05.073" level="INFO">${scroll_kas_asal} = 2</msg>
<status status="PASS" starttime="20230605 18:56:05.071" endtime="20230605 18:56:05.073"/>
</kw>
<kw name="Press Key" library="Selenium2Library">
<arg>xpath://*[@id="s2id_autogen1_search"]</arg>
<arg>\ue015</arg>
<doc>*DEPRECATED in Selenium2Library 4.0.* use `Press Keys` instead.</doc>
<msg timestamp="20230605 18:56:05.073" level="WARN">Keyword 'Selenium2Library.Press Key' is deprecated. use `Press Keys` instead.</msg>
<status status="PASS" starttime="20230605 18:56:05.073" endtime="20230605 18:56:05.167"/>
</kw>
<kw name="Sleep" library="BuiltIn">
<arg>1s</arg>
<doc>Pauses the test executed for the given time.</doc>
<msg timestamp="20230605 18:56:06.170" level="INFO">Slept 1 second</msg>
<status status="PASS" starttime="20230605 18:56:05.167" endtime="20230605 18:56:06.170"/>
</kw>
<status status="PASS" starttime="20230605 18:56:05.018" endtime="20230605 18:56:06.170"/>
</iter>
<iter>
<var name="${index}">2</var>
<kw name="Get Text" library="Selenium2Library">
<var>${textKasAsal}</var>
<arg>xpath://*[@id="select2-results-1"]/li[${index}]/div</arg>
<doc>Returns the text value of the element identified by ``locator``.</doc>
<msg timestamp="20230605 18:56:06.239" level="INFO">${textKasAsal} = IDR - Kas Sales Tulangan</msg>
<status status="PASS" starttime="20230605 18:56:06.171" endtime="20230605 18:56:06.239"/>
</kw>
<if>
<branch type="IF" condition="'${textKasAsal}' == '${kasAsal}'">
<break>
<status status="PASS" starttime="20230605 18:56:06.240" endtime="20230605 18:56:06.240"/>
</break>
<status status="PASS" starttime="20230605 18:56:06.239" endtime="20230605 18:56:06.240"/>
</branch>
<status status="PASS" starttime="20230605 18:56:06.239" endtime="20230605 18:56:06.241"/>
</if>
<kw name="Set Variable" library="BuiltIn">
<var>${scroll_kas_asal}</var>
<arg>${scroll_kas_asal + 1}</arg>
<doc>Returns the given values which can then be assigned to a variables.</doc>
<status status="NOT RUN" starttime="20230605 18:56:06.241" endtime="20230605 18:56:06.241"/>
</kw>
<kw name="Press Key" library="Selenium2Library">
<arg>xpath://*[@id="s2id_autogen1_search"]</arg>
<arg>\ue015</arg>
<doc>*DEPRECATED in Selenium2Library 4.0.* use `Press Keys` instead.</doc>
<msg timestamp="20230605 18:56:06.241" level="WARN">Keyword 'Selenium2Library.Press Key' is deprecated. use `Press Keys` instead.</msg>
<status status="NOT RUN" starttime="20230605 18:56:06.241" endtime="20230605 18:56:06.243"/>
</kw>
<kw name="Sleep" library="BuiltIn">
<arg>1s</arg>
<doc>Pauses the test executed for the given time.</doc>
<status status="NOT RUN" starttime="20230605 18:56:06.243" endtime="20230605 18:56:06.244"/>
</kw>
<status status="PASS" starttime="20230605 18:56:06.171" endtime="20230605 18:56:06.244"/>
</iter>
<status status="PASS" starttime="20230605 18:56:05.018" endtime="20230605 18:56:06.244"/>
</for>
<if>
<branch type="IF" condition="${count_kas_asal} == ${1}">
<kw name="Get Text" library="Selenium2Library">
<var>${textFinalKasAsal}</var>
<arg>xpath://*[@id="select2-results-1"]/li/div</arg>
<doc>Returns the text value of the element identified by ``locator``.</doc>
<status status="NOT RUN" starttime="20230605 18:56:06.246" endtime="20230605 18:56:06.246"/>
</kw>
<status status="NOT RUN" starttime="20230605 18:56:06.244" endtime="20230605 18:56:06.246"/>
</branch>
<branch type="ELSE">
<kw name="Get Text" library="Selenium2Library">
<var>${textFinalKasAsal}</var>
<arg>xpath://*[@id="select2-results-1"]/li[${scroll_kas_asal}]/div</arg>
<doc>Returns the text value of the element identified by ``locator``.</doc>
<msg timestamp="20230605 18:56:06.321" level="INFO">${textFinalKasAsal} = IDR - Kas Sales Tulangan</msg>
<status status="PASS" starttime="20230605 18:56:06.247" endtime="20230605 18:56:06.321"/>
</kw>
<status status="PASS" starttime="20230605 18:56:06.246" endtime="20230605 18:56:06.321"/>
</branch>
<status status="PASS" starttime="20230605 18:56:06.244" endtime="20230605 18:56:06.321"/>
</if>
<kw name="Should Be Equal As Strings" library="BuiltIn">
<arg>'${textFinalKasAsal}'</arg>
<arg>'${kasAsal}'</arg>
<doc>Fails if objects are unequal after converting them to strings.</doc>
<status status="PASS" starttime="20230605 18:56:06.321" endtime="20230605 18:56:06.323"/>
</kw>
<kw name="Press Keys" library="Selenium2Library">
<arg>xpath://*[@id="s2id_autogen1_search"]</arg>
<arg>ENTER</arg>
<doc>Simulates the user pressing key(s) to an element or on the active browser.</doc>
<msg timestamp="20230605 18:56:06.325" level="INFO">Sending key(s) ('ENTER',) to xpath://*[@id="s2id_autogen1_search"] element.</msg>
<msg timestamp="20230605 18:56:06.690" level="INFO">Pressing special key ENTER to element.</msg>
<msg timestamp="20230605 18:56:06.690" level="INFO">Releasing special key ENTER.</msg>
<status status="PASS" starttime="20230605 18:56:06.323" endtime="20230605 18:56:06.840"/>
</kw>
<kw name="Sleep" library="BuiltIn">
<arg>1s</arg>
<doc>Pauses the test executed for the given time.</doc>
<msg timestamp="20230605 18:56:07.854" level="INFO">Slept 1 second</msg>
<status status="PASS" starttime="20230605 18:56:06.841" endtime="20230605 18:56:07.854"/>
</kw>
<kw name="Click Element" library="Selenium2Library">
<arg>xpath://*[@id="s2id_kas_tujuan"]/a</arg>
<doc>Click the element identified by ``locator``.</doc>
<msg timestamp="20230605 18:56:07.856" level="INFO">Clicking element 'xpath://*[@id="s2id_kas_tujuan"]/a'.</msg>
<status status="PASS" starttime="20230605 18:56:07.854" endtime="20230605 18:56:08.518"/>
</kw>
<kw name="Input Text" library="Selenium2Library">
<arg>xpath://*[@id="s2id_autogen2_search"]</arg>
<arg>${kasTujuanKeywoard}[0:10]</arg>
<doc>Types the given ``text`` into the text field identified by ``locator``.</doc>
<msg timestamp="20230605 18:56:08.520" level="INFO">Typing text 'setoran' into text field 'xpath://*[@id="s2id_autogen2_search"]'.</msg>
<status status="PASS" starttime="20230605 18:56:08.519" endtime="20230605 18:56:09.104"/>
</kw>
<kw name="Set Variable" library="BuiltIn">
<var>${scroll_kas_tujuan}</var>
<arg>${1}</arg>
<doc>Returns the given values which can then be assigned to a variables.</doc>
<msg timestamp="20230605 18:56:09.108" level="INFO">${scroll_kas_tujuan} = 1</msg>
<status status="PASS" starttime="20230605 18:56:09.105" endtime="20230605 18:56:09.108"/>
</kw>
<kw name="Get Element Count" library="Selenium2Library">
<var>${count_kas_tujuan}</var>
<arg>xpath://*[@id="select2-results-2"]/li</arg>
<doc>Returns the number of elements matching ``locator``.</doc>
<msg timestamp="20230605 18:56:09.150" level="INFO">${count_kas_tujuan} = 1</msg>
<status status="PASS" starttime="20230605 18:56:09.108" endtime="20230605 18:56:09.150"/>
</kw>
<for flavor="IN RANGE">
<var>${index}</var>
<value>1</value>
<value>${count_kas_tujuan}</value>
<iter>
<var name="${index}"/>
<kw name="Get Text" library="Selenium2Library">
<var>${textKasTujuan}</var>
<arg>xpath://*[@id="select2-results-2"]/li[${index}]/div</arg>
<doc>Returns the text value of the element identified by ``locator``.</doc>
<status status="NOT RUN" starttime="20230605 18:56:09.176" endtime="20230605 18:56:09.177"/>
</kw>
<if>
<branch type="IF" condition="'${textKasTujuan}' == '${kasTujuan}'">
<break>
<status status="NOT RUN" starttime="20230605 18:56:09.190" endtime="20230605 18:56:09.190"/>
</break>
<status status="NOT RUN" starttime="20230605 18:56:09.189" endtime="20230605 18:56:09.204"/>
</branch>
<status status="NOT RUN" starttime="20230605 18:56:09.189" endtime="20230605 18:56:09.204"/>
</if>
<kw name="Set Variable" library="BuiltIn">
<var>${scroll_kas_tujuan}</var>
<arg>${scroll_kas_tujuan + 1}</arg>
<doc>Returns the given values which can then be assigned to a variables.</doc>
<status status="NOT RUN" starttime="20230605 18:56:09.204" endtime="20230605 18:56:09.205"/>
</kw>
<kw name="Press Key" library="Selenium2Library">
<arg>xpath://*[@id="s2id_autogen2_search"]</arg>
<arg>\ue015</arg>
<doc>*DEPRECATED in Selenium2Library 4.0.* use `Press Keys` instead.</doc>
<msg timestamp="20230605 18:56:09.205" level="WARN">Keyword 'Selenium2Library.Press Key' is deprecated. use `Press Keys` instead.</msg>
<status status="NOT RUN" starttime="20230605 18:56:09.205" endtime="20230605 18:56:09.210"/>
</kw>
<kw name="Sleep" library="BuiltIn">
<arg>1s</arg>
<doc>Pauses the test executed for the given time.</doc>
<status status="NOT RUN" starttime="20230605 18:56:09.210" endtime="20230605 18:56:09.210"/>
</kw>
<status status="NOT RUN" starttime="20230605 18:56:09.176" endtime="20230605 18:56:09.210"/>
</iter>
<status status="NOT RUN" starttime="20230605 18:56:09.150" endtime="20230605 18:56:09.211"/>
</for>
<if>
<branch type="IF" condition="${count_kas_tujuan} == ${1}">
<kw name="Get Text" library="Selenium2Library">
<var>${textFinalKasTujuan}</var>
<arg>xpath://*[@id="select2-results-2"]/li/div</arg>
<doc>Returns the text value of the element identified by ``locator``.</doc>
<msg timestamp="20230605 18:56:09.314" level="INFO">${textFinalKasTujuan} = IDR - BCA Setoran Sales</msg>
<status status="PASS" starttime="20230605 18:56:09.213" endtime="20230605 18:56:09.314"/>
</kw>
<status status="PASS" starttime="20230605 18:56:09.211" endtime="20230605 18:56:09.315"/>
</branch>
<branch type="ELSE">
<kw name="Get Text" library="Selenium2Library">
<var>${textFinalKasTujuan}</var>
<arg>xpath://*[@id="select2-results-2"]/li[${scroll_kas_tujuan}]/div</arg>
<doc>Returns the text value of the element identified by ``locator``.</doc>
<status status="NOT RUN" starttime="20230605 18:56:09.316" endtime="20230605 18:56:09.316"/>
</kw>
<status status="NOT RUN" starttime="20230605 18:56:09.315" endtime="20230605 18:56:09.316"/>
</branch>
<status status="PASS" starttime="20230605 18:56:09.211" endtime="20230605 18:56:09.316"/>
</if>
<kw name="Should Be Equal As Strings" library="BuiltIn">
<arg>'${textFinalKasTujuan}'</arg>
<arg>'${kasTujuan}'</arg>
<doc>Fails if objects are unequal after converting them to strings.</doc>
<status status="PASS" starttime="20230605 18:56:09.316" endtime="20230605 18:56:09.317"/>
</kw>
<kw name="Press Keys" library="Selenium2Library">
<arg>xpath://*[@id="s2id_autogen2_search"]</arg>
<arg>ENTER</arg>
<doc>Simulates the user pressing key(s) to an element or on the active browser.</doc>
<msg timestamp="20230605 18:56:09.318" level="INFO">Sending key(s) ('ENTER',) to xpath://*[@id="s2id_autogen2_search"] element.</msg>
<msg timestamp="20230605 18:56:09.626" level="INFO">Pressing special key ENTER to element.</msg>
<msg timestamp="20230605 18:56:09.627" level="INFO">Releasing special key ENTER.</msg>
<status status="PASS" starttime="20230605 18:56:09.317" endtime="20230605 18:56:09.725"/>
</kw>
<kw name="Sleep" library="BuiltIn">
<arg>1s</arg>
<doc>Pauses the test executed for the given time.</doc>
<msg timestamp="20230605 18:56:10.750" level="INFO">Slept 1 second</msg>
<status status="PASS" starttime="20230605 18:56:09.725" endtime="20230605 18:56:10.752"/>
</kw>
<kw name="Press Keys" library="Selenium2Library">
<arg>xpath://*[@id="amount1"]</arg>
<arg>CTRL+a+BACKSPACE</arg>
<doc>Simulates the user pressing key(s) to an element or on the active browser.</doc>
<msg timestamp="20230605 18:56:10.778" level="INFO">Sending key(s) ('CTRL+a+BACKSPACE',) to xpath://*[@id="amount1"] element.</msg>
<msg timestamp="20230605 18:56:11.309" level="INFO">Pressing special key CONTROL down.</msg>
<msg timestamp="20230605 18:56:11.309" level="INFO">Sending key a</msg>
<msg timestamp="20230605 18:56:11.309" level="INFO">Pressing special key BACKSPACE down.</msg>
<msg timestamp="20230605 18:56:11.309" level="INFO">Releasing special key CONTROL.</msg>
<msg timestamp="20230605 18:56:11.309" level="INFO">Releasing special key BACKSPACE.</msg>
<status status="PASS" starttime="20230605 18:56:10.755" endtime="20230605 18:56:11.576"/>
</kw>
<kw name="Input Text" library="Selenium2Library">
<arg>xpath://*[@id="amount1"]</arg>
<arg>${total}[0:10]</arg>
<doc>Types the given ``text`` into the text field identified by ``locator``.</doc>
<msg timestamp="20230605 18:56:11.578" level="INFO">Typing text '2300000' into text field 'xpath://*[@id="amount1"]'.</msg>
<status status="PASS" starttime="20230605 18:56:11.576" endtime="20230605 18:56:11.888"/>
</kw>
<kw name="Press Keys" library="Selenium2Library">
<arg>xpath://*[@id="amount1"]</arg>
<arg>ENTER</arg>
<doc>Simulates the user pressing key(s) to an element or on the active browser.</doc>
<msg timestamp="20230605 18:56:11.890" level="INFO">Sending key(s) ('ENTER',) to xpath://*[@id="amount1"] element.</msg>
<msg timestamp="20230605 18:56:12.336" level="INFO">Pressing special key ENTER to element.</msg>
<msg timestamp="20230605 18:56:12.336" level="INFO">Releasing special key ENTER.</msg>
<status status="PASS" starttime="20230605 18:56:11.888" endtime="20230605 18:56:12.391"/>
</kw>
<kw name="Sleep" library="BuiltIn">
<arg>1s</arg>
<doc>Pauses the test executed for the given time.</doc>
<msg timestamp="20230605 18:56:13.408" level="INFO">Slept 1 second</msg>
<status status="PASS" starttime="20230605 18:56:12.391" endtime="20230605 18:56:13.408"/>
</kw>
<kw name="Input Text" library="Selenium2Library">
<arg>xpath://*[@id="cstr-note"]</arg>
<arg>${keterangan}</arg>
<doc>Types the given ``text`` into the text field identified by ``locator``.</doc>
<msg timestamp="20230605 18:56:13.410" level="INFO">Typing text 'SWITCHING CR TANGGAL :30/04 TRANSFER   DR 536  YANTI SUSILOWATI KPO BCA SYA   01/5/2023 2300000' into text field 'xpath://*[@id="cstr-note"]'.</msg>
<status status="PASS" starttime="20230605 18:56:13.408" endtime="20230605 18:56:14.179"/>
</kw>
<kw name="Execute Javascript" library="Selenium2Library">
<arg>window.scrollTo(0,document.body.scrollHeight)</arg>
<doc>Executes the given JavaScript code with possible arguments.</doc>
<msg timestamp="20230605 18:56:14.182" level="INFO">Executing JavaScript:
window.scrollTo(0,document.body.scrollHeight)
Without any arguments.</msg>
<status status="PASS" starttime="20230605 18:56:14.179" endtime="20230605 18:56:14.200"/>
</kw>
<kw name="Click Element" library="Selenium2Library">
<arg>xpath://*[@id="s2id_branch_id"]/a</arg>
<doc>Click the element identified by ``locator``.</doc>
<msg timestamp="20230605 18:56:14.201" level="INFO">Clicking element 'xpath://*[@id="s2id_branch_id"]/a'.</msg>
<status status="PASS" starttime="20230605 18:56:14.200" endtime="20230605 18:56:14.426"/>
</kw>
<kw name="Press Keys" library="Selenium2Library">
<arg>xpath://*[@id="s2id_autogen3_search"]</arg>
<arg>CTRL+a+BACKSPACE</arg>
<doc>Simulates the user pressing key(s) to an element or on the active browser.</doc>
<msg timestamp="20230605 18:56:14.428" level="INFO">Sending key(s) ('CTRL+a+BACKSPACE',) to xpath://*[@id="s2id_autogen3_search"] element.</msg>
<msg timestamp="20230605 18:56:14.780" level="INFO">Pressing special key CONTROL down.</msg>
<msg timestamp="20230605 18:56:14.780" level="INFO">Sending key a</msg>
<msg timestamp="20230605 18:56:14.780" level="INFO">Pressing special key BACKSPACE down.</msg>
<msg timestamp="20230605 18:56:14.781" level="INFO">Releasing special key CONTROL.</msg>
<msg timestamp="20230605 18:56:14.781" level="INFO">Releasing special key BACKSPACE.</msg>
<status status="PASS" starttime="20230605 18:56:14.427" endtime="20230605 18:56:14.886"/>
</kw>
<kw name="Input Text" library="Selenium2Library">
<arg>xpath://*[@id="s2id_autogen3_search"]</arg>
<arg>${cabangKeywoard}[0:10]</arg>
<doc>Types the given ``text`` into the text field identified by ``locator``.</doc>
<msg timestamp="20230605 18:56:14.888" level="INFO">Typing text 'tulangan' into text field 'xpath://*[@id="s2id_autogen3_search"]'.</msg>
<status status="PASS" starttime="20230605 18:56:14.886" endtime="20230605 18:56:15.950"/>
</kw>
<kw name="Set Variable" library="BuiltIn">
<var>${scroll_cabang}</var>
<arg>${1}</arg>
<doc>Returns the given values which can then be assigned to a variables.</doc>
<msg timestamp="20230605 18:56:15.952" level="INFO">${scroll_cabang} = 1</msg>
<status status="PASS" starttime="20230605 18:56:15.950" endtime="20230605 18:56:15.952"/>
</kw>
<kw name="Get Element Count" library="Selenium2Library">
<var>${count_cabang}</var>
<arg>xpath://*[@id="select2-results-3"]/li</arg>
<doc>Returns the number of elements matching ``locator``.</doc>
<msg timestamp="20230605 18:56:16.095" level="INFO">${count_cabang} = 1</msg>
<status status="PASS" starttime="20230605 18:56:15.953" endtime="20230605 18:56:16.095"/>
</kw>
<for flavor="IN RANGE">
<var>${index}</var>
<value>1</value>
<value>${count_cabang}</value>
<iter>
<var name="${index}"/>
<kw name="Get Text" library="Selenium2Library">
<var>${textCabang}</var>
<arg>xpath://*[@id="select2-results-3"]/li[${index}]/div</arg>
<doc>Returns the text value of the element identified by ``locator``.</doc>
<status status="NOT RUN" starttime="20230605 18:56:16.098" endtime="20230605 18:56:16.098"/>
</kw>
<if>
<branch type="IF" condition="'${textCabang}' == '${cabang}'">
<break>
<status status="NOT RUN" starttime="20230605 18:56:16.099" endtime="20230605 18:56:16.099"/>
</break>
<status status="NOT RUN" starttime="20230605 18:56:16.099" endtime="20230605 18:56:16.099"/>
</branch>
<status status="NOT RUN" starttime="20230605 18:56:16.099" endtime="20230605 18:56:16.099"/>
</if>
<kw name="Set Variable" library="BuiltIn">
<var>${scroll_cabang}</var>
<arg>${scroll_cabang + 1}</arg>
<doc>Returns the given values which can then be assigned to a variables.</doc>
<status status="NOT RUN" starttime="20230605 18:56:16.100" endtime="20230605 18:56:16.100"/>
</kw>
<kw name="Press Key" library="Selenium2Library">
<arg>xpath://*[@id="s2id_autogen3_search"]</arg>
<arg>\ue015</arg>
<doc>*DEPRECATED in Selenium2Library 4.0.* use `Press Keys` instead.</doc>
<msg timestamp="20230605 18:56:16.101" level="WARN">Keyword 'Selenium2Library.Press Key' is deprecated. use `Press Keys` instead.</msg>
<status status="NOT RUN" starttime="20230605 18:56:16.101" endtime="20230605 18:56:16.104"/>
</kw>
<kw name="Sleep" library="BuiltIn">
<arg>1s</arg>
<doc>Pauses the test executed for the given time.</doc>
<status status="NOT RUN" starttime="20230605 18:56:16.104" endtime="20230605 18:56:16.105"/>
</kw>
<status status="NOT RUN" starttime="20230605 18:56:16.097" endtime="20230605 18:56:16.105"/>
</iter>
<status status="NOT RUN" starttime="20230605 18:56:16.096" endtime="20230605 18:56:16.105"/>
</for>
<if>
<branch type="IF" condition="${count_cabang} == ${1}">
<kw name="Get Text" library="Selenium2Library">
<var>${textFinalCabang}</var>
<arg>xpath://*[@id="select2-results-3"]/li/div</arg>
<doc>Returns the text value of the element identified by ``locator``.</doc>
<msg timestamp="20230605 18:56:16.677" level="INFO">${textFinalCabang} = Tulangan</msg>
<status status="PASS" starttime="20230605 18:56:16.107" endtime="20230605 18:56:16.677"/>
</kw>
<status status="PASS" starttime="20230605 18:56:16.105" endtime="20230605 18:56:16.677"/>
</branch>
<branch type="ELSE">
<kw name="Get Text" library="Selenium2Library">
<var>${textFinalCabang}</var>
<arg>xpath://*[@id="select2-results-3"]/li[${scroll_cabang}]/div</arg>
<doc>Returns the text value of the element identified by ``locator``.</doc>
<status status="NOT RUN" starttime="20230605 18:56:16.678" endtime="20230605 18:56:16.678"/>
</kw>
<status status="NOT RUN" starttime="20230605 18:56:16.677" endtime="20230605 18:56:16.678"/>
</branch>
<status status="PASS" starttime="20230605 18:56:16.105" endtime="20230605 18:56:16.678"/>
</if>
<kw name="Should Be Equal As Strings" library="BuiltIn">
<arg>'${textFinalCabang}'</arg>
<arg>'${cabang}'</arg>
<doc>Fails if objects are unequal after converting them to strings.</doc>
<status status="PASS" starttime="20230605 18:56:16.678" endtime="20230605 18:56:16.680"/>
</kw>
<kw name="Press Keys" library="Selenium2Library">
<arg>xpath://*[@id="s2id_autogen3_search"]</arg>
<arg>ENTER</arg>
<doc>Simulates the user pressing key(s) to an element or on the active browser.</doc>
<msg timestamp="20230605 18:56:16.683" level="INFO">Sending key(s) ('ENTER',) to xpath://*[@id="s2id_autogen3_search"] element.</msg>
<msg timestamp="20230605 18:56:17.407" level="INFO">Pressing special key ENTER to element.</msg>
<msg timestamp="20230605 18:56:17.407" level="INFO">Releasing special key ENTER.</msg>
<status status="PASS" starttime="20230605 18:56:16.680" endtime="20230605 18:56:17.712"/>
</kw>
<kw name="Sleep" library="BuiltIn">
<arg>1s</arg>
<doc>Pauses the test executed for the given time.</doc>
<msg timestamp="20230605 18:56:18.720" level="INFO">Slept 1 second</msg>
<status status="PASS" starttime="20230605 18:56:17.713" endtime="20230605 18:56:18.720"/>
</kw>
<kw name="Click Element" library="Selenium2Library">
<arg>xpath://*[@id="frmCstr"]/div/div[2]/div[2]/div[2]/div/button</arg>
<doc>Click the element identified by ``locator``.</doc>
<msg timestamp="20230605 18:56:18.722" level="INFO">Clicking element 'xpath://*[@id="frmCstr"]/div/div[2]/div[2]/div[2]/div/button'.</msg>
<status status="PASS" starttime="20230605 18:56:18.721" endtime="20230605 18:56:19.108"/>
</kw>
<kw name="Sleep" library="BuiltIn">
<arg>8s</arg>
<doc>Pauses the test executed for the given time.</doc>
<msg timestamp="20230605 18:56:27.136" level="INFO">Slept 8 seconds</msg>
<status status="PASS" starttime="20230605 18:56:19.109" endtime="20230605 18:56:27.138"/>
</kw>
<kw name="Click Element" library="Selenium2Library">
<arg>xpath://*[@id="new_button"]</arg>
<doc>Click the element identified by ``locator``.</doc>
<msg timestamp="20230605 18:56:27.147" level="INFO">Clicking element 'xpath://*[@id="new_button"]'.</msg>
<status status="PASS" starttime="20230605 18:56:27.142" endtime="20230605 18:56:31.843"/>
</kw>
<kw name="Create Session" library="RequestsLibrary">
<arg>myssion2</arg>
<arg>${base_url}</arg>
<doc>Create Session: create a HTTP session to a server</doc>
<msg timestamp="20230605 18:56:31.844" level="INFO">Creating Session using : alias=myssion2, url=http://localhost:8000, headers={},                     cookies={}, auth=None, timeout=None, proxies=None, verify=False,                     debug=0 </msg>
<status status="PASS" starttime="20230605 18:56:31.843" endtime="20230605 18:56:31.849"/>
</kw>
<kw name="Get Request" library="RequestsLibrary">
<var>${response2}</var>
<arg>myssion2</arg>
<arg>/robot/api/mutasi1003/setoran/done/${idRobotMutasi1003}</arg>
<doc>*DEPRECATED* Please use `GET On Session` instead.</doc>
<msg timestamp="20230605 18:56:31.850" level="WARN">Keyword 'RequestsLibrary.Get Request' is deprecated. Please use `GET On Session` instead.</msg>
<msg timestamp="20230605 18:56:37.060" level="INFO">GET Request : url=http://localhost:8000/robot/api/mutasi1003/setoran/done/5 
 path_url=/robot/api/mutasi1003/setoran/done/5 
 headers={'User-Agent': 'python-requests/2.25.1', 'Accept-Encoding': 'gzip, deflate', 'Accept': '*/*', 'Connection': 'keep-alive'} 
 body=None 
 </msg>
<msg timestamp="20230605 18:56:37.061" level="INFO">GET Response : url=http://localhost:8000/robot/api/mutasi1003/setoran/done/5 
 status=200, reason=OK 
 headers={'Host': 'localhost:8000', 'Date': 'Mon, 05 Jun 2023 11:56:37 GMT, Mon, 05 Jun 2023 11:56:36 GMT', 'Connection': 'close', 'X-Powered-By': 'PHP/8.0.11', 'Content-Type': 'text/html; charset=UTF-8', 'Cache-Control': 'no-cache, private', 'X-Clockwork-Id': '1685966196-0108-2114043008', 'X-Clockwork-Version': '5.1.12', 'Server-Timing': 'app; dur=2602.2930145264; desc="Application", db; dur=94.8; desc="Database", timeline-event-0; dur=396.18897438049; desc="Controller"', 'Set-Cookie': 'XSRF-TOKEN=eyJpdiI6IlYybFVhZHNmSG1kcFlkdHp3ZXJ1c2c9PSIsInZhbHVlIjoibTZFdXpQd2xsQXdBem5LNHMrcXV5K2RhL1pYa2ROMDI5TGpuL0FhVW1LYlh5R0xRajJkcHhUL2x5YUFjdXY5TzFsNUhkcFdYdjIyK1JjQ09nYU43Tzg2MW84K1ZsUTZqNkxZVTZyR3RSOThvUnZHcVR6N0Vza2ZZUDdiY210QmYiLCJtYWMiOiI2YTliYTI0OGNiN2M2YTJkNTk0Y2IwODExMTgzM2U4ZTkyZTYxOTk3ODY4YmMwN2VkMzM3ZjJmYjUyMTY1ZjU3IiwidGFnIjoiIn0%3D; expires=Mon, 05-Jun-2023 13:56:36 GMT; Max-Age=7199; path=/; samesite=lax, laravel_session=eyJpdiI6IlB1MmgyU0lIYjZKMUZWWHBWVHVmUXc9PSIsInZhbHVlIjoiWjJsUXFxb1ZUMnpFdFQxY2Jyekt4RDVBOEtVaGtLcmh5aHFmZ2VLNXA1UkpaUGpTUWZsOEovVk5ZblBJSWtBMUlIS2pxUVdVUjg5VU5CNHBoc21rZG9laUVXaXhIUlp3NXZCZ2RGOGE5Ym1TaHJCblBzZUhxVEJqdm1oS0lhUi8iLCJtYWMiOiJhMmM2YzRjYTE1NTYyOTlhMzAwZTJhOGFjZGI0ODU5ZWM4MjZmYTUzMmNmMDNiMWIxZmU5NWU5YzVhM2FjMTE2IiwidGFnIjoiIn0%3D; expires=Mon, 05-Jun-2023 13:56:36 GMT; Max-Age=7199; path=/; httponly; samesite=lax, x-clockwork=%7B%22requestId%22%3A%221685966196-0108-2114043008%22%2C%22version%22%3A%225.1.12%22%2C%22path%22%3A%22%5C%2F__clockwork%5C%2F%22%2C%22webPath%22%3A%22%5C%2Fclockwork%5C%2Fapp%22%2C%22token%22%3A%227e947ff7%22%2C%22metrics%22%3Atrue%2C%22toolbar%22%3Atrue%7D; expires=Mon, 05-Jun-2023 11:57:37 GMT; Max-Age=60; path=/; samesite=lax'} 
 body=None 
 </msg>
<msg timestamp="20230605 18:56:37.061" level="INFO">${response2} = &lt;Response [200]&gt;</msg>
<status status="PASS" starttime="20230605 18:56:31.850" endtime="20230605 18:56:37.062"/>
</kw>
<kw name="Convert To String" library="BuiltIn">
<var>${status_code2}</var>
<arg>${response2.status_code}</arg>
<doc>Converts the given item to a Unicode string.</doc>
<msg timestamp="20230605 18:56:37.065" level="INFO">${status_code2} = 200</msg>
<status status="PASS" starttime="20230605 18:56:37.062" endtime="20230605 18:56:37.066"/>
</kw>
<kw name="Should Be Equal" library="BuiltIn">
<arg>${status_code2}</arg>
<arg>200</arg>
<doc>Fails if the given objects are unequal.</doc>
<status status="PASS" starttime="20230605 18:56:37.066" endtime="20230605 18:56:37.067"/>
</kw>
<kw name="Sleep" library="BuiltIn">
<arg>3s</arg>
<doc>Pauses the test executed for the given time.</doc>
<msg timestamp="20230605 18:56:40.068" level="INFO">Slept 3 seconds</msg>
<status status="PASS" starttime="20230605 18:56:37.067" endtime="20230605 18:56:40.068"/>
</kw>
<status status="PASS" starttime="20230605 18:55:46.202" endtime="20230605 18:56:40.069"/>
</iter>
<iter>
<var name="${infinityLoop}">1</var>
<kw name="Create Session" library="RequestsLibrary">
<arg>myssion</arg>
<arg>${base_url}</arg>
<doc>Create Session: create a HTTP session to a server</doc>
<msg timestamp="20230605 18:56:40.086" level="INFO">Creating Session using : alias=myssion, url=http://localhost:8000, headers={},                     cookies={}, auth=None, timeout=None, proxies=None, verify=False,                     debug=0 </msg>
<status status="PASS" starttime="20230605 18:56:40.086" endtime="20230605 18:56:40.087"/>
</kw>
<kw name="Get Request" library="RequestsLibrary">
<var>${response}</var>
<arg>myssion</arg>
<arg>${child_url}</arg>
<doc>*DEPRECATED* Please use `GET On Session` instead.</doc>
<msg timestamp="20230605 18:56:40.100" level="WARN">Keyword 'RequestsLibrary.Get Request' is deprecated. Please use `GET On Session` instead.</msg>
<msg timestamp="20230605 18:56:42.766" level="INFO">GET Request : url=http://localhost:8000/robot/api/mutasi1003/setoran/show 
 path_url=/robot/api/mutasi1003/setoran/show 
 headers={'User-Agent': 'python-requests/2.25.1', 'Accept-Encoding': 'gzip, deflate', 'Accept': '*/*', 'Connection': 'keep-alive'} 
 body=None 
 </msg>
<msg timestamp="20230605 18:56:42.769" level="INFO">GET Response : url=http://localhost:8000/robot/api/mutasi1003/setoran/show 
 status=200, reason=OK 
 headers={'Host': 'localhost:8000', 'Date': 'Mon, 05 Jun 2023 11:56:42 GMT, Mon, 05 Jun 2023 11:56:42 GMT', 'Connection': 'close', 'X-Powered-By': 'PHP/8.0.11', 'Cache-Control': 'no-cache, private', 'Content-Type': 'application/json', 'X-Clockwork-Id': '1685966202-5080-1266991354', 'X-Clockwork-Version': '5.1.12', 'Server-Timing': 'app; dur=454.34999465942; desc="Application", db; dur=14.39; desc="Database", timeline-event-0; dur=122.54786491394; desc="Controller"', 'Set-Cookie': 'XSRF-TOKEN=eyJpdiI6InVrd0RMaWlvdnVZbytCaUE3UFk1dFE9PSIsInZhbHVlIjoiUkFVbDFVbzhKOFd6dnB4NUtwaWFqTVArUERDSkFrcThkdlFuSUp3MUkzSnhFRWsvS0pzNGl5WVlpQUd0QVR1cUthSGZmUit4WUdIN1pFcVpPclltN2FtWWVLNStQb0ZHMlVlVnNRd2txQlN5U0wyOXRGdmt6bmxSL2J0UkpBZjIiLCJtYWMiOiJlNTQ4NWVkZjYxMTY3NTVlZTYxZjY4YWI4YjVhOTUxNWIxMzc5NzJiZDg5ZDkyYTQwYmMxYTk1YWZjMGMyOWQ0IiwidGFnIjoiIn0%3D; expires=Mon, 05-Jun-2023 13:56:42 GMT; Max-Age=7200; path=/; samesite=lax, laravel_session=eyJpdiI6IjNpY1Z0NTh4NTlYZVhtQWF4amI2ekE9PSIsInZhbHVlIjoieTRndmhzOVZQRDdsTjVORTd6TkFCb3R6RWc3OGtqK0lnamJmbm9ET25uTEtBQVc0UnhudzZmRlRCOXVqNWNHaWoxNllrUWsvWXdnZFFDK21kd1JMWWFSYitqZldaWmcwZm83RTVYei90K0RwRDArMmg1L2o4blFVK3FGM2lLWm4iLCJtYWMiOiI4YjMyOWUyMzFjYzVhODdjM2MwYmE4NjJlMmIwODhlMjRmZWNmMmZmMjcyMDA1Mjk3NWYwNGM1MjgwYWIwMDE5IiwidGFnIjoiIn0%3D; expires=Mon, 05-Jun-2023 13:56:42 GMT; Max-Age=7200; path=/; httponly; samesite=lax'} 
 body={"idRobotMutasi1003":6,"Tanggal":"01-05-2023","kasAsalKeywoard":"sekardangan","kasAsal":"IDR - Kas Sales Sekardangan","kasTujuanKeywoard":"setoran","kasTujuan":"IDR - BCA Setoran Sales","keterangan":"TRSF E-BANKING CR 0105\/FTSCY\/WS95031 548300.00  Sekardangan 30 Apr il 23  ALVINA SYLVIA ANGG  01\/5\/2023 548300","total":548300,"cabangKeywoard":"sekardangan","cabang":"Sekardangan"} 
 </msg>
<msg timestamp="20230605 18:56:42.771" level="INFO">${response} = &lt;Response [200]&gt;</msg>
<status status="PASS" starttime="20230605 18:56:40.087" endtime="20230605 18:56:42.771"/>
</kw>
<kw name="Convert To String" library="BuiltIn">
<var>${status_code}</var>
<arg>${response.status_code}</arg>
<doc>Converts the given item to a Unicode string.</doc>
<msg timestamp="20230605 18:56:42.774" level="INFO">${status_code} = 200</msg>
<status status="PASS" starttime="20230605 18:56:42.772" endtime="20230605 18:56:42.774"/>
</kw>
<kw name="Should Be Equal" library="BuiltIn">
<arg>${status_code}</arg>
<arg>200</arg>
<doc>Fails if the given objects are unequal.</doc>
<status status="PASS" starttime="20230605 18:56:42.774" endtime="20230605 18:56:42.775"/>
</kw>
<kw name="Get From Dictionary" library="Collections">
<var>${contentType}</var>
<arg>${response.headers}</arg>
<arg>Content-Type</arg>
<doc>Returns a value from the given ``dictionary`` based on the given ``key``.</doc>
<msg timestamp="20230605 18:56:42.780" level="INFO">${contentType} = application/json</msg>
<status status="PASS" starttime="20230605 18:56:42.776" endtime="20230605 18:56:42.780"/>
</kw>
<kw name="Should Contain" library="BuiltIn">
<arg>${contentType}</arg>
<arg>application/json</arg>
<doc>Fails if ``container`` does not contain ``item`` one or more times.</doc>
<status status="PASS" starttime="20230605 18:56:42.781" endtime="20230605 18:56:42.781"/>
</kw>
<kw name="Convert To String" library="BuiltIn">
<var>${contentString}</var>
<arg>${response.content}</arg>
<doc>Converts the given item to a Unicode string.</doc>
<msg timestamp="20230605 18:56:42.783" level="INFO">${contentString} = {"idRobotMutasi1003":6,"Tanggal":"01-05-2023","kasAsalKeywoard":"sekardangan","kasAsal":"IDR - Kas Sales Sekardangan","kasTujuanKeywoard":"setoran","kasTujuan":"IDR - BCA Setoran Sales","keterangan":"...</msg>
<status status="PASS" starttime="20230605 18:56:42.782" endtime="20230605 18:56:42.783"/>
</kw>
<kw name="Evaluate" library="BuiltIn">
<var>${contentData}</var>
<arg>json.loads($contentString)</arg>
<arg>json</arg>
<doc>Evaluates the given expression in Python and returns the result.</doc>
<msg timestamp="20230605 18:56:42.791" level="INFO">${contentData} = {'idRobotMutasi1003': 6, 'Tanggal': '01-05-2023', 'kasAsalKeywoard': 'sekardangan', 'kasAsal': 'IDR - Kas Sales Sekardangan', 'kasTujuanKeywoard': 'setoran', 'kasTujuan': 'IDR - BCA Setoran Sales', 'k...</msg>
<status status="PASS" starttime="20230605 18:56:42.783" endtime="20230605 18:56:42.791"/>
</kw>
<kw name="Convert To String" library="BuiltIn">
<var>${Tanggal}</var>
<arg>${contentData['Tanggal']}</arg>
<doc>Converts the given item to a Unicode string.</doc>
<msg timestamp="20230605 18:56:42.793" level="INFO">${Tanggal} = 01-05-2023</msg>
<status status="PASS" starttime="20230605 18:56:42.791" endtime="20230605 18:56:42.793"/>
</kw>
<kw name="Convert To String" library="BuiltIn">
<var>${idRobotMutasi1003}</var>
<arg>${contentData['idRobotMutasi1003']}</arg>
<doc>Converts the given item to a Unicode string.</doc>
<msg timestamp="20230605 18:56:42.795" level="INFO">${idRobotMutasi1003} = 6</msg>
<status status="PASS" starttime="20230605 18:56:42.793" endtime="20230605 18:56:42.795"/>
</kw>
<kw name="Convert To String" library="BuiltIn">
<var>${kasAsalKeywoard}</var>
<arg>${contentData['kasAsalKeywoard']}</arg>
<doc>Converts the given item to a Unicode string.</doc>
<msg timestamp="20230605 18:56:42.797" level="INFO">${kasAsalKeywoard} = sekardangan</msg>
<status status="PASS" starttime="20230605 18:56:42.795" endtime="20230605 18:56:42.797"/>
</kw>
<kw name="Convert To String" library="BuiltIn">
<var>${kasAsal}</var>
<arg>${contentData['kasAsal']}</arg>
<doc>Converts the given item to a Unicode string.</doc>
<msg timestamp="20230605 18:56:42.800" level="INFO">${kasAsal} = IDR - Kas Sales Sekardangan</msg>
<status status="PASS" starttime="20230605 18:56:42.798" endtime="20230605 18:56:42.800"/>
</kw>
<kw name="Convert To String" library="BuiltIn">
<var>${kasTujuanKeywoard}</var>
<arg>${contentData['kasTujuanKeywoard']}</arg>
<doc>Converts the given item to a Unicode string.</doc>
<msg timestamp="20230605 18:56:42.802" level="INFO">${kasTujuanKeywoard} = setoran</msg>
<status status="PASS" starttime="20230605 18:56:42.800" endtime="20230605 18:56:42.802"/>
</kw>
<kw name="Convert To String" library="BuiltIn">
<var>${kasTujuan}</var>
<arg>${contentData['kasTujuan']}</arg>
<doc>Converts the given item to a Unicode string.</doc>
<msg timestamp="20230605 18:56:42.803" level="INFO">${kasTujuan} = IDR - BCA Setoran Sales</msg>
<status status="PASS" starttime="20230605 18:56:42.802" endtime="20230605 18:56:42.803"/>
</kw>
<kw name="Convert To String" library="BuiltIn">
<var>${keterangan}</var>
<arg>${contentData['keterangan']}</arg>
<doc>Converts the given item to a Unicode string.</doc>
<msg timestamp="20230605 18:56:42.804" level="INFO">${keterangan} = TRSF E-BANKING CR 0105/FTSCY/WS95031 548300.00  Sekardangan 30 Apr il 23  ALVINA SYLVIA ANGG  01/5/2023 548300</msg>
<status status="PASS" starttime="20230605 18:56:42.803" endtime="20230605 18:56:42.804"/>
</kw>
<kw name="Convert To String" library="BuiltIn">
<var>${total}</var>
<arg>${contentData['total']}</arg>
<doc>Converts the given item to a Unicode string.</doc>
<msg timestamp="20230605 18:56:42.805" level="INFO">${total} = 548300</msg>
<status status="PASS" starttime="20230605 18:56:42.804" endtime="20230605 18:56:42.805"/>
</kw>
<kw name="Convert To String" library="BuiltIn">
<var>${cabangKeywoard}</var>
<arg>${contentData['cabangKeywoard']}</arg>
<doc>Converts the given item to a Unicode string.</doc>
<msg timestamp="20230605 18:56:42.806" level="INFO">${cabangKeywoard} = sekardangan</msg>
<status status="PASS" starttime="20230605 18:56:42.805" endtime="20230605 18:56:42.806"/>
</kw>
<kw name="Convert To String" library="BuiltIn">
<var>${cabang}</var>
<arg>${contentData['cabang']}</arg>
<doc>Converts the given item to a Unicode string.</doc>
<msg timestamp="20230605 18:56:42.808" level="INFO">${cabang} = Sekardangan</msg>
<status status="PASS" starttime="20230605 18:56:42.807" endtime="20230605 18:56:42.808"/>
</kw>
<kw name="Execute Javascript" library="Selenium2Library">
<arg>window.scrollTo(0,0)</arg>
<doc>Executes the given JavaScript code with possible arguments.</doc>
<msg timestamp="20230605 18:56:42.810" level="INFO">Executing JavaScript:
window.scrollTo(0,0)
Without any arguments.</msg>
<status status="PASS" starttime="20230605 18:56:42.808" endtime="20230605 18:56:42.820"/>
</kw>
<kw name="Press Keys" library="Selenium2Library">
<arg>xpath://*[@id="cstr-trxdate"]</arg>
<arg>CTRL+a+BACKSPACE</arg>
<doc>Simulates the user pressing key(s) to an element or on the active browser.</doc>
<msg timestamp="20230605 18:56:42.823" level="INFO">Sending key(s) ('CTRL+a+BACKSPACE',) to xpath://*[@id="cstr-trxdate"] element.</msg>
<msg timestamp="20230605 18:56:43.205" level="INFO">Pressing special key CONTROL down.</msg>
<msg timestamp="20230605 18:56:43.206" level="INFO">Sending key a</msg>
<msg timestamp="20230605 18:56:43.206" level="INFO">Pressing special key BACKSPACE down.</msg>
<msg timestamp="20230605 18:56:43.206" level="INFO">Releasing special key CONTROL.</msg>
<msg timestamp="20230605 18:56:43.206" level="INFO">Releasing special key BACKSPACE.</msg>
<status status="PASS" starttime="20230605 18:56:42.821" endtime="20230605 18:56:43.282"/>
</kw>
<kw name="Input Text" library="Selenium2Library">
<arg>xpath://*[@id="cstr-trxdate"]</arg>
<arg>${Tanggal}[0:10]</arg>
<doc>Types the given ``text`` into the text field identified by ``locator``.</doc>
<msg timestamp="20230605 18:56:43.285" level="INFO">Typing text '01-05-2023' into text field 'xpath://*[@id="cstr-trxdate"]'.</msg>
<status status="PASS" starttime="20230605 18:56:43.283" endtime="20230605 18:56:43.531"/>
</kw>
<kw name="Press Keys" library="Selenium2Library">
<arg>xpath://*[@id="cstr-trxdate"]</arg>
<arg>ENTER</arg>
<doc>Simulates the user pressing key(s) to an element or on the active browser.</doc>
<msg timestamp="20230605 18:56:43.533" level="INFO">Sending key(s) ('ENTER',) to xpath://*[@id="cstr-trxdate"] element.</msg>
<msg timestamp="20230605 18:56:43.874" level="INFO">Pressing special key ENTER to element.</msg>
<msg timestamp="20230605 18:56:43.875" level="INFO">Releasing special key ENTER.</msg>
<status status="PASS" starttime="20230605 18:56:43.531" endtime="20230605 18:56:43.917"/>
</kw>
<kw name="Sleep" library="BuiltIn">
<arg>1s</arg>
<doc>Pauses the test executed for the given time.</doc>
<msg timestamp="20230605 18:56:44.921" level="INFO">Slept 1 second</msg>
<status status="PASS" starttime="20230605 18:56:43.917" endtime="20230605 18:56:44.922"/>
</kw>
<kw name="Click Element" library="Selenium2Library">
<arg>xpath://*[@id="s2id_kas_utama"]/a</arg>
<doc>Click the element identified by ``locator``.</doc>
<msg timestamp="20230605 18:56:44.925" level="INFO">Clicking element 'xpath://*[@id="s2id_kas_utama"]/a'.</msg>
<status status="PASS" starttime="20230605 18:56:44.922" endtime="20230605 18:56:45.431"/>
</kw>
<kw name="Input Text" library="Selenium2Library">
<arg>xpath://*[@id="s2id_autogen1_search"]</arg>
<arg>${kasAsalKeywoard}[0:10]</arg>
<doc>Types the given ``text`` into the text field identified by ``locator``.</doc>
<msg timestamp="20230605 18:56:45.432" level="INFO">Typing text 'sekardanga' into text field 'xpath://*[@id="s2id_autogen1_search"]'.</msg>
<status status="PASS" starttime="20230605 18:56:45.431" endtime="20230605 18:56:45.670"/>
</kw>
<kw name="Set Variable" library="BuiltIn">
<var>${scroll_kas_asal}</var>
<arg>${1}</arg>
<doc>Returns the given values which can then be assigned to a variables.</doc>
<msg timestamp="20230605 18:56:45.672" level="INFO">${scroll_kas_asal} = 1</msg>
<status status="PASS" starttime="20230605 18:56:45.670" endtime="20230605 18:56:45.672"/>
</kw>
<kw name="Get Element Count" library="Selenium2Library">
<var>${count_kas_asal}</var>
<arg>xpath://*[@id="select2-results-1"]/li</arg>
<doc>Returns the number of elements matching ``locator``.</doc>
<msg timestamp="20230605 18:56:45.695" level="INFO">${count_kas_asal} = 3</msg>
<status status="PASS" starttime="20230605 18:56:45.673" endtime="20230605 18:56:45.695"/>
</kw>
<for flavor="IN RANGE">
<var>${index}</var>
<value>1</value>
<value>${count_kas_asal}</value>
<iter>
<var name="${index}">1</var>
<kw name="Get Text" library="Selenium2Library">
<var>${textKasAsal}</var>
<arg>xpath://*[@id="select2-results-1"]/li[${index}]/div</arg>
<doc>Returns the text value of the element identified by ``locator``.</doc>
<msg timestamp="20230605 18:56:45.769" level="INFO">${textKasAsal} = IDR - Kas Kecil Sekardangan</msg>
<status status="PASS" starttime="20230605 18:56:45.708" endtime="20230605 18:56:45.769"/>
</kw>
<if>
<branch type="IF" condition="'${textKasAsal}' == '${kasAsal}'">
<break>
<status status="NOT RUN" starttime="20230605 18:56:45.770" endtime="20230605 18:56:45.770"/>
</break>
<status status="NOT RUN" starttime="20230605 18:56:45.770" endtime="20230605 18:56:45.770"/>
</branch>
<status status="PASS" starttime="20230605 18:56:45.770" endtime="20230605 18:56:45.770"/>
</if>
<kw name="Set Variable" library="BuiltIn">
<var>${scroll_kas_asal}</var>
<arg>${scroll_kas_asal + 1}</arg>
<doc>Returns the given values which can then be assigned to a variables.</doc>
<msg timestamp="20230605 18:56:45.772" level="INFO">${scroll_kas_asal} = 2</msg>
<status status="PASS" starttime="20230605 18:56:45.770" endtime="20230605 18:56:45.772"/>
</kw>
<kw name="Press Key" library="Selenium2Library">
<arg>xpath://*[@id="s2id_autogen1_search"]</arg>
<arg>\ue015</arg>
<doc>*DEPRECATED in Selenium2Library 4.0.* use `Press Keys` instead.</doc>
<msg timestamp="20230605 18:56:45.772" level="WARN">Keyword 'Selenium2Library.Press Key' is deprecated. use `Press Keys` instead.</msg>
<status status="PASS" starttime="20230605 18:56:45.772" endtime="20230605 18:56:45.824"/>
</kw>
<kw name="Sleep" library="BuiltIn">
<arg>1s</arg>
<doc>Pauses the test executed for the given time.</doc>
<msg timestamp="20230605 18:56:46.833" level="INFO">Slept 1 second</msg>
<status status="PASS" starttime="20230605 18:56:45.825" endtime="20230605 18:56:46.835"/>
</kw>
<status status="PASS" starttime="20230605 18:56:45.708" endtime="20230605 18:56:46.836"/>
</iter>
<iter>
<var name="${index}">2</var>
<kw name="Get Text" library="Selenium2Library">
<var>${textKasAsal}</var>
<arg>xpath://*[@id="select2-results-1"]/li[${index}]/div</arg>
<doc>Returns the text value of the element identified by ``locator``.</doc>
<msg timestamp="20230605 18:56:46.913" level="INFO">${textKasAsal} = IDR - Kas Sales Sekardangan</msg>
<status status="PASS" starttime="20230605 18:56:46.837" endtime="20230605 18:56:46.913"/>
</kw>
<if>
<branch type="IF" condition="'${textKasAsal}' == '${kasAsal}'">
<break>
<status status="PASS" starttime="20230605 18:56:46.913" endtime="20230605 18:56:46.914"/>
</break>
<status status="PASS" starttime="20230605 18:56:46.913" endtime="20230605 18:56:46.914"/>
</branch>
<status status="PASS" starttime="20230605 18:56:46.913" endtime="20230605 18:56:46.914"/>
</if>
<kw name="Set Variable" library="BuiltIn">
<var>${scroll_kas_asal}</var>
<arg>${scroll_kas_asal + 1}</arg>
<doc>Returns the given values which can then be assigned to a variables.</doc>
<status status="NOT RUN" starttime="20230605 18:56:46.915" endtime="20230605 18:56:46.915"/>
</kw>
<kw name="Press Key" library="Selenium2Library">
<arg>xpath://*[@id="s2id_autogen1_search"]</arg>
<arg>\ue015</arg>
<doc>*DEPRECATED in Selenium2Library 4.0.* use `Press Keys` instead.</doc>
<msg timestamp="20230605 18:56:46.916" level="WARN">Keyword 'Selenium2Library.Press Key' is deprecated. use `Press Keys` instead.</msg>
<status status="NOT RUN" starttime="20230605 18:56:46.915" endtime="20230605 18:56:46.918"/>
</kw>
<kw name="Sleep" library="BuiltIn">
<arg>1s</arg>
<doc>Pauses the test executed for the given time.</doc>
<status status="NOT RUN" starttime="20230605 18:56:46.918" endtime="20230605 18:56:46.918"/>
</kw>
<status status="PASS" starttime="20230605 18:56:46.836" endtime="20230605 18:56:46.918"/>
</iter>
<status status="PASS" starttime="20230605 18:56:45.695" endtime="20230605 18:56:46.918"/>
</for>
<if>
<branch type="IF" condition="${count_kas_asal} == ${1}">
<kw name="Get Text" library="Selenium2Library">
<var>${textFinalKasAsal}</var>
<arg>xpath://*[@id="select2-results-1"]/li/div</arg>
<doc>Returns the text value of the element identified by ``locator``.</doc>
<status status="NOT RUN" starttime="20230605 18:56:46.921" endtime="20230605 18:56:46.921"/>
</kw>
<status status="NOT RUN" starttime="20230605 18:56:46.919" endtime="20230605 18:56:46.921"/>
</branch>
<branch type="ELSE">
<kw name="Get Text" library="Selenium2Library">
<var>${textFinalKasAsal}</var>
<arg>xpath://*[@id="select2-results-1"]/li[${scroll_kas_asal}]/div</arg>
<doc>Returns the text value of the element identified by ``locator``.</doc>
<msg timestamp="20230605 18:56:46.958" level="INFO">${textFinalKasAsal} = IDR - Kas Sales Sekardangan</msg>
<status status="PASS" starttime="20230605 18:56:46.921" endtime="20230605 18:56:46.959"/>
</kw>
<status status="PASS" starttime="20230605 18:56:46.921" endtime="20230605 18:56:46.959"/>
</branch>
<status status="PASS" starttime="20230605 18:56:46.919" endtime="20230605 18:56:46.959"/>
</if>
<kw name="Should Be Equal As Strings" library="BuiltIn">
<arg>'${textFinalKasAsal}'</arg>
<arg>'${kasAsal}'</arg>
<doc>Fails if objects are unequal after converting them to strings.</doc>
<status status="PASS" starttime="20230605 18:56:46.959" endtime="20230605 18:56:46.960"/>
</kw>
<kw name="Press Keys" library="Selenium2Library">
<arg>xpath://*[@id="s2id_autogen1_search"]</arg>
<arg>ENTER</arg>
<doc>Simulates the user pressing key(s) to an element or on the active browser.</doc>
<msg timestamp="20230605 18:56:46.962" level="INFO">Sending key(s) ('ENTER',) to xpath://*[@id="s2id_autogen1_search"] element.</msg>
<msg timestamp="20230605 18:56:47.270" level="INFO">Pressing special key ENTER to element.</msg>
<msg timestamp="20230605 18:56:47.270" level="INFO">Releasing special key ENTER.</msg>
<status status="PASS" starttime="20230605 18:56:46.961" endtime="20230605 18:56:47.340"/>
</kw>
<kw name="Sleep" library="BuiltIn">
<arg>1s</arg>
<doc>Pauses the test executed for the given time.</doc>
<msg timestamp="20230605 18:56:48.345" level="INFO">Slept 1 second</msg>
<status status="PASS" starttime="20230605 18:56:47.340" endtime="20230605 18:56:48.345"/>
</kw>
<kw name="Click Element" library="Selenium2Library">
<arg>xpath://*[@id="s2id_kas_tujuan"]/a</arg>
<doc>Click the element identified by ``locator``.</doc>
<msg timestamp="20230605 18:56:48.346" level="INFO">Clicking element 'xpath://*[@id="s2id_kas_tujuan"]/a'.</msg>
<status status="PASS" starttime="20230605 18:56:48.345" endtime="20230605 18:56:48.564"/>
</kw>
<kw name="Input Text" library="Selenium2Library">
<arg>xpath://*[@id="s2id_autogen2_search"]</arg>
<arg>${kasTujuanKeywoard}[0:10]</arg>
<doc>Types the given ``text`` into the text field identified by ``locator``.</doc>
<msg timestamp="20230605 18:56:48.566" level="INFO">Typing text 'setoran' into text field 'xpath://*[@id="s2id_autogen2_search"]'.</msg>
<status status="PASS" starttime="20230605 18:56:48.564" endtime="20230605 18:56:48.798"/>
</kw>
<kw name="Set Variable" library="BuiltIn">
<var>${scroll_kas_tujuan}</var>
<arg>${1}</arg>
<doc>Returns the given values which can then be assigned to a variables.</doc>
<msg timestamp="20230605 18:56:48.799" level="INFO">${scroll_kas_tujuan} = 1</msg>
<status status="PASS" starttime="20230605 18:56:48.798" endtime="20230605 18:56:48.799"/>
</kw>
<kw name="Get Element Count" library="Selenium2Library">
<var>${count_kas_tujuan}</var>
<arg>xpath://*[@id="select2-results-2"]/li</arg>
<doc>Returns the number of elements matching ``locator``.</doc>
<msg timestamp="20230605 18:56:48.820" level="INFO">${count_kas_tujuan} = 1</msg>
<status status="PASS" starttime="20230605 18:56:48.799" endtime="20230605 18:56:48.820"/>
</kw>
<for flavor="IN RANGE">
<var>${index}</var>
<value>1</value>
<value>${count_kas_tujuan}</value>
<iter>
<var name="${index}"/>
<kw name="Get Text" library="Selenium2Library">
<var>${textKasTujuan}</var>
<arg>xpath://*[@id="select2-results-2"]/li[${index}]/div</arg>
<doc>Returns the text value of the element identified by ``locator``.</doc>
<status status="NOT RUN" starttime="20230605 18:56:48.822" endtime="20230605 18:56:48.822"/>
</kw>
<if>
<branch type="IF" condition="'${textKasTujuan}' == '${kasTujuan}'">
<break>
<status status="NOT RUN" starttime="20230605 18:56:48.822" endtime="20230605 18:56:48.823"/>
</break>
<status status="NOT RUN" starttime="20230605 18:56:48.822" endtime="20230605 18:56:48.823"/>
</branch>
<status status="NOT RUN" starttime="20230605 18:56:48.822" endtime="20230605 18:56:48.823"/>
</if>
<kw name="Set Variable" library="BuiltIn">
<var>${scroll_kas_tujuan}</var>
<arg>${scroll_kas_tujuan + 1}</arg>
<doc>Returns the given values which can then be assigned to a variables.</doc>
<status status="NOT RUN" starttime="20230605 18:56:48.823" endtime="20230605 18:56:48.823"/>
</kw>
<kw name="Press Key" library="Selenium2Library">
<arg>xpath://*[@id="s2id_autogen2_search"]</arg>
<arg>\ue015</arg>
<doc>*DEPRECATED in Selenium2Library 4.0.* use `Press Keys` instead.</doc>
<msg timestamp="20230605 18:56:48.823" level="WARN">Keyword 'Selenium2Library.Press Key' is deprecated. use `Press Keys` instead.</msg>
<status status="NOT RUN" starttime="20230605 18:56:48.823" endtime="20230605 18:56:48.825"/>
</kw>
<kw name="Sleep" library="BuiltIn">
<arg>1s</arg>
<doc>Pauses the test executed for the given time.</doc>
<status status="NOT RUN" starttime="20230605 18:56:48.825" endtime="20230605 18:56:48.825"/>
</kw>
<status status="NOT RUN" starttime="20230605 18:56:48.821" endtime="20230605 18:56:48.825"/>
</iter>
<status status="NOT RUN" starttime="20230605 18:56:48.821" endtime="20230605 18:56:48.825"/>
</for>
<if>
<branch type="IF" condition="${count_kas_tujuan} == ${1}">
<kw name="Get Text" library="Selenium2Library">
<var>${textFinalKasTujuan}</var>
<arg>xpath://*[@id="select2-results-2"]/li/div</arg>
<doc>Returns the text value of the element identified by ``locator``.</doc>
<msg timestamp="20230605 18:56:48.876" level="INFO">${textFinalKasTujuan} = IDR - BCA Setoran Sales</msg>
<status status="PASS" starttime="20230605 18:56:48.828" endtime="20230605 18:56:48.876"/>
</kw>
<status status="PASS" starttime="20230605 18:56:48.826" endtime="20230605 18:56:48.876"/>
</branch>
<branch type="ELSE">
<kw name="Get Text" library="Selenium2Library">
<var>${textFinalKasTujuan}</var>
<arg>xpath://*[@id="select2-results-2"]/li[${scroll_kas_tujuan}]/div</arg>
<doc>Returns the text value of the element identified by ``locator``.</doc>
<status status="NOT RUN" starttime="20230605 18:56:48.877" endtime="20230605 18:56:48.877"/>
</kw>
<status status="NOT RUN" starttime="20230605 18:56:48.876" endtime="20230605 18:56:48.878"/>
</branch>
<status status="PASS" starttime="20230605 18:56:48.826" endtime="20230605 18:56:48.878"/>
</if>
<kw name="Should Be Equal As Strings" library="BuiltIn">
<arg>'${textFinalKasTujuan}'</arg>
<arg>'${kasTujuan}'</arg>
<doc>Fails if objects are unequal after converting them to strings.</doc>
<status status="PASS" starttime="20230605 18:56:48.878" endtime="20230605 18:56:48.881"/>
</kw>
<kw name="Press Keys" library="Selenium2Library">
<arg>xpath://*[@id="s2id_autogen2_search"]</arg>
<arg>ENTER</arg>
<doc>Simulates the user pressing key(s) to an element or on the active browser.</doc>
<msg timestamp="20230605 18:56:48.885" level="INFO">Sending key(s) ('ENTER',) to xpath://*[@id="s2id_autogen2_search"] element.</msg>
<msg timestamp="20230605 18:56:49.205" level="INFO">Pressing special key ENTER to element.</msg>
<msg timestamp="20230605 18:56:49.205" level="INFO">Releasing special key ENTER.</msg>
<status status="PASS" starttime="20230605 18:56:48.881" endtime="20230605 18:56:49.292"/>
</kw>
<kw name="Sleep" library="BuiltIn">
<arg>1s</arg>
<doc>Pauses the test executed for the given time.</doc>
<msg timestamp="20230605 18:56:50.304" level="INFO">Slept 1 second</msg>
<status status="PASS" starttime="20230605 18:56:49.292" endtime="20230605 18:56:50.305"/>
</kw>
<kw name="Press Keys" library="Selenium2Library">
<arg>xpath://*[@id="amount1"]</arg>
<arg>CTRL+a+BACKSPACE</arg>
<doc>Simulates the user pressing key(s) to an element or on the active browser.</doc>
<msg timestamp="20230605 18:56:50.316" level="INFO">Sending key(s) ('CTRL+a+BACKSPACE',) to xpath://*[@id="amount1"] element.</msg>
<msg timestamp="20230605 18:56:50.701" level="INFO">Pressing special key CONTROL down.</msg>
<msg timestamp="20230605 18:56:50.701" level="INFO">Sending key a</msg>
<msg timestamp="20230605 18:56:50.702" level="INFO">Pressing special key BACKSPACE down.</msg>
<msg timestamp="20230605 18:56:50.702" level="INFO">Releasing special key CONTROL.</msg>
<msg timestamp="20230605 18:56:50.702" level="INFO">Releasing special key BACKSPACE.</msg>
<status status="PASS" starttime="20230605 18:56:50.305" endtime="20230605 18:56:50.734"/>
</kw>
<kw name="Input Text" library="Selenium2Library">
<arg>xpath://*[@id="amount1"]</arg>
<arg>${total}[0:10]</arg>
<doc>Types the given ``text`` into the text field identified by ``locator``.</doc>
<msg timestamp="20230605 18:56:50.735" level="INFO">Typing text '548300' into text field 'xpath://*[@id="amount1"]'.</msg>
<status status="PASS" starttime="20230605 18:56:50.734" endtime="20230605 18:56:50.897"/>
</kw>
<kw name="Press Keys" library="Selenium2Library">
<arg>xpath://*[@id="amount1"]</arg>
<arg>ENTER</arg>
<doc>Simulates the user pressing key(s) to an element or on the active browser.</doc>
<msg timestamp="20230605 18:56:50.901" level="INFO">Sending key(s) ('ENTER',) to xpath://*[@id="amount1"] element.</msg>
<msg timestamp="20230605 18:56:51.215" level="INFO">Pressing special key ENTER to element.</msg>
<msg timestamp="20230605 18:56:51.216" level="INFO">Releasing special key ENTER.</msg>
<status status="PASS" starttime="20230605 18:56:50.898" endtime="20230605 18:56:51.254"/>
</kw>
<kw name="Sleep" library="BuiltIn">
<arg>1s</arg>
<doc>Pauses the test executed for the given time.</doc>
<msg timestamp="20230605 18:56:52.257" level="INFO">Slept 1 second</msg>
<status status="PASS" starttime="20230605 18:56:51.255" endtime="20230605 18:56:52.257"/>
</kw>
<kw name="Input Text" library="Selenium2Library">
<arg>xpath://*[@id="cstr-note"]</arg>
<arg>${keterangan}</arg>
<doc>Types the given ``text`` into the text field identified by ``locator``.</doc>
<msg timestamp="20230605 18:56:52.259" level="INFO">Typing text 'TRSF E-BANKING CR 0105/FTSCY/WS95031 548300.00  Sekardangan 30 Apr il 23  ALVINA SYLVIA ANGG  01/5/2023 548300' into text field 'xpath://*[@id="cstr-note"]'.</msg>
<status status="PASS" starttime="20230605 18:56:52.257" endtime="20230605 18:56:52.952"/>
</kw>
<kw name="Execute Javascript" library="Selenium2Library">
<arg>window.scrollTo(0,document.body.scrollHeight)</arg>
<doc>Executes the given JavaScript code with possible arguments.</doc>
<msg timestamp="20230605 18:56:52.955" level="INFO">Executing JavaScript:
window.scrollTo(0,document.body.scrollHeight)
Without any arguments.</msg>
<status status="PASS" starttime="20230605 18:56:52.952" endtime="20230605 18:56:52.970"/>
</kw>
<kw name="Click Element" library="Selenium2Library">
<arg>xpath://*[@id="s2id_branch_id"]/a</arg>
<doc>Click the element identified by ``locator``.</doc>
<msg timestamp="20230605 18:56:52.971" level="INFO">Clicking element 'xpath://*[@id="s2id_branch_id"]/a'.</msg>
<status status="PASS" starttime="20230605 18:56:52.970" endtime="20230605 18:56:53.107"/>
</kw>
<kw name="Press Keys" library="Selenium2Library">
<arg>xpath://*[@id="s2id_autogen3_search"]</arg>
<arg>CTRL+a+BACKSPACE</arg>
<doc>Simulates the user pressing key(s) to an element or on the active browser.</doc>
<msg timestamp="20230605 18:56:53.110" level="INFO">Sending key(s) ('CTRL+a+BACKSPACE',) to xpath://*[@id="s2id_autogen3_search"] element.</msg>
<msg timestamp="20230605 18:56:53.424" level="INFO">Pressing special key CONTROL down.</msg>
<msg timestamp="20230605 18:56:53.424" level="INFO">Sending key a</msg>
<msg timestamp="20230605 18:56:53.424" level="INFO">Pressing special key BACKSPACE down.</msg>
<msg timestamp="20230605 18:56:53.424" level="INFO">Releasing special key CONTROL.</msg>
<msg timestamp="20230605 18:56:53.424" level="INFO">Releasing special key BACKSPACE.</msg>
<status status="PASS" starttime="20230605 18:56:53.107" endtime="20230605 18:56:53.443"/>
</kw>
<kw name="Input Text" library="Selenium2Library">
<arg>xpath://*[@id="s2id_autogen3_search"]</arg>
<arg>${cabangKeywoard}[0:10]</arg>
<doc>Types the given ``text`` into the text field identified by ``locator``.</doc>
<msg timestamp="20230605 18:56:53.445" level="INFO">Typing text 'sekardanga' into text field 'xpath://*[@id="s2id_autogen3_search"]'.</msg>
<status status="PASS" starttime="20230605 18:56:53.443" endtime="20230605 18:56:53.658"/>
</kw>
<kw name="Set Variable" library="BuiltIn">
<var>${scroll_cabang}</var>
<arg>${1}</arg>
<doc>Returns the given values which can then be assigned to a variables.</doc>
<msg timestamp="20230605 18:56:53.661" level="INFO">${scroll_cabang} = 1</msg>
<status status="PASS" starttime="20230605 18:56:53.658" endtime="20230605 18:56:53.661"/>
</kw>
<kw name="Get Element Count" library="Selenium2Library">
<var>${count_cabang}</var>
<arg>xpath://*[@id="select2-results-3"]/li</arg>
<doc>Returns the number of elements matching ``locator``.</doc>
<msg timestamp="20230605 18:56:53.681" level="INFO">${count_cabang} = 1</msg>
<status status="PASS" starttime="20230605 18:56:53.661" endtime="20230605 18:56:53.681"/>
</kw>
<for flavor="IN RANGE">
<var>${index}</var>
<value>1</value>
<value>${count_cabang}</value>
<iter>
<var name="${index}"/>
<kw name="Get Text" library="Selenium2Library">
<var>${textCabang}</var>
<arg>xpath://*[@id="select2-results-3"]/li[${index}]/div</arg>
<doc>Returns the text value of the element identified by ``locator``.</doc>
<status status="NOT RUN" starttime="20230605 18:56:53.682" endtime="20230605 18:56:53.682"/>
</kw>
<if>
<branch type="IF" condition="'${textCabang}' == '${cabang}'">
<break>
<status status="NOT RUN" starttime="20230605 18:56:53.682" endtime="20230605 18:56:53.682"/>
</break>
<status status="NOT RUN" starttime="20230605 18:56:53.682" endtime="20230605 18:56:53.682"/>
</branch>
<status status="NOT RUN" starttime="20230605 18:56:53.682" endtime="20230605 18:56:53.682"/>
</if>
<kw name="Set Variable" library="BuiltIn">
<var>${scroll_cabang}</var>
<arg>${scroll_cabang + 1}</arg>
<doc>Returns the given values which can then be assigned to a variables.</doc>
<status status="NOT RUN" starttime="20230605 18:56:53.683" endtime="20230605 18:56:53.683"/>
</kw>
<kw name="Press Key" library="Selenium2Library">
<arg>xpath://*[@id="s2id_autogen3_search"]</arg>
<arg>\ue015</arg>
<doc>*DEPRECATED in Selenium2Library 4.0.* use `Press Keys` instead.</doc>
<msg timestamp="20230605 18:56:53.683" level="WARN">Keyword 'Selenium2Library.Press Key' is deprecated. use `Press Keys` instead.</msg>
<status status="NOT RUN" starttime="20230605 18:56:53.683" endtime="20230605 18:56:53.684"/>
</kw>
<kw name="Sleep" library="BuiltIn">
<arg>1s</arg>
<doc>Pauses the test executed for the given time.</doc>
<status status="NOT RUN" starttime="20230605 18:56:53.685" endtime="20230605 18:56:53.685"/>
</kw>
<status status="NOT RUN" starttime="20230605 18:56:53.681" endtime="20230605 18:56:53.685"/>
</iter>
<status status="NOT RUN" starttime="20230605 18:56:53.681" endtime="20230605 18:56:53.685"/>
</for>
<if>
<branch type="IF" condition="${count_cabang} == ${1}">
<kw name="Get Text" library="Selenium2Library">
<var>${textFinalCabang}</var>
<arg>xpath://*[@id="select2-results-3"]/li/div</arg>
<doc>Returns the text value of the element identified by ``locator``.</doc>
<msg timestamp="20230605 18:56:53.744" level="INFO">${textFinalCabang} = Sekardangan</msg>
<status status="PASS" starttime="20230605 18:56:53.688" endtime="20230605 18:56:53.744"/>
</kw>
<status status="PASS" starttime="20230605 18:56:53.686" endtime="20230605 18:56:53.744"/>
</branch>
<branch type="ELSE">
<kw name="Get Text" library="Selenium2Library">
<var>${textFinalCabang}</var>
<arg>xpath://*[@id="select2-results-3"]/li[${scroll_cabang}]/div</arg>
<doc>Returns the text value of the element identified by ``locator``.</doc>
<status status="NOT RUN" starttime="20230605 18:56:53.745" endtime="20230605 18:56:53.745"/>
</kw>
<status status="NOT RUN" starttime="20230605 18:56:53.744" endtime="20230605 18:56:53.746"/>
</branch>
<status status="PASS" starttime="20230605 18:56:53.685" endtime="20230605 18:56:53.747"/>
</if>
<kw name="Should Be Equal As Strings" library="BuiltIn">
<arg>'${textFinalCabang}'</arg>
<arg>'${cabang}'</arg>
<doc>Fails if objects are unequal after converting them to strings.</doc>
<status status="PASS" starttime="20230605 18:56:53.748" endtime="20230605 18:56:53.749"/>
</kw>
<kw name="Press Keys" library="Selenium2Library">
<arg>xpath://*[@id="s2id_autogen3_search"]</arg>
<arg>ENTER</arg>
<doc>Simulates the user pressing key(s) to an element or on the active browser.</doc>
[...]
<status status="NOT RUN" starttime="20230605 18:57:19.831" endtime="20230605 18:57:19.832"/>
</kw>
<status status="NOT RUN" starttime="20230605 18:57:19.831" endtime="20230605 18:57:19.832"/>
</branch>
<branch type="ELSE">
<kw name="Get Text" library="Selenium2Library">
<var>${textFinalKasAsal}</var>
<arg>xpath://*[@id="select2-results-1"]/li[${scroll_kas_asal}]/div</arg>
<doc>Returns the text value of the element identified by ``locator``.</doc>
<status status="NOT RUN" starttime="20230605 18:57:19.832" endtime="20230605 18:57:19.832"/>
</kw>
<status status="NOT RUN" starttime="20230605 18:57:19.832" endtime="20230605 18:57:19.832"/>
</branch>
<status status="NOT RUN" starttime="20230605 18:57:19.831" endtime="20230605 18:57:19.832"/>
</if>
<kw name="Should Be Equal As Strings" library="BuiltIn">
<arg>'${textFinalKasAsal}'</arg>
<arg>'${kasAsal}'</arg>
<doc>Fails if objects are unequal after converting them to strings.</doc>
<status status="NOT RUN" starttime="20230605 18:57:19.832" endtime="20230605 18:57:19.832"/>
</kw>
<kw name="Press Keys" library="Selenium2Library">
<arg>xpath://*[@id="s2id_autogen1_search"]</arg>
<arg>ENTER</arg>
<doc>Simulates the user pressing key(s) to an element or on the active browser.</doc>
<status status="NOT RUN" starttime="20230605 18:57:19.832" endtime="20230605 18:57:19.833"/>
</kw>
<kw name="Sleep" library="BuiltIn">
<arg>1s</arg>
<doc>Pauses the test executed for the given time.</doc>
<status status="NOT RUN" starttime="20230605 18:57:19.833" endtime="20230605 18:57:19.833"/>
</kw>
<kw name="Click Element" library="Selenium2Library">
<arg>xpath://*[@id="s2id_kas_tujuan"]/a</arg>
<doc>Click the element identified by ``locator``.</doc>
<status status="NOT RUN" starttime="20230605 18:57:19.833" endtime="20230605 18:57:19.833"/>
</kw>
<kw name="Input Text" library="Selenium2Library">
<arg>xpath://*[@id="s2id_autogen2_search"]</arg>
<arg>${kasTujuanKeywoard}[0:10]</arg>
<doc>Types the given ``text`` into the text field identified by ``locator``.</doc>
<status status="NOT RUN" starttime="20230605 18:57:19.833" endtime="20230605 18:57:19.833"/>
</kw>
<kw name="Set Variable" library="BuiltIn">
<var>${scroll_kas_tujuan}</var>
<arg>${1}</arg>
<doc>Returns the given values which can then be assigned to a variables.</doc>
<status status="NOT RUN" starttime="20230605 18:57:19.833" endtime="20230605 18:57:19.833"/>
</kw>
<kw name="Get Element Count" library="Selenium2Library">
<var>${count_kas_tujuan}</var>
<arg>xpath://*[@id="select2-results-2"]/li</arg>
<doc>Returns the number of elements matching ``locator``.</doc>
<status status="NOT RUN" starttime="20230605 18:57:19.833" endtime="20230605 18:57:19.833"/>
</kw>
<for flavor="IN RANGE">
<var>${index}</var>
<value>1</value>
<value>${count_kas_tujuan}</value>
<iter>
<var name="${index}"/>
<kw name="Get Text" library="Selenium2Library">
<var>${textKasTujuan}</var>
<arg>xpath://*[@id="select2-results-2"]/li[${index}]/div</arg>
<doc>Returns the text value of the element identified by ``locator``.</doc>
<status status="NOT RUN" starttime="20230605 18:57:19.834" endtime="20230605 18:57:19.834"/>
</kw>
<if>
<branch type="IF" condition="'${textKasTujuan}' == '${kasTujuan}'">
<break>
<status status="NOT RUN" starttime="20230605 18:57:19.834" endtime="20230605 18:57:19.834"/>
</break>
<status status="NOT RUN" starttime="20230605 18:57:19.834" endtime="20230605 18:57:19.834"/>
</branch>
<status status="NOT RUN" starttime="20230605 18:57:19.834" endtime="20230605 18:57:19.834"/>
</if>
<kw name="Set Variable" library="BuiltIn">
<var>${scroll_kas_tujuan}</var>
<arg>${scroll_kas_tujuan + 1}</arg>
<doc>Returns the given values which can then be assigned to a variables.</doc>
<status status="NOT RUN" starttime="20230605 18:57:19.834" endtime="20230605 18:57:19.835"/>
</kw>
<kw name="Press Key" library="Selenium2Library">
<arg>xpath://*[@id="s2id_autogen2_search"]</arg>
<arg>\ue015</arg>
<doc>*DEPRECATED in Selenium2Library 4.0.* use `Press Keys` instead.</doc>
<msg timestamp="20230605 18:57:19.835" level="WARN">Keyword 'Selenium2Library.Press Key' is deprecated. use `Press Keys` instead.</msg>
<status status="NOT RUN" starttime="20230605 18:57:19.835" endtime="20230605 18:57:19.836"/>
</kw>
<kw name="Sleep" library="BuiltIn">
<arg>1s</arg>
<doc>Pauses the test executed for the given time.</doc>
<status status="NOT RUN" starttime="20230605 18:57:19.836" endtime="20230605 18:57:19.837"/>
</kw>
<status status="NOT RUN" starttime="20230605 18:57:19.834" endtime="20230605 18:57:19.837"/>
</iter>
<status status="NOT RUN" starttime="20230605 18:57:19.833" endtime="20230605 18:57:19.837"/>
</for>
<if>
<branch type="IF" condition="${count_kas_tujuan} == ${1}">
<kw name="Get Text" library="Selenium2Library">
<var>${textFinalKasTujuan}</var>
<arg>xpath://*[@id="select2-results-2"]/li/div</arg>
<doc>Returns the text value of the element identified by ``locator``.</doc>
<status status="NOT RUN" starttime="20230605 18:57:19.838" endtime="20230605 18:57:19.838"/>
</kw>
<status status="NOT RUN" starttime="20230605 18:57:19.837" endtime="20230605 18:57:19.838"/>
</branch>
<branch type="ELSE">
<kw name="Get Text" library="Selenium2Library">
<var>${textFinalKasTujuan}</var>
<arg>xpath://*[@id="select2-results-2"]/li[${scroll_kas_tujuan}]/div</arg>
<doc>Returns the text value of the element identified by ``locator``.</doc>
<status status="NOT RUN" starttime="20230605 18:57:19.838" endtime="20230605 18:57:19.838"/>
</kw>
<status status="NOT RUN" starttime="20230605 18:57:19.838" endtime="20230605 18:57:19.839"/>
</branch>
<status status="NOT RUN" starttime="20230605 18:57:19.837" endtime="20230605 18:57:19.839"/>
</if>
<kw name="Should Be Equal As Strings" library="BuiltIn">
<arg>'${textFinalKasTujuan}'</arg>
<arg>'${kasTujuan}'</arg>
<doc>Fails if objects are unequal after converting them to strings.</doc>
<status status="NOT RUN" starttime="20230605 18:57:19.839" endtime="20230605 18:57:19.839"/>
</kw>
<kw name="Press Keys" library="Selenium2Library">
<arg>xpath://*[@id="s2id_autogen2_search"]</arg>
<arg>ENTER</arg>
<doc>Simulates the user pressing key(s) to an element or on the active browser.</doc>
<status status="NOT RUN" starttime="20230605 18:57:19.839" endtime="20230605 18:57:19.839"/>
</kw>
<kw name="Sleep" library="BuiltIn">
<arg>1s</arg>
<doc>Pauses the test executed for the given time.</doc>
<status status="NOT RUN" starttime="20230605 18:57:19.839" endtime="20230605 18:57:19.839"/>
</kw>
<kw name="Press Keys" library="Selenium2Library">
<arg>xpath://*[@id="amount1"]</arg>
<arg>CTRL+a+BACKSPACE</arg>
<doc>Simulates the user pressing key(s) to an element or on the active browser.</doc>
<status status="NOT RUN" starttime="20230605 18:57:19.839" endtime="20230605 18:57:19.839"/>
</kw>
<kw name="Input Text" library="Selenium2Library">
<arg>xpath://*[@id="amount1"]</arg>
<arg>${total}[0:10]</arg>
<doc>Types the given ``text`` into the text field identified by ``locator``.</doc>
<status status="NOT RUN" starttime="20230605 18:57:19.840" endtime="20230605 18:57:19.840"/>
</kw>
<kw name="Press Keys" library="Selenium2Library">
<arg>xpath://*[@id="amount1"]</arg>
<arg>ENTER</arg>
<doc>Simulates the user pressing key(s) to an element or on the active browser.</doc>
<status status="NOT RUN" starttime="20230605 18:57:19.840" endtime="20230605 18:57:19.840"/>
</kw>
<kw name="Sleep" library="BuiltIn">
<arg>1s</arg>
<doc>Pauses the test executed for the given time.</doc>
<status status="NOT RUN" starttime="20230605 18:57:19.840" endtime="20230605 18:57:19.840"/>
</kw>
<kw name="Input Text" library="Selenium2Library">
<arg>xpath://*[@id="cstr-note"]</arg>
<arg>${keterangan}</arg>
<doc>Types the given ``text`` into the text field identified by ``locator``.</doc>
<status status="NOT RUN" starttime="20230605 18:57:19.840" endtime="20230605 18:57:19.840"/>
</kw>
<kw name="Execute Javascript" library="Selenium2Library">
<arg>window.scrollTo(0,document.body.scrollHeight)</arg>
<doc>Executes the given JavaScript code with possible arguments.</doc>
<status status="NOT RUN" starttime="20230605 18:57:19.840" endtime="20230605 18:57:19.840"/>
</kw>
<kw name="Click Element" library="Selenium2Library">
<arg>xpath://*[@id="s2id_branch_id"]/a</arg>
<doc>Click the element identified by ``locator``.</doc>
<status status="NOT RUN" starttime="20230605 18:57:19.841" endtime="20230605 18:57:19.841"/>
</kw>
<kw name="Press Keys" library="Selenium2Library">
<arg>xpath://*[@id="s2id_autogen3_search"]</arg>
<arg>CTRL+a+BACKSPACE</arg>
<doc>Simulates the user pressing key(s) to an element or on the active browser.</doc>
<status status="NOT RUN" starttime="20230605 18:57:19.841" endtime="20230605 18:57:19.841"/>
</kw>
<kw name="Input Text" library="Selenium2Library">
<arg>xpath://*[@id="s2id_autogen3_search"]</arg>
<arg>${cabangKeywoard}[0:10]</arg>
<doc>Types the given ``text`` into the text field identified by ``locator``.</doc>
<status status="NOT RUN" starttime="20230605 18:57:19.841" endtime="20230605 18:57:19.842"/>
</kw>
<kw name="Set Variable" library="BuiltIn">
<var>${scroll_cabang}</var>
<arg>${1}</arg>
<doc>Returns the given values which can then be assigned to a variables.</doc>
<status status="NOT RUN" starttime="20230605 18:57:19.842" endtime="20230605 18:57:19.842"/>
</kw>
<kw name="Get Element Count" library="Selenium2Library">
<var>${count_cabang}</var>
<arg>xpath://*[@id="select2-results-3"]/li</arg>
<doc>Returns the number of elements matching ``locator``.</doc>
<status status="NOT RUN" starttime="20230605 18:57:19.843" endtime="20230605 18:57:19.843"/>
</kw>
<for flavor="IN RANGE">
<var>${index}</var>
<value>1</value>
<value>${count_cabang}</value>
<iter>
<var name="${index}"/>
<kw name="Get Text" library="Selenium2Library">
<var>${textCabang}</var>
<arg>xpath://*[@id="select2-results-3"]/li[${index}]/div</arg>
<doc>Returns the text value of the element identified by ``locator``.</doc>
<status status="NOT RUN" starttime="20230605 18:57:19.844" endtime="20230605 18:57:19.844"/>
</kw>
<if>
<branch type="IF" condition="'${textCabang}' == '${cabang}'">
<break>
<status status="NOT RUN" starttime="20230605 18:57:19.845" endtime="20230605 18:57:19.845"/>
</break>
<status status="NOT RUN" starttime="20230605 18:57:19.844" endtime="20230605 18:57:19.845"/>
</branch>
<status status="NOT RUN" starttime="20230605 18:57:19.844" endtime="20230605 18:57:19.845"/>
</if>
<kw name="Set Variable" library="BuiltIn">
<var>${scroll_cabang}</var>
<arg>${scroll_cabang + 1}</arg>
<doc>Returns the given values which can then be assigned to a variables.</doc>
<status status="NOT RUN" starttime="20230605 18:57:19.845" endtime="20230605 18:57:19.846"/>
</kw>
<kw name="Press Key" library="Selenium2Library">
<arg>xpath://*[@id="s2id_autogen3_search"]</arg>
<arg>\ue015</arg>
<doc>*DEPRECATED in Selenium2Library 4.0.* use `Press Keys` instead.</doc>
<msg timestamp="20230605 18:57:19.846" level="WARN">Keyword 'Selenium2Library.Press Key' is deprecated. use `Press Keys` instead.</msg>
<status status="NOT RUN" starttime="20230605 18:57:19.846" endtime="20230605 18:57:19.847"/>
</kw>
<kw name="Sleep" library="BuiltIn">
<arg>1s</arg>
<doc>Pauses the test executed for the given time.</doc>
<status status="NOT RUN" starttime="20230605 18:57:19.848" endtime="20230605 18:57:19.848"/>
</kw>
<status status="NOT RUN" starttime="20230605 18:57:19.843" endtime="20230605 18:57:19.848"/>
</iter>
<status status="NOT RUN" starttime="20230605 18:57:19.843" endtime="20230605 18:57:19.848"/>
</for>
<if>
<branch type="IF" condition="${count_cabang} == ${1}">
<kw name="Get Text" library="Selenium2Library">
<var>${textFinalCabang}</var>
<arg>xpath://*[@id="select2-results-3"]/li/div</arg>
<doc>Returns the text value of the element identified by ``locator``.</doc>
<status status="NOT RUN" starttime="20230605 18:57:19.849" endtime="20230605 18:57:19.849"/>
</kw>
<status status="NOT RUN" starttime="20230605 18:57:19.849" endtime="20230605 18:57:19.849"/>
</branch>
<branch type="ELSE">
<kw name="Get Text" library="Selenium2Library">
<var>${textFinalCabang}</var>
<arg>xpath://*[@id="select2-results-3"]/li[${scroll_cabang}]/div</arg>
<doc>Returns the text value of the element identified by ``locator``.</doc>
<status status="NOT RUN" starttime="20230605 18:57:19.849" endtime="20230605 18:57:19.849"/>
</kw>
<status status="NOT RUN" starttime="20230605 18:57:19.849" endtime="20230605 18:57:19.849"/>
</branch>
<status status="NOT RUN" starttime="20230605 18:57:19.848" endtime="20230605 18:57:19.849"/>
</if>
<kw name="Should Be Equal As Strings" library="BuiltIn">
<arg>'${textFinalCabang}'</arg>
<arg>'${cabang}'</arg>
<doc>Fails if objects are unequal after converting them to strings.</doc>
<status status="NOT RUN" starttime="20230605 18:57:19.850" endtime="20230605 18:57:19.850"/>
</kw>
<kw name="Press Keys" library="Selenium2Library">
<arg>xpath://*[@id="s2id_autogen3_search"]</arg>
<arg>ENTER</arg>
<doc>Simulates the user pressing key(s) to an element or on the active browser.</doc>
<status status="NOT RUN" starttime="20230605 18:57:19.850" endtime="20230605 18:57:19.850"/>
</kw>
<kw name="Sleep" library="BuiltIn">
<arg>1s</arg>
<doc>Pauses the test executed for the given time.</doc>
<status status="NOT RUN" starttime="20230605 18:57:19.850" endtime="20230605 18:57:19.850"/>
</kw>
<kw name="Click Element" library="Selenium2Library">
<arg>xpath://*[@id="frmCstr"]/div/div[2]/div[2]/div[2]/div/button</arg>
<doc>Click the element identified by ``locator``.</doc>
<status status="NOT RUN" starttime="20230605 18:57:19.850" endtime="20230605 18:57:19.850"/>
</kw>
<kw name="Sleep" library="BuiltIn">
<arg>8s</arg>
<doc>Pauses the test executed for the given time.</doc>
<status status="NOT RUN" starttime="20230605 18:57:19.851" endtime="20230605 18:57:19.851"/>
</kw>
<kw name="Click Element" library="Selenium2Library">
<arg>xpath://*[@id="new_button"]</arg>
<doc>Click the element identified by ``locator``.</doc>
<status status="NOT RUN" starttime="20230605 18:57:19.851" endtime="20230605 18:57:19.851"/>
</kw>
<kw name="Create Session" library="RequestsLibrary">
<arg>myssion2</arg>
<arg>${base_url}</arg>
<doc>Create Session: create a HTTP session to a server</doc>
<status status="NOT RUN" starttime="20230605 18:57:19.851" endtime="20230605 18:57:19.851"/>
</kw>
<kw name="Get Request" library="RequestsLibrary">
<var>${response2}</var>
<arg>myssion2</arg>
<arg>/robot/api/mutasi1003/setoran/done/${idRobotMutasi1003}</arg>
<doc>*DEPRECATED* Please use `GET On Session` instead.</doc>
<msg timestamp="20230605 18:57:19.851" level="WARN">Keyword 'RequestsLibrary.Get Request' is deprecated. Please use `GET On Session` instead.</msg>
<status status="NOT RUN" starttime="20230605 18:57:19.851" endtime="20230605 18:57:19.854"/>
</kw>
<kw name="Convert To String" library="BuiltIn">
<var>${status_code2}</var>
<arg>${response2.status_code}</arg>
<doc>Converts the given item to a Unicode string.</doc>
<status status="NOT RUN" starttime="20230605 18:57:19.855" endtime="20230605 18:57:19.856"/>
</kw>
<kw name="Should Be Equal" library="BuiltIn">
<arg>${status_code2}</arg>
<arg>200</arg>
<doc>Fails if the given objects are unequal.</doc>
<status status="NOT RUN" starttime="20230605 18:57:19.856" endtime="20230605 18:57:19.856"/>
</kw>
<kw name="Sleep" library="BuiltIn">
<arg>3s</arg>
<doc>Pauses the test executed for the given time.</doc>
<status status="NOT RUN" starttime="20230605 18:57:19.862" endtime="20230605 18:57:19.862"/>
</kw>
<status status="FAIL" starttime="20230605 18:57:13.518" endtime="20230605 18:57:19.864"/>
</iter>
<status status="FAIL" starttime="20230605 18:55:46.201" endtime="20230605 18:57:19.865"/>
</for>
<status status="FAIL" starttime="20230605 18:55:46.200" endtime="20230605 18:57:19.871">500 != 200</status>
</test>
<test id="s1-t4" name="Logout BeeCloud" line="166">
<kw name="Click Element" library="Selenium2Library">
<arg>xpath://*[@id="dropdownuser"]/div/div[1]</arg>
<doc>Click the element identified by ``locator``.</doc>
<msg timestamp="20230605 18:57:19.886" level="INFO">Clicking element 'xpath://*[@id="dropdownuser"]/div/div[1]'.</msg>
<status status="PASS" starttime="20230605 18:57:19.885" endtime="20230605 18:57:20.033"/>
</kw>
<kw name="Sleep" library="BuiltIn">
<arg>1s</arg>
<doc>Pauses the test executed for the given time.</doc>
<msg timestamp="20230605 18:57:21.039" level="INFO">Slept 1 second</msg>
<status status="PASS" starttime="20230605 18:57:20.034" endtime="20230605 18:57:21.040"/>
</kw>
<kw name="Click Element" library="Selenium2Library">
<arg>xpath://*[@id="dropdownuser"]/li[7]</arg>
<doc>Click the element identified by ``locator``.</doc>
<msg timestamp="20230605 18:57:21.044" level="INFO">Clicking element 'xpath://*[@id="dropdownuser"]/li[7]'.</msg>
<status status="PASS" starttime="20230605 18:57:21.042" endtime="20230605 18:57:22.608"/>
</kw>
<kw name="Sleep" library="BuiltIn">
<arg>3s</arg>
<doc>Pauses the test executed for the given time.</doc>
<msg timestamp="20230605 18:57:25.620" level="INFO">Slept 3 seconds</msg>
<status status="PASS" starttime="20230605 18:57:22.609" endtime="20230605 18:57:25.620"/>
</kw>
<status status="PASS" starttime="20230605 18:57:19.881" endtime="20230605 18:57:25.627"/>
</test>
<status status="FAIL" starttime="20230605 18:55:13.885" endtime="20230605 18:57:25.653"/>
</suite>
<statistics>
<total>
<stat pass="3" fail="1" skip="0">All Tests</stat>
</total>
<tag>
</tag>
<suite>
<stat pass="3" fail="1" skip="0" id="s1" name="Mutasi1003Setoran">Mutasi1003Setoran</stat>
</suite>
</statistics>
<errors>
<msg timestamp="20230605 18:55:46.204" level="WARN">Keyword 'RequestsLibrary.Get Request' is deprecated. Please use `GET On Session` instead.</msg>
<msg timestamp="20230605 18:56:05.073" level="WARN">Keyword 'Selenium2Library.Press Key' is deprecated. use `Press Keys` instead.</msg>
<msg timestamp="20230605 18:56:06.241" level="WARN">Keyword 'Selenium2Library.Press Key' is deprecated. use `Press Keys` instead.</msg>
<msg timestamp="20230605 18:56:09.205" level="WARN">Keyword 'Selenium2Library.Press Key' is deprecated. use `Press Keys` instead.</msg>
<msg timestamp="20230605 18:56:16.101" level="WARN">Keyword 'Selenium2Library.Press Key' is deprecated. use `Press Keys` instead.</msg>
<msg timestamp="20230605 18:56:31.850" level="WARN">Keyword 'RequestsLibrary.Get Request' is deprecated. Please use `GET On Session` instead.</msg>
<msg timestamp="20230605 18:56:40.100" level="WARN">Keyword 'RequestsLibrary.Get Request' is deprecated. Please use `GET On Session` instead.</msg>
<msg timestamp="20230605 18:56:45.772" level="WARN">Keyword 'Selenium2Library.Press Key' is deprecated. use `Press Keys` instead.</msg>
<msg timestamp="20230605 18:56:46.916" level="WARN">Keyword 'Selenium2Library.Press Key' is deprecated. use `Press Keys` instead.</msg>
<msg timestamp="20230605 18:56:48.823" level="WARN">Keyword 'Selenium2Library.Press Key' is deprecated. use `Press Keys` instead.</msg>
<msg timestamp="20230605 18:56:53.683" level="WARN">Keyword 'Selenium2Library.Press Key' is deprecated. use `Press Keys` instead.</msg>
<msg timestamp="20230605 18:57:07.841" level="WARN">Keyword 'RequestsLibrary.Get Request' is deprecated. Please use `GET On Session` instead.</msg>
<msg timestamp="20230605 18:57:13.525" level="WARN">Keyword 'RequestsLibrary.Get Request' is deprecated. Please use `GET On Session` instead.</msg>
<msg timestamp="20230605 18:57:19.828" level="WARN">Keyword 'Selenium2Library.Press Key' is deprecated. use `Press Keys` instead.</msg>
<msg timestamp="20230605 18:57:19.835" level="WARN">Keyword 'Selenium2Library.Press Key' is deprecated. use `Press Keys` instead.</msg>
<msg timestamp="20230605 18:57:19.846" level="WARN">Keyword 'Selenium2Library.Press Key' is deprecated. use `Press Keys` instead.</msg>
<msg timestamp="20230605 18:57:19.851" level="WARN">Keyword 'RequestsLibrary.Get Request' is deprecated. Please use `GET On Session` instead.</msg>
</errors>
</robot>
