<?xml version="1.0" encoding="UTF-8"?>
<robot generator="Robot 6.0.2 (Python 3.9.2 on win32)" generated="20230502 23:46:55.932" rpa="false" schemaversion="3">
<suite id="s1" name="Pembelian" source="C:\Users\haris\Documents\robotFramework\rpaBeeCloud\pembelian.robot">
<test id="s1-t1" name="Buka Browser Dan Lakukan Login" line="22">
<kw name="Open Browser" library="Selenium2Library">
<arg>https://app.beecloud.id/site/login</arg>
<arg>Edge</arg>
<doc>Opens a new browser instance to the optional ``url``.</doc>
<msg timestamp="20230502 23:46:56.660" level="INFO">Opening browser 'Edge' to base url 'https://app.beecloud.id/site/login'.</msg>
<status status="PASS" starttime="20230502 23:46:56.659" endtime="20230502 23:47:32.511"/>
</kw>
<kw name="Maximize Browser Window" library="Selenium2Library">
<doc>Maximizes current browser window.</doc>
<status status="PASS" starttime="20230502 23:47:32.511" endtime="20230502 23:47:32.745"/>
</kw>
<kw name="Input Text" library="Selenium2Library">
<arg>id:loginform-username</arg>
<arg>${username_bee_cloud}</arg>
<doc>Types the given ``text`` into the text field identified by ``locator``.</doc>
<msg timestamp="20230502 23:47:32.748" level="INFO">Typing text 'hidayatulloh.haris@gmail.com' into text field 'id:loginform-username'.</msg>
<status status="PASS" starttime="20230502 23:47:32.746" endtime="20230502 23:47:33.009"/>
</kw>
<kw name="Input Text" library="Selenium2Library">
<arg>id:loginform-password</arg>
<arg>${password_bee_cloud}</arg>
<doc>Types the given ``text`` into the text field identified by ``locator``.</doc>
<msg timestamp="20230502 23:47:33.013" level="INFO">Typing text 'wbd3rzE2' into text field 'id:loginform-password'.</msg>
<status status="PASS" starttime="20230502 23:47:33.009" endtime="20230502 23:47:33.189"/>
</kw>
<kw name="Click Element" library="Selenium2Library">
<arg>xpath://*[@id="login-form"]/div[3]/ul/button</arg>
<doc>Click the element identified by ``locator``.</doc>
<msg timestamp="20230502 23:47:33.192" level="INFO">Clicking element 'xpath://*[@id="login-form"]/div[3]/ul/button'.</msg>
<status status="PASS" starttime="20230502 23:47:33.190" endtime="20230502 23:47:43.174"/>
</kw>
<kw name="Sleep" library="BuiltIn">
<arg>3s</arg>
<doc>Pauses the test executed for the given time.</doc>
<msg timestamp="20230502 23:47:46.189" level="INFO">Slept 3 seconds</msg>
<status status="PASS" starttime="20230502 23:47:43.179" endtime="20230502 23:47:46.189"/>
</kw>
<status status="PASS" starttime="20230502 23:46:56.657" endtime="20230502 23:47:46.189"/>
</test>
<test id="s1-t2" name="Buka Menu Pembelian Kemudian Buat Baru" line="31">
<kw name="Click Element" library="Selenium2Library">
<arg>xpath://*[@id="master_menu_purc"]</arg>
<doc>Click the element identified by ``locator``.</doc>
<msg timestamp="20230502 23:47:46.214" level="INFO">Clicking element 'xpath://*[@id="master_menu_purc"]'.</msg>
<status status="PASS" starttime="20230502 23:47:46.210" endtime="20230502 23:47:46.417"/>
</kw>
<kw name="Sleep" library="BuiltIn">
<arg>1s</arg>
<doc>Pauses the test executed for the given time.</doc>
<msg timestamp="20230502 23:47:47.428" level="INFO">Slept 1 second</msg>
<status status="PASS" starttime="20230502 23:47:46.421" endtime="20230502 23:47:47.428"/>
</kw>
<kw name="Click Element" library="Selenium2Library">
<arg>xpath://*[@id="menu_purc"]</arg>
<doc>Click the element identified by ``locator``.</doc>
<msg timestamp="20230502 23:47:47.432" level="INFO">Clicking element 'xpath://*[@id="menu_purc"]'.</msg>
<status status="PASS" starttime="20230502 23:47:47.430" endtime="20230502 23:47:48.866"/>
</kw>
<kw name="Sleep" library="BuiltIn">
<arg>3s</arg>
<doc>Pauses the test executed for the given time.</doc>
<msg timestamp="20230502 23:47:51.871" level="INFO">Slept 3 seconds</msg>
<status status="PASS" starttime="20230502 23:47:48.867" endtime="20230502 23:47:51.871"/>
</kw>
<kw name="Click Element" library="Selenium2Library">
<arg>xpath://*[@id="add_purc"]/a[2]</arg>
<doc>Click the element identified by ``locator``.</doc>
<msg timestamp="20230502 23:47:51.878" level="INFO">Clicking element 'xpath://*[@id="add_purc"]/a[2]'.</msg>
<status status="PASS" starttime="20230502 23:47:51.871" endtime="20230502 23:47:56.295"/>
</kw>
<kw name="Sleep" library="BuiltIn">
<arg>2s</arg>
<doc>Pauses the test executed for the given time.</doc>
<msg timestamp="20230502 23:47:58.303" level="INFO">Slept 2 seconds</msg>
<status status="PASS" starttime="20230502 23:47:56.296" endtime="20230502 23:47:58.303"/>
</kw>
<status status="PASS" starttime="20230502 23:47:46.200" endtime="20230502 23:47:58.309"/>
</test>
<test id="s1-t3" name="Get API Pembelian Kemudian Lakukan Input Data" line="39">
<for flavor="IN RANGE">
<var>${infinityLoop}</var>
<value>9999</value>
<iter>
<var name="${infinityLoop}">0</var>
<kw name="Create Session" library="RequestsLibrary">
<arg>myssion</arg>
<arg>${base_url}</arg>
<doc>Create Session: create a HTTP session to a server</doc>
<msg timestamp="20230502 23:47:58.363" level="INFO">Creating Session using : alias=myssion, url=http://localhost:8000, headers={},                     cookies={}, auth=None, timeout=None, proxies=None, verify=False,                     debug=0 </msg>
<status status="PASS" starttime="20230502 23:47:58.361" endtime="20230502 23:47:58.364"/>
</kw>
<kw name="Get Request" library="RequestsLibrary">
<var>${response}</var>
<arg>myssion</arg>
<arg>${child_url}</arg>
<doc>*DEPRECATED* Please use `GET On Session` instead.</doc>
<msg timestamp="20230502 23:47:58.367" level="WARN">Keyword 'RequestsLibrary.Get Request' is deprecated. Please use `GET On Session` instead.</msg>
<msg timestamp="20230502 23:48:01.209" level="INFO">GET Request : url=http://localhost:8000/robot/api/pembelian/show 
 path_url=/robot/api/pembelian/show 
 headers={'User-Agent': 'python-requests/2.25.1', 'Accept-Encoding': 'gzip, deflate', 'Accept': '*/*', 'Connection': 'keep-alive'} 
 body=None 
 </msg>
<msg timestamp="20230502 23:48:01.210" level="INFO">GET Response : url=http://localhost:8000/robot/api/pembelian/show 
 status=200, reason=OK 
 headers={'Host': 'localhost:8000', 'Date': 'Tue, 02 May 2023 16:48:01 GMT, Tue, 02 May 2023 16:48:01 GMT', 'Connection': 'close', 'X-Powered-By': 'PHP/8.0.11', 'Cache-Control': 'no-cache, private', 'Content-Type': 'application/json', 'X-Clockwork-Id': '1683046080-7880-1187015075', 'X-Clockwork-Version': '5.1.12', 'Server-Timing': 'app; dur=692.08788871765; desc="Application", db; dur=25.39; desc="Database", timeline-event-0; dur=193.70603561401; desc="Controller"', 'Set-Cookie': 'XSRF-TOKEN=eyJpdiI6ImlPbzJGYXltd2t6ZkQ3ZDk0eWd4YkE9PSIsInZhbHVlIjoiNjBJcVZud2xTaEVHMFFPU0QzUnZxanRPNUpqVkp2U0xtVGgwVGY0OGhNL2p4bEh3c1QyK3JaVldNZnFML1VaSk9aVFR5ckJrUjhMaUhmcUk3dE01KzJLWFNVV2Y1dC9LWkxycjBFUUF0alJRdklhZmlnNEU3aUlaQTYrV1JCWlciLCJtYWMiOiIwMGU0NjU1NWQ4YWVlM2Y1NzU1MDczMGNhMjE4MDcxZGE5ZmE4Yjk3N2UxYTUzOWNlZGYwNjQzYjlhODNjODkzIiwidGFnIjoiIn0%3D; expires=Tue, 02-May-2023 18:48:01 GMT; Max-Age=7200; path=/; samesite=lax, laravel_session=eyJpdiI6IjdXNkFzdG4vOFFCSkp3NlZITkFvVUE9PSIsInZhbHVlIjoic2phM1d3Y2J6MFVnSWhIUlRISEcxejIxVWJJcndDMkFuMk0rNjNGVHRUaGlSYVcxVHM1eGMrb1hNOEFOd0JhU1F5S2lVNDFFUTFDNnNtRndjcUtwb3grcHoySmJEVFhGY2RubU9pVDlMUTQ0dHJIdXVCWDJlM0dBR2cxK0ptNWYiLCJtYWMiOiIzZGZjOGQyOGQ5ZGMxMDNjZGI4MmUxYTA5YTJjYjhiNDVkMmYxYzg1YTEwYzg5MjEwM2VlNWNhY2UyNTVkNTY4IiwidGFnIjoiIn0%3D; expires=Tue, 02-May-2023 18:48:01 GMT; Max-Age=7200; path=/; httponly; samesite=lax'} 
 body={"Tanggal":"02-05-2023","Termin":"bangil","indexTermin":0,"Cabang":"bangil","indexCabang":0,"idRobotPembelian":41,"Data":[{"idBeeCloud":"H220201","namaItem":"Kecap Manis","qty":600,"total":31800,"satuan":"ml","hargaSatuan":53,"gudang":"bangil","indexGudang":0},{"idBeeCloud":"HC210201","namaItem":"Gula Pasir","qty":2000,"total":29500,"satuan":"gram","hargaSatuan":14.75,"gudang":"bangil","indexGudang":0},{"idBeeCloud":"H001062","namaItem":"Sendok Plastik","qty":100,"total":14000,"satuan":"pcs","hargaSatuan":140,"gudang":"bangil","indexGudang":0},{"idBeeCloud":"H001005","namaItem":"Ayam Utuh","qty":4,"total":80000,"satuan":"pcs","hargaSatuan":20000,"gudang":"bangil","indexGudang":0}],"Notes":"Kecap Manis  600 ml  Rp 31800        ,         Gula Pasir  2000 gram  Rp 29500        ,         Sendok Plastik  100 pcs  Rp 14000        ,         Ayam Utuh  4 pcs  Rp 80000        ,         "} 
 </msg>
<msg timestamp="20230502 23:48:01.210" level="INFO">${response} = &lt;Response [200]&gt;</msg>
<status status="PASS" starttime="20230502 23:47:58.367" endtime="20230502 23:48:01.211"/>
</kw>
<kw name="Convert To String" library="BuiltIn">
<var>${status_code}</var>
<arg>${response.status_code}</arg>
<doc>Converts the given item to a Unicode string.</doc>
<msg timestamp="20230502 23:48:01.213" level="INFO">${status_code} = 200</msg>
<status status="PASS" starttime="20230502 23:48:01.211" endtime="20230502 23:48:01.213"/>
</kw>
<kw name="Should Be Equal" library="BuiltIn">
<arg>${status_code}</arg>
<arg>200</arg>
<doc>Fails if the given objects are unequal.</doc>
<status status="PASS" starttime="20230502 23:48:01.214" endtime="20230502 23:48:01.214"/>
</kw>
<kw name="Get From Dictionary" library="Collections">
<var>${contentType}</var>
<arg>${response.headers}</arg>
<arg>Content-Type</arg>
<doc>Returns a value from the given ``dictionary`` based on the given ``key``.</doc>
<msg timestamp="20230502 23:48:01.217" level="INFO">${contentType} = application/json</msg>
<status status="PASS" starttime="20230502 23:48:01.215" endtime="20230502 23:48:01.217"/>
</kw>
<kw name="Should Contain" library="BuiltIn">
<arg>${contentType}</arg>
<arg>application/json</arg>
<doc>Fails if ``container`` does not contain ``item`` one or more times.</doc>
<status status="PASS" starttime="20230502 23:48:01.217" endtime="20230502 23:48:01.220"/>
</kw>
<kw name="Convert To String" library="BuiltIn">
<var>${contentString}</var>
<arg>${response.content}</arg>
<doc>Converts the given item to a Unicode string.</doc>
<msg timestamp="20230502 23:48:01.222" level="INFO">${contentString} = {"Tanggal":"02-05-2023","Termin":"bangil","indexTermin":0,"Cabang":"bangil","indexCabang":0,"idRobotPembelian":41,"Data":[{"idBeeCloud":"H220201","namaItem":"Kecap Manis","qty":600,"total":31800,"satu...</msg>
<status status="PASS" starttime="20230502 23:48:01.221" endtime="20230502 23:48:01.223"/>
</kw>
<kw name="Evaluate" library="BuiltIn">
<var>${contentData}</var>
<arg>json.loads($contentString)</arg>
<arg>json</arg>
<doc>Evaluates the given expression in Python and returns the result.</doc>
<msg timestamp="20230502 23:48:01.238" level="INFO">${contentData} = {'Tanggal': '02-05-2023', 'Termin': 'bangil', 'indexTermin': 0, 'Cabang': 'bangil', 'indexCabang': 0, 'idRobotPembelian': 41, 'Data': [{'idBeeCloud': 'H220201', 'namaItem': 'Kecap Manis', 'qty': 600, ...</msg>
<status status="PASS" starttime="20230502 23:48:01.223" endtime="20230502 23:48:01.238"/>
</kw>
<kw name="Convert To String" library="BuiltIn">
<var>${Tanggal}</var>
<arg>${contentData['Tanggal']}</arg>
<doc>Converts the given item to a Unicode string.</doc>
<msg timestamp="20230502 23:48:01.241" level="INFO">${Tanggal} = 02-05-2023</msg>
<status status="PASS" starttime="20230502 23:48:01.239" endtime="20230502 23:48:01.241"/>
</kw>
<kw name="Convert To String" library="BuiltIn">
<var>${Termin}</var>
<arg>${contentData['Termin']}</arg>
<doc>Converts the given item to a Unicode string.</doc>
<msg timestamp="20230502 23:48:01.246" level="INFO">${Termin} = bangil</msg>
<status status="PASS" starttime="20230502 23:48:01.241" endtime="20230502 23:48:01.246"/>
</kw>
<kw name="Convert To Integer" library="BuiltIn">
<var>${indexTermin}</var>
<arg>${contentData['indexTermin']}</arg>
<doc>Converts the given item to an integer number.</doc>
<msg timestamp="20230502 23:48:01.249" level="INFO">${indexTermin} = 0</msg>
<status status="PASS" starttime="20230502 23:48:01.246" endtime="20230502 23:48:01.249"/>
</kw>
<kw name="Convert To String" library="BuiltIn">
<var>${Cabang}</var>
<arg>${contentData['Cabang']}</arg>
<doc>Converts the given item to a Unicode string.</doc>
<msg timestamp="20230502 23:48:01.253" level="INFO">${Cabang} = bangil</msg>
<status status="PASS" starttime="20230502 23:48:01.249" endtime="20230502 23:48:01.253"/>
</kw>
<kw name="Convert To Integer" library="BuiltIn">
<var>${indexCabang}</var>
<arg>${contentData['indexCabang']}</arg>
<doc>Converts the given item to an integer number.</doc>
<msg timestamp="20230502 23:48:01.256" level="INFO">${indexCabang} = 0</msg>
<status status="PASS" starttime="20230502 23:48:01.254" endtime="20230502 23:48:01.256"/>
</kw>
<kw name="Convert To String" library="BuiltIn">
<var>${Notes}</var>
<arg>${contentData['Notes']}</arg>
<doc>Converts the given item to a Unicode string.</doc>
<msg timestamp="20230502 23:48:01.259" level="INFO">${Notes} = Kecap Manis  600 ml  Rp 31800        ,         Gula Pasir  2000 gram  Rp 29500        ,         Sendok Plastik  100 pcs  Rp 14000        ,         Ayam Utuh  4 pcs  Rp 80000        ,         </msg>
<status status="PASS" starttime="20230502 23:48:01.256" endtime="20230502 23:48:01.259"/>
</kw>
<kw name="Convert To String" library="BuiltIn">
<var>${idRobotPembelian}</var>
<arg>${contentData['idRobotPembelian']}</arg>
<doc>Converts the given item to a Unicode string.</doc>
<msg timestamp="20230502 23:48:01.261" level="INFO">${idRobotPembelian} = 41</msg>
<status status="PASS" starttime="20230502 23:48:01.259" endtime="20230502 23:48:01.262"/>
</kw>
<kw name="Copy List" library="Collections">
<var>@{DataPembelian}</var>
<arg>${contentData['Data']}</arg>
<arg>deepcopy=True</arg>
<doc>Returns a copy of the given list.</doc>
<msg timestamp="20230502 23:48:01.271" level="INFO">@{DataPembelian} = [ {'idBeeCloud': 'H220201', 'namaItem': 'Kecap Manis', 'qty': 600, 'total': 31800, 'satuan': 'ml', 'hargaSatuan': 53, 'gudang': 'bangil', 'indexGudang': 0} | {'idBeeCloud': 'HC210201', 'namaItem': 'Gu...</msg>
<status status="PASS" starttime="20230502 23:48:01.262" endtime="20230502 23:48:01.272"/>
</kw>
<kw name="Get Length" library="BuiltIn">
<var>${countPembelian}</var>
<arg>${DataPembelian}</arg>
<doc>Returns and logs the length of the given item as an integer.</doc>
<msg timestamp="20230502 23:48:01.273" level="INFO">Length is 4</msg>
<msg timestamp="20230502 23:48:01.274" level="INFO">${countPembelian} = 4</msg>
<status status="PASS" starttime="20230502 23:48:01.272" endtime="20230502 23:48:01.274"/>
</kw>
<kw name="Exit For Loop If" library="BuiltIn">
<arg>${countPembelian} == 0</arg>
<doc>Stops executing the enclosing FOR loop if the ``condition`` is true.</doc>
<status status="PASS" starttime="20230502 23:48:01.274" endtime="20230502 23:48:01.276"/>
</kw>
<kw name="Press Keys" library="Selenium2Library">
<arg>xpath://*[@id="trxdate-id"]</arg>
<arg>CTRL+a+BACKSPACE</arg>
<doc>Simulates the user pressing key(s) to an element or on the active browser.</doc>
<msg timestamp="20230502 23:48:01.278" level="INFO">Sending key(s) ('CTRL+a+BACKSPACE',) to xpath://*[@id="trxdate-id"] element.</msg>
<msg timestamp="20230502 23:48:01.722" level="INFO">Pressing special key CONTROL down.</msg>
<msg timestamp="20230502 23:48:01.722" level="INFO">Sending key a</msg>
<msg timestamp="20230502 23:48:01.722" level="INFO">Pressing special key BACKSPACE down.</msg>
<msg timestamp="20230502 23:48:01.722" level="INFO">Releasing special key CONTROL.</msg>
<msg timestamp="20230502 23:48:01.722" level="INFO">Releasing special key BACKSPACE.</msg>
<status status="PASS" starttime="20230502 23:48:01.276" endtime="20230502 23:48:01.782"/>
</kw>
<kw name="Input Text" library="Selenium2Library">
<arg>xpath://*[@id="trxdate-id"]</arg>
<arg>${Tanggal}[0:10]</arg>
<doc>Types the given ``text`` into the text field identified by ``locator``.</doc>
<msg timestamp="20230502 23:48:01.782" level="INFO">Typing text '02-05-2023' into text field 'xpath://*[@id="trxdate-id"]'.</msg>
<status status="PASS" starttime="20230502 23:48:01.782" endtime="20230502 23:48:02.162"/>
</kw>
<kw name="Press Keys" library="Selenium2Library">
<arg>xpath://*[@id="trxdate-id"]</arg>
<arg>ENTER</arg>
<doc>Simulates the user pressing key(s) to an element or on the active browser.</doc>
<msg timestamp="20230502 23:48:02.163" level="INFO">Sending key(s) ('ENTER',) to xpath://*[@id="trxdate-id"] element.</msg>
<msg timestamp="20230502 23:48:02.624" level="INFO">Pressing special key ENTER to element.</msg>
<msg timestamp="20230502 23:48:02.624" level="INFO">Releasing special key ENTER.</msg>
<status status="PASS" starttime="20230502 23:48:02.162" endtime="20230502 23:48:02.700"/>
</kw>
<kw name="Sleep" library="BuiltIn">
<arg>1s</arg>
<doc>Pauses the test executed for the given time.</doc>
<msg timestamp="20230502 23:48:03.714" level="INFO">Slept 1 second</msg>
<status status="PASS" starttime="20230502 23:48:02.703" endtime="20230502 23:48:03.714"/>
</kw>
<kw name="Click Element" library="Selenium2Library">
<arg>xpath://*[@id="s2id_cash_id-id"]/a</arg>
<doc>Click the element identified by ``locator``.</doc>
<msg timestamp="20230502 23:48:03.714" level="INFO">Clicking element 'xpath://*[@id="s2id_cash_id-id"]/a'.</msg>
<status status="PASS" starttime="20230502 23:48:03.714" endtime="20230502 23:48:03.976"/>
</kw>
<kw name="Input Text" library="Selenium2Library">
<arg>xpath://*[@id="s2id_autogen2_search"]</arg>
<arg>${Termin}</arg>
<doc>Types the given ``text`` into the text field identified by ``locator``.</doc>
<msg timestamp="20230502 23:48:03.976" level="INFO">Typing text 'bangil' into text field 'xpath://*[@id="s2id_autogen2_search"]'.</msg>
<status status="PASS" starttime="20230502 23:48:03.976" endtime="20230502 23:48:04.406"/>
</kw>
<for flavor="IN RANGE">
<var>${index}</var>
<value>0</value>
<value>${indexTermin}</value>
<iter>
<var name="${index}"/>
<kw name="Press Key" library="Selenium2Library">
<arg>xpath://*[@id="s2id_autogen2_search"]</arg>
<arg>\ue015</arg>
<doc>*DEPRECATED in Selenium2Library 4.0.* use `Press Keys` instead.</doc>
<msg timestamp="20230502 23:48:04.406" level="WARN">Keyword 'Selenium2Library.Press Key' is deprecated. use `Press Keys` instead.</msg>
<status status="NOT RUN" starttime="20230502 23:48:04.406" endtime="20230502 23:48:04.406"/>
</kw>
<status status="NOT RUN" starttime="20230502 23:48:04.406" endtime="20230502 23:48:04.406"/>
</iter>
<status status="NOT RUN" starttime="20230502 23:48:04.406" endtime="20230502 23:48:04.406"/>
</for>
<kw name="Press Keys" library="Selenium2Library">
<arg>xpath://*[@id="s2id_autogen2_search"]</arg>
<arg>ENTER</arg>
<doc>Simulates the user pressing key(s) to an element or on the active browser.</doc>
<msg timestamp="20230502 23:48:04.413" level="INFO">Sending key(s) ('ENTER',) to xpath://*[@id="s2id_autogen2_search"] element.</msg>
<msg timestamp="20230502 23:48:04.793" level="INFO">Pressing special key ENTER to element.</msg>
<msg timestamp="20230502 23:48:04.793" level="INFO">Releasing special key ENTER.</msg>
<status status="PASS" starttime="20230502 23:48:04.406" endtime="20230502 23:48:04.848"/>
</kw>
<kw name="Sleep" library="BuiltIn">
<arg>1s</arg>
<doc>Pauses the test executed for the given time.</doc>
<msg timestamp="20230502 23:48:05.856" level="INFO">Slept 1 second</msg>
<status status="PASS" starttime="20230502 23:48:04.848" endtime="20230502 23:48:05.857"/>
</kw>
<kw name="Set Variable" library="BuiltIn">
<var>${loopCount}</var>
<arg>${0}</arg>
<doc>Returns the given values which can then be assigned to a variables.</doc>
<msg timestamp="20230502 23:48:05.858" level="INFO">${loopCount} = 0</msg>
<status status="PASS" starttime="20230502 23:48:05.858" endtime="20230502 23:48:05.858"/>
</kw>
<for flavor="IN">
<var>${DataLoop}</var>
<value>@{DataPembelian}</value>
<iter>
<var name="${DataLoop}">{'idBeeCloud': 'H220201', 'namaItem': 'Kecap Manis', 'qty': 600, 'total': 31800, 'satuan': 'ml', 'hargaSatuan': 53, 'gudang': 'bangil', 'indexGudang': 0}</var>
<kw name="Convert To String" library="BuiltIn">
<var>${idItemLoop}</var>
<arg>${DataLoop['idBeeCloud']}</arg>
<doc>Converts the given item to a Unicode string.</doc>
<msg timestamp="20230502 23:48:05.863" level="INFO">${idItemLoop} = H220201</msg>
<status status="PASS" starttime="20230502 23:48:05.863" endtime="20230502 23:48:05.863"/>
</kw>
<kw name="Execute Javascript" library="Selenium2Library">
<arg>window.scrollTo(0,document.body.scrollHeight)</arg>
<doc>Executes the given JavaScript code with possible arguments.</doc>
<msg timestamp="20230502 23:48:05.873" level="INFO">Executing JavaScript:
window.scrollTo(0,document.body.scrollHeight)
Without any arguments.</msg>
<status status="PASS" starttime="20230502 23:48:05.863" endtime="20230502 23:48:05.893"/>
</kw>
<kw name="Sleep" library="BuiltIn">
<arg>1s</arg>
<doc>Pauses the test executed for the given time.</doc>
<msg timestamp="20230502 23:48:06.903" level="INFO">Slept 1 second</msg>
<status status="PASS" starttime="20230502 23:48:05.893" endtime="20230502 23:48:06.908"/>
</kw>
<kw name="Click Element" library="Selenium2Library">
<arg>xpath://*[@id="s2id_item_id"]/a</arg>
<doc>Click the element identified by ``locator``.</doc>
<msg timestamp="20230502 23:48:06.908" level="INFO">Clicking element 'xpath://*[@id="s2id_item_id"]/a'.</msg>
<status status="PASS" starttime="20230502 23:48:06.908" endtime="20230502 23:48:07.059"/>
</kw>
<kw name="Input Text" library="Selenium2Library">
<arg>xpath://*[@id="s2id_autogen5_search"]</arg>
<arg>${idItemLoop}</arg>
<doc>Types the given ``text`` into the text field identified by ``locator``.</doc>
<msg timestamp="20230502 23:48:07.059" level="INFO">Typing text 'H220201' into text field 'xpath://*[@id="s2id_autogen5_search"]'.</msg>
<status status="PASS" starttime="20230502 23:48:07.059" endtime="20230502 23:48:07.263"/>
</kw>
<kw name="Sleep" library="BuiltIn">
<arg>2s</arg>
<doc>Pauses the test executed for the given time.</doc>
<msg timestamp="20230502 23:48:09.273" level="INFO">Slept 2 seconds</msg>
<status status="PASS" starttime="20230502 23:48:07.268" endtime="20230502 23:48:09.273"/>
</kw>
<kw name="Press Keys" library="Selenium2Library">
<arg>xpath://*[@id="s2id_autogen5_search"]</arg>
<arg>ENTER</arg>
<doc>Simulates the user pressing key(s) to an element or on the active browser.</doc>
<msg timestamp="20230502 23:48:09.273" level="INFO">Sending key(s) ('ENTER',) to xpath://*[@id="s2id_autogen5_search"] element.</msg>
<msg timestamp="20230502 23:48:09.590" level="INFO">Pressing special key ENTER to element.</msg>
<msg timestamp="20230502 23:48:09.590" level="INFO">Releasing special key ENTER.</msg>
<status status="PASS" starttime="20230502 23:48:09.273" endtime="20230502 23:48:10.131"/>
</kw>
<kw name="Sleep" library="BuiltIn">
<arg>1s</arg>
<doc>Pauses the test executed for the given time.</doc>
<msg timestamp="20230502 23:48:11.139" level="INFO">Slept 1 second</msg>
<status status="PASS" starttime="20230502 23:48:10.131" endtime="20230502 23:48:11.139"/>
</kw>
<kw name="Set Variable" library="BuiltIn">
<var>${loopCount}</var>
<arg>${loopCount+1}</arg>
<doc>Returns the given values which can then be assigned to a variables.</doc>
<msg timestamp="20230502 23:48:11.139" level="INFO">${loopCount} = 1</msg>
<status status="PASS" starttime="20230502 23:48:11.139" endtime="20230502 23:48:11.139"/>
</kw>
<status status="PASS" starttime="20230502 23:48:05.863" endtime="20230502 23:48:11.139"/>
</iter>
<iter>
<var name="${DataLoop}">{'idBeeCloud': 'HC210201', 'namaItem': 'Gula Pasir', 'qty': 2000, 'total': 29500, 'satuan': 'gram', 'hargaSatuan': 14.75, 'gudang': 'bangil', 'indexGudang': 0}</var>
<kw name="Convert To String" library="BuiltIn">
<var>${idItemLoop}</var>
<arg>${DataLoop['idBeeCloud']}</arg>
<doc>Converts the given item to a Unicode string.</doc>
<msg timestamp="20230502 23:48:11.155" level="INFO">${idItemLoop} = HC210201</msg>
<status status="PASS" starttime="20230502 23:48:11.139" endtime="20230502 23:48:11.155"/>
</kw>
<kw name="Execute Javascript" library="Selenium2Library">
<arg>window.scrollTo(0,document.body.scrollHeight)</arg>
<doc>Executes the given JavaScript code with possible arguments.</doc>
<msg timestamp="20230502 23:48:11.156" level="INFO">Executing JavaScript:
window.scrollTo(0,document.body.scrollHeight)
Without any arguments.</msg>
<status status="PASS" starttime="20230502 23:48:11.156" endtime="20230502 23:48:11.156"/>
</kw>
<kw name="Sleep" library="BuiltIn">
<arg>1s</arg>
<doc>Pauses the test executed for the given time.</doc>
<msg timestamp="20230502 23:48:12.161" level="INFO">Slept 1 second</msg>
<status status="PASS" starttime="20230502 23:48:11.156" endtime="20230502 23:48:12.162"/>
</kw>
<kw name="Click Element" library="Selenium2Library">
<arg>xpath://*[@id="s2id_item_id"]/a</arg>
<doc>Click the element identified by ``locator``.</doc>
<msg timestamp="20230502 23:48:12.163" level="INFO">Clicking element 'xpath://*[@id="s2id_item_id"]/a'.</msg>
<status status="PASS" starttime="20230502 23:48:12.163" endtime="20230502 23:48:12.279"/>
</kw>
<kw name="Input Text" library="Selenium2Library">
<arg>xpath://*[@id="s2id_autogen5_search"]</arg>
<arg>${idItemLoop}</arg>
<doc>Types the given ``text`` into the text field identified by ``locator``.</doc>
<msg timestamp="20230502 23:48:12.281" level="INFO">Typing text 'HC210201' into text field 'xpath://*[@id="s2id_autogen5_search"]'.</msg>
<status status="PASS" starttime="20230502 23:48:12.280" endtime="20230502 23:48:12.408"/>
</kw>
<kw name="Sleep" library="BuiltIn">
<arg>2s</arg>
<doc>Pauses the test executed for the given time.</doc>
<msg timestamp="20230502 23:48:14.435" level="INFO">Slept 2 seconds</msg>
<status status="PASS" starttime="20230502 23:48:12.424" endtime="20230502 23:48:14.435"/>
</kw>
<kw name="Press Keys" library="Selenium2Library">
<arg>xpath://*[@id="s2id_autogen5_search"]</arg>
<arg>ENTER</arg>
<doc>Simulates the user pressing key(s) to an element or on the active browser.</doc>
<msg timestamp="20230502 23:48:14.435" level="INFO">Sending key(s) ('ENTER',) to xpath://*[@id="s2id_autogen5_search"] element.</msg>
<msg timestamp="20230502 23:48:14.751" level="INFO">Pressing special key ENTER to element.</msg>
<msg timestamp="20230502 23:48:14.751" level="INFO">Releasing special key ENTER.</msg>
<status status="PASS" starttime="20230502 23:48:14.435" endtime="20230502 23:48:15.150"/>
</kw>
<kw name="Sleep" library="BuiltIn">
<arg>1s</arg>
<doc>Pauses the test executed for the given time.</doc>
<msg timestamp="20230502 23:48:16.153" level="INFO">Slept 1 second</msg>
<status status="PASS" starttime="20230502 23:48:15.150" endtime="20230502 23:48:16.153"/>
</kw>
<kw name="Set Variable" library="BuiltIn">
<var>${loopCount}</var>
<arg>${loopCount+1}</arg>
<doc>Returns the given values which can then be assigned to a variables.</doc>
<msg timestamp="20230502 23:48:16.153" level="INFO">${loopCount} = 2</msg>
<status status="PASS" starttime="20230502 23:48:16.153" endtime="20230502 23:48:16.153"/>
</kw>
<status status="PASS" starttime="20230502 23:48:11.139" endtime="20230502 23:48:16.153"/>
</iter>
<iter>
<var name="${DataLoop}">{'idBeeCloud': 'H001062', 'namaItem': 'Sendok Plastik', 'qty': 100, 'total': 14000, 'satuan': 'pcs', 'hargaSatuan': 140, 'gudang': 'bangil', 'indexGudang': 0}</var>
<kw name="Convert To String" library="BuiltIn">
<var>${idItemLoop}</var>
<arg>${DataLoop['idBeeCloud']}</arg>
<doc>Converts the given item to a Unicode string.</doc>
<msg timestamp="20230502 23:48:16.153" level="INFO">${idItemLoop} = H001062</msg>
<status status="PASS" starttime="20230502 23:48:16.153" endtime="20230502 23:48:16.153"/>
</kw>
<kw name="Execute Javascript" library="Selenium2Library">
<arg>window.scrollTo(0,document.body.scrollHeight)</arg>
<doc>Executes the given JavaScript code with possible arguments.</doc>
<msg timestamp="20230502 23:48:16.153" level="INFO">Executing JavaScript:
window.scrollTo(0,document.body.scrollHeight)
Without any arguments.</msg>
<status status="PASS" starttime="20230502 23:48:16.153" endtime="20230502 23:48:16.169"/>
</kw>
<kw name="Sleep" library="BuiltIn">
<arg>1s</arg>
<doc>Pauses the test executed for the given time.</doc>
<msg timestamp="20230502 23:48:17.196" level="INFO">Slept 1 second</msg>
<status status="PASS" starttime="20230502 23:48:16.169" endtime="20230502 23:48:17.196"/>
</kw>
<kw name="Click Element" library="Selenium2Library">
<arg>xpath://*[@id="s2id_item_id"]/a</arg>
<doc>Click the element identified by ``locator``.</doc>
<msg timestamp="20230502 23:48:17.204" level="INFO">Clicking element 'xpath://*[@id="s2id_item_id"]/a'.</msg>
<status status="PASS" starttime="20230502 23:48:17.197" endtime="20230502 23:48:17.329"/>
</kw>
<kw name="Input Text" library="Selenium2Library">
<arg>xpath://*[@id="s2id_autogen5_search"]</arg>
<arg>${idItemLoop}</arg>
<doc>Types the given ``text`` into the text field identified by ``locator``.</doc>
<msg timestamp="20230502 23:48:17.330" level="INFO">Typing text 'H001062' into text field 'xpath://*[@id="s2id_autogen5_search"]'.</msg>
<status status="PASS" starttime="20230502 23:48:17.329" endtime="20230502 23:48:17.430"/>
</kw>
<kw name="Sleep" library="BuiltIn">
<arg>2s</arg>
<doc>Pauses the test executed for the given time.</doc>
<msg timestamp="20230502 23:48:19.436" level="INFO">Slept 2 seconds</msg>
<status status="PASS" starttime="20230502 23:48:17.430" endtime="20230502 23:48:19.436"/>
</kw>
<kw name="Press Keys" library="Selenium2Library">
<arg>xpath://*[@id="s2id_autogen5_search"]</arg>
<arg>ENTER</arg>
<doc>Simulates the user pressing key(s) to an element or on the active browser.</doc>
<msg timestamp="20230502 23:48:19.436" level="INFO">Sending key(s) ('ENTER',) to xpath://*[@id="s2id_autogen5_search"] element.</msg>
<msg timestamp="20230502 23:48:19.759" level="INFO">Pressing special key ENTER to element.</msg>
<msg timestamp="20230502 23:48:19.759" level="INFO">Releasing special key ENTER.</msg>
<status status="PASS" starttime="20230502 23:48:19.436" endtime="20230502 23:48:20.161"/>
</kw>
<kw name="Sleep" library="BuiltIn">
<arg>1s</arg>
<doc>Pauses the test executed for the given time.</doc>
<msg timestamp="20230502 23:48:21.172" level="INFO">Slept 1 second</msg>
<status status="PASS" starttime="20230502 23:48:20.162" endtime="20230502 23:48:21.172"/>
</kw>
<kw name="Set Variable" library="BuiltIn">
<var>${loopCount}</var>
<arg>${loopCount+1}</arg>
<doc>Returns the given values which can then be assigned to a variables.</doc>
<msg timestamp="20230502 23:48:21.172" level="INFO">${loopCount} = 3</msg>
<status status="PASS" starttime="20230502 23:48:21.172" endtime="20230502 23:48:21.172"/>
</kw>
<status status="PASS" starttime="20230502 23:48:16.153" endtime="20230502 23:48:21.172"/>
</iter>
<iter>
<var name="${DataLoop}">{'idBeeCloud': 'H001005', 'namaItem': 'Ayam Utuh', 'qty': 4, 'total': 80000, 'satuan': 'pcs', 'hargaSatuan': 20000, 'gudang': 'bangil', 'indexGudang': 0}</var>
<kw name="Convert To String" library="BuiltIn">
<var>${idItemLoop}</var>
<arg>${DataLoop['idBeeCloud']}</arg>
<doc>Converts the given item to a Unicode string.</doc>
<msg timestamp="20230502 23:48:21.172" level="INFO">${idItemLoop} = H001005</msg>
<status status="PASS" starttime="20230502 23:48:21.172" endtime="20230502 23:48:21.172"/>
</kw>
<kw name="Execute Javascript" library="Selenium2Library">
<arg>window.scrollTo(0,document.body.scrollHeight)</arg>
<doc>Executes the given JavaScript code with possible arguments.</doc>
<msg timestamp="20230502 23:48:21.172" level="INFO">Executing JavaScript:
window.scrollTo(0,document.body.scrollHeight)
Without any arguments.</msg>
<status status="PASS" starttime="20230502 23:48:21.172" endtime="20230502 23:48:21.206"/>
</kw>
<kw name="Sleep" library="BuiltIn">
<arg>1s</arg>
<doc>Pauses the test executed for the given time.</doc>
<msg timestamp="20230502 23:48:22.209" level="INFO">Slept 1 second</msg>
<status status="PASS" starttime="20230502 23:48:21.206" endtime="20230502 23:48:22.210"/>
</kw>
<kw name="Click Element" library="Selenium2Library">
<arg>xpath://*[@id="s2id_item_id"]/a</arg>
<doc>Click the element identified by ``locator``.</doc>
<msg timestamp="20230502 23:48:22.216" level="INFO">Clicking element 'xpath://*[@id="s2id_item_id"]/a'.</msg>
<status status="PASS" starttime="20230502 23:48:22.211" endtime="20230502 23:48:22.387"/>
</kw>
<kw name="Input Text" library="Selenium2Library">
<arg>xpath://*[@id="s2id_autogen5_search"]</arg>
<arg>${idItemLoop}</arg>
<doc>Types the given ``text`` into the text field identified by ``locator``.</doc>
<msg timestamp="20230502 23:48:22.387" level="INFO">Typing text 'H001005' into text field 'xpath://*[@id="s2id_autogen5_search"]'.</msg>
<status status="PASS" starttime="20230502 23:48:22.387" endtime="20230502 23:48:22.613"/>
</kw>
<kw name="Sleep" library="BuiltIn">
<arg>2s</arg>
<doc>Pauses the test executed for the given time.</doc>
<msg timestamp="20230502 23:48:24.624" level="INFO">Slept 2 seconds</msg>
<status status="PASS" starttime="20230502 23:48:22.613" endtime="20230502 23:48:24.626"/>
</kw>
<kw name="Press Keys" library="Selenium2Library">
<arg>xpath://*[@id="s2id_autogen5_search"]</arg>
<arg>ENTER</arg>
<doc>Simulates the user pressing key(s) to an element or on the active browser.</doc>
<msg timestamp="20230502 23:48:24.626" level="INFO">Sending key(s) ('ENTER',) to xpath://*[@id="s2id_autogen5_search"] element.</msg>
<msg timestamp="20230502 23:48:24.969" level="INFO">Pressing special key ENTER to element.</msg>
<msg timestamp="20230502 23:48:24.969" level="INFO">Releasing special key ENTER.</msg>
<status status="PASS" starttime="20230502 23:48:24.626" endtime="20230502 23:48:25.336"/>
</kw>
<kw name="Sleep" library="BuiltIn">
<arg>1s</arg>
<doc>Pauses the test executed for the given time.</doc>
<msg timestamp="20230502 23:48:26.337" level="INFO">Slept 1 second</msg>
<status status="PASS" starttime="20230502 23:48:25.336" endtime="20230502 23:48:26.337"/>
</kw>
<kw name="Set Variable" library="BuiltIn">
<var>${loopCount}</var>
<arg>${loopCount+1}</arg>
<doc>Returns the given values which can then be assigned to a variables.</doc>
<msg timestamp="20230502 23:48:26.337" level="INFO">${loopCount} = 4</msg>
<status status="PASS" starttime="20230502 23:48:26.337" endtime="20230502 23:48:26.337"/>
</kw>
<status status="PASS" starttime="20230502 23:48:21.172" endtime="20230502 23:48:26.337"/>
</iter>
<status status="PASS" starttime="20230502 23:48:05.858" endtime="20230502 23:48:26.337"/>
</for>
<kw name="Execute Javascript" library="Selenium2Library">
<arg>window.scrollTo(0,document.body.scrollHeight)</arg>
<doc>Executes the given JavaScript code with possible arguments.</doc>
<msg timestamp="20230502 23:48:26.337" level="INFO">Executing JavaScript:
window.scrollTo(0,document.body.scrollHeight)
Without any arguments.</msg>
<status status="PASS" starttime="20230502 23:48:26.337" endtime="20230502 23:48:26.353"/>
</kw>
<kw name="Sleep" library="BuiltIn">
<arg>1s</arg>
<doc>Pauses the test executed for the given time.</doc>
<msg timestamp="20230502 23:48:27.369" level="INFO">Slept 1 second</msg>
<status status="PASS" starttime="20230502 23:48:26.353" endtime="20230502 23:48:27.369"/>
</kw>
<kw name="Input Text" library="Selenium2Library">
<arg>xpath://*[@id="purc-note"]</arg>
<arg>${Notes}</arg>
<doc>Types the given ``text`` into the text field identified by ``locator``.</doc>
<msg timestamp="20230502 23:48:27.369" level="INFO">Typing text 'Kecap Manis  600 ml  Rp 31800        ,         Gula Pasir  2000 gram  Rp 29500        ,         Sendok Plastik  100 pcs  Rp 14000        ,         Ayam Utuh  4 pcs  Rp 80000        ,         ' into text field 'xpath://*[@id="purc-note"]'.</msg>
<status status="PASS" starttime="20230502 23:48:27.369" endtime="20230502 23:48:28.170"/>
</kw>
<if>
<branch type="IF" condition="${loopCount} &gt; 1">
<kw name="Set Variable" library="BuiltIn">
<var>${loopCount}</var>
<arg>${0}</arg>
<doc>Returns the given values which can then be assigned to a variables.</doc>
<msg timestamp="20230502 23:48:28.170" level="INFO">${loopCount} = 0</msg>
<status status="PASS" starttime="20230502 23:48:28.170" endtime="20230502 23:48:28.170"/>
</kw>
<for flavor="IN">
<var>${DataLoop}</var>
<value>@{DataPembelian}</value>
<iter>
<var name="${DataLoop}">{'idBeeCloud': 'H220201', 'namaItem': 'Kecap Manis', 'qty': 600, 'total': 31800, 'satuan': 'ml', 'hargaSatuan': 53, 'gudang': 'bangil', 'indexGudang': 0}</var>
<kw name="Set Variable" library="BuiltIn">
<var>${loopCount}</var>
<arg>${loopCount+1}</arg>
<doc>Returns the given values which can then be assigned to a variables.</doc>
<msg timestamp="20230502 23:48:28.186" level="INFO">${loopCount} = 1</msg>
<status status="PASS" starttime="20230502 23:48:28.170" endtime="20230502 23:48:28.186"/>
</kw>
<kw name="Set Variable" library="BuiltIn">
<var>${newXPath}</var>
<arg>${xpathTablePembelian}/tr[${loopCount}]/td[11]/a[1]</arg>
<doc>Returns the given values which can then be assigned to a variables.</doc>
<msg timestamp="20230502 23:48:28.186" level="INFO">${newXPath} = /html/body/div[3]/div[2]/div[1]/div[2]/div/div[2]/div[2]/form/div[1]/div[4]/div/div/table/tbody/tr[1]/td[11]/a[1]</msg>
<status status="PASS" starttime="20230502 23:48:28.186" endtime="20230502 23:48:28.186"/>
</kw>
<kw name="Execute Javascript" library="Selenium2Library">
<arg>window.scrollTo(0, document.body.scrollHeight/3)</arg>
<doc>Executes the given JavaScript code with possible arguments.</doc>
<msg timestamp="20230502 23:48:28.186" level="INFO">Executing JavaScript:
window.scrollTo(0, document.body.scrollHeight/3)
Without any arguments.</msg>
<status status="PASS" starttime="20230502 23:48:28.186" endtime="20230502 23:48:28.222"/>
</kw>
<kw name="Sleep" library="BuiltIn">
<arg>1s</arg>
<doc>Pauses the test executed for the given time.</doc>
<msg timestamp="20230502 23:48:29.224" level="INFO">Slept 1 second</msg>
<status status="PASS" starttime="20230502 23:48:28.222" endtime="20230502 23:48:29.224"/>
</kw>
<kw name="Click Element" library="Selenium2Library">
<arg>xpath:${newXPath}</arg>
<doc>Click the element identified by ``locator``.</doc>
<msg timestamp="20230502 23:48:29.224" level="INFO">Clicking element 'xpath:/html/body/div[3]/div[2]/div[1]/div[2]/div/div[2]/div[2]/form/div[1]/div[4]/div/div/table/tbody/tr[1]/td[11]/a[1]'.</msg>
<status status="PASS" starttime="20230502 23:48:29.224" endtime="20230502 23:48:29.358"/>
</kw>
<kw name="Sleep" library="BuiltIn">
<arg>2s</arg>
<doc>Pauses the test executed for the given time.</doc>
<msg timestamp="20230502 23:48:31.373" level="INFO">Slept 2 seconds</msg>
<status status="PASS" starttime="20230502 23:48:29.358" endtime="20230502 23:48:31.373"/>
</kw>
<kw name="Press Keys" library="Selenium2Library">
<arg>xpath://*[@id="dlgpurcd_qty"]</arg>
<arg>CTRL+a+BACKSPACE</arg>
<doc>Simulates the user pressing key(s) to an element or on the active browser.</doc>
<msg timestamp="20230502 23:48:31.373" level="INFO">Sending key(s) ('CTRL+a+BACKSPACE',) to xpath://*[@id="dlgpurcd_qty"] element.</msg>
<msg timestamp="20230502 23:48:31.774" level="INFO">Pressing special key CONTROL down.</msg>
<msg timestamp="20230502 23:48:31.774" level="INFO">Sending key a</msg>
<msg timestamp="20230502 23:48:31.774" level="INFO">Pressing special key BACKSPACE down.</msg>
<msg timestamp="20230502 23:48:31.774" level="INFO">Releasing special key CONTROL.</msg>
<msg timestamp="20230502 23:48:31.774" level="INFO">Releasing special key BACKSPACE.</msg>
<status status="PASS" starttime="20230502 23:48:31.373" endtime="20230502 23:48:31.829"/>
</kw>
<kw name="Input Text" library="Selenium2Library">
<arg>xpath://*[@id="dlgpurcd_qty"]</arg>
<arg>${DataLoop['qty']}</arg>
<doc>Types the given ``text`` into the text field identified by ``locator``.</doc>
<msg timestamp="20230502 23:48:31.829" level="INFO">Typing text '600' into text field 'xpath://*[@id="dlgpurcd_qty"]'.</msg>
<status status="PASS" starttime="20230502 23:48:31.829" endtime="20230502 23:48:31.960"/>
</kw>
<kw name="Press Keys" library="Selenium2Library">
<arg>xpath://*[@id="dlgpurcd_listprice"]</arg>
<arg>CTRL+a+BACKSPACE</arg>
<doc>Simulates the user pressing key(s) to an element or on the active browser.</doc>
<msg timestamp="20230502 23:48:31.960" level="INFO">Sending key(s) ('CTRL+a+BACKSPACE',) to xpath://*[@id="dlgpurcd_listprice"] element.</msg>
<msg timestamp="20230502 23:48:32.321" level="INFO">Pressing special key CONTROL down.</msg>
<msg timestamp="20230502 23:48:32.321" level="INFO">Sending key a</msg>
<msg timestamp="20230502 23:48:32.321" level="INFO">Pressing special key BACKSPACE down.</msg>
<msg timestamp="20230502 23:48:32.321" level="INFO">Releasing special key CONTROL.</msg>
<msg timestamp="20230502 23:48:32.321" level="INFO">Releasing special key BACKSPACE.</msg>
<status status="PASS" starttime="20230502 23:48:31.960" endtime="20230502 23:48:32.352"/>
</kw>
<kw name="Input Text" library="Selenium2Library">
<arg>xpath://*[@id="dlgpurcd_listprice"]</arg>
<arg>${DataLoop['hargaSatuan']}</arg>
<doc>Types the given ``text`` into the text field identified by ``locator``.</doc>
<msg timestamp="20230502 23:48:32.352" level="INFO">Typing text '53' into text field 'xpath://*[@id="dlgpurcd_listprice"]'.</msg>
<status status="PASS" starttime="20230502 23:48:32.352" endtime="20230502 23:48:32.502"/>
</kw>
<kw name="Click Element" library="Selenium2Library">
<arg>xpath://*[@id="s2id_dlgpurcd_wh_id"]/a</arg>
<doc>Click the element identified by ``locator``.</doc>
<msg timestamp="20230502 23:48:32.502" level="INFO">Clicking element 'xpath://*[@id="s2id_dlgpurcd_wh_id"]/a'.</msg>
<status status="PASS" starttime="20230502 23:48:32.502" endtime="20230502 23:48:32.727"/>
</kw>
<kw name="Input Text" library="Selenium2Library">
<arg>xpath://*[@id="s2id_autogen10_search"]</arg>
<arg>${DataLoop['gudang']}</arg>
<doc>Types the given ``text`` into the text field identified by ``locator``.</doc>
<msg timestamp="20230502 23:48:32.727" level="INFO">Typing text 'bangil' into text field 'xpath://*[@id="s2id_autogen10_search"]'.</msg>
<status status="PASS" starttime="20230502 23:48:32.727" endtime="20230502 23:48:32.984"/>
</kw>
<for flavor="IN RANGE">
<var>${index}</var>
<value>0</value>
<value>${DataLoop['indexGudang']}</value>
<iter>
<var name="${index}"/>
<kw name="Press Key" library="Selenium2Library">
<arg>xpath://*[@id="s2id_autogen10_search"]</arg>
<arg>\ue015</arg>
<doc>*DEPRECATED in Selenium2Library 4.0.* use `Press Keys` instead.</doc>
<msg timestamp="20230502 23:48:32.984" level="WARN">Keyword 'Selenium2Library.Press Key' is deprecated. use `Press Keys` instead.</msg>
<status status="NOT RUN" starttime="20230502 23:48:32.984" endtime="20230502 23:48:32.984"/>
</kw>
<status status="NOT RUN" starttime="20230502 23:48:32.984" endtime="20230502 23:48:32.984"/>
</iter>
<status status="NOT RUN" starttime="20230502 23:48:32.984" endtime="20230502 23:48:32.984"/>
</for>
<kw name="Press Keys" library="Selenium2Library">
<arg>xpath://*[@id="s2id_autogen10_search"]</arg>
<arg>ENTER</arg>
<doc>Simulates the user pressing key(s) to an element or on the active browser.</doc>
<msg timestamp="20230502 23:48:32.990" level="INFO">Sending key(s) ('ENTER',) to xpath://*[@id="s2id_autogen10_search"] element.</msg>
<msg timestamp="20230502 23:48:33.325" level="INFO">Pressing special key ENTER to element.</msg>
<msg timestamp="20230502 23:48:33.325" level="INFO">Releasing special key ENTER.</msg>
<status status="PASS" starttime="20230502 23:48:32.989" endtime="20230502 23:48:33.405"/>
</kw>
<kw name="Execute Javascript" library="Selenium2Library">
<arg>window.scrollTo(0,document.body.scrollHeight)</arg>
<doc>Executes the given JavaScript code with possible arguments.</doc>
<msg timestamp="20230502 23:48:33.405" level="INFO">Executing JavaScript:
window.scrollTo(0,document.body.scrollHeight)
Without any arguments.</msg>
<status status="PASS" starttime="20230502 23:48:33.405" endtime="20230502 23:48:33.421"/>
</kw>
<kw name="Sleep" library="BuiltIn">
<arg>1s</arg>
<doc>Pauses the test executed for the given time.</doc>
<msg timestamp="20230502 23:48:34.437" level="INFO">Slept 1 second</msg>
<status status="PASS" starttime="20230502 23:48:33.421" endtime="20230502 23:48:34.437"/>
</kw>
<kw name="Click Element" library="Selenium2Library">
<arg>xpath://*[@id="btnAdd"]</arg>
<doc>Click the element identified by ``locator``.</doc>
<msg timestamp="20230502 23:48:34.438" level="INFO">Clicking element 'xpath://*[@id="btnAdd"]'.</msg>
<status status="PASS" starttime="20230502 23:48:34.438" endtime="20230502 23:48:34.643"/>
</kw>
<kw name="Sleep" library="BuiltIn">
<arg>2s</arg>
<doc>Pauses the test executed for the given time.</doc>
<msg timestamp="20230502 23:48:36.653" level="INFO">Slept 2 seconds</msg>
<status status="PASS" starttime="20230502 23:48:34.644" endtime="20230502 23:48:36.653"/>
</kw>
<status status="PASS" starttime="20230502 23:48:28.170" endtime="20230502 23:48:36.653"/>
</iter>
<iter>
<var name="${DataLoop}">{'idBeeCloud': 'HC210201', 'namaItem': 'Gula Pasir', 'qty': 2000, 'total': 29500, 'satuan': 'gram', 'hargaSatuan': 14.75, 'gudang': 'bangil', 'indexGudang': 0}</var>
<kw name="Set Variable" library="BuiltIn">
<var>${loopCount}</var>
<arg>${loopCount+1}</arg>
<doc>Returns the given values which can then be assigned to a variables.</doc>
<msg timestamp="20230502 23:48:36.653" level="INFO">${loopCount} = 2</msg>
<status status="PASS" starttime="20230502 23:48:36.653" endtime="20230502 23:48:36.653"/>
</kw>
<kw name="Set Variable" library="BuiltIn">
<var>${newXPath}</var>
<arg>${xpathTablePembelian}/tr[${loopCount}]/td[11]/a[1]</arg>
<doc>Returns the given values which can then be assigned to a variables.</doc>
<msg timestamp="20230502 23:48:36.653" level="INFO">${newXPath} = /html/body/div[3]/div[2]/div[1]/div[2]/div/div[2]/div[2]/form/div[1]/div[4]/div/div/table/tbody/tr[2]/td[11]/a[1]</msg>
<status status="PASS" starttime="20230502 23:48:36.653" endtime="20230502 23:48:36.653"/>
</kw>
<kw name="Execute Javascript" library="Selenium2Library">
<arg>window.scrollTo(0, document.body.scrollHeight/3)</arg>
<doc>Executes the given JavaScript code with possible arguments.</doc>
<msg timestamp="20230502 23:48:36.668" level="INFO">Executing JavaScript:
window.scrollTo(0, document.body.scrollHeight/3)
Without any arguments.</msg>
<status status="PASS" starttime="20230502 23:48:36.653" endtime="20230502 23:48:36.696"/>
</kw>
<kw name="Sleep" library="BuiltIn">
<arg>1s</arg>
<doc>Pauses the test executed for the given time.</doc>
<msg timestamp="20230502 23:48:37.708" level="INFO">Slept 1 second</msg>
<status status="PASS" starttime="20230502 23:48:36.696" endtime="20230502 23:48:37.708"/>
</kw>
<kw name="Click Element" library="Selenium2Library">
<arg>xpath:${newXPath}</arg>
<doc>Click the element identified by ``locator``.</doc>
<msg timestamp="20230502 23:48:37.708" level="INFO">Clicking element 'xpath:/html/body/div[3]/div[2]/div[1]/div[2]/div/div[2]/div[2]/form/div[1]/div[4]/div/div/table/tbody/tr[2]/td[11]/a[1]'.</msg>
<status status="PASS" starttime="20230502 23:48:37.708" endtime="20230502 23:48:37.860"/>
</kw>
<kw name="Sleep" library="BuiltIn">
<arg>2s</arg>
<doc>Pauses the test executed for the given time.</doc>
<msg timestamp="20230502 23:48:39.870" level="INFO">Slept 2 seconds</msg>
<status status="PASS" starttime="20230502 23:48:37.860" endtime="20230502 23:48:39.870"/>
</kw>
<kw name="Press Keys" library="Selenium2Library">
<arg>xpath://*[@id="dlgpurcd_qty"]</arg>
<arg>CTRL+a+BACKSPACE</arg>
<doc>Simulates the user pressing key(s) to an element or on the active browser.</doc>
<msg timestamp="20230502 23:48:39.870" level="INFO">Sending key(s) ('CTRL+a+BACKSPACE',) to xpath://*[@id="dlgpurcd_qty"] element.</msg>
<msg timestamp="20230502 23:48:40.354" level="INFO">Pressing special key CONTROL down.</msg>
<msg timestamp="20230502 23:48:40.354" level="INFO">Sending key a</msg>
<msg timestamp="20230502 23:48:40.354" level="INFO">Pressing special key BACKSPACE down.</msg>
<msg timestamp="20230502 23:48:40.354" level="INFO">Releasing special key CONTROL.</msg>
<msg timestamp="20230502 23:48:40.354" level="INFO">Releasing special key BACKSPACE.</msg>
<status status="PASS" starttime="20230502 23:48:39.870" endtime="20230502 23:48:40.421"/>
</kw>
<kw name="Input Text" library="Selenium2Library">
<arg>xpath://*[@id="dlgpurcd_qty"]</arg>
<arg>${DataLoop['qty']}</arg>
<doc>Types the given ``text`` into the text field identified by ``locator``.</doc>
<msg timestamp="20230502 23:48:40.421" level="INFO">Typing text '2000' into text field 'xpath://*[@id="dlgpurcd_qty"]'.</msg>
<status status="PASS" starttime="20230502 23:48:40.421" endtime="20230502 23:48:40.562"/>
</kw>
<kw name="Press Keys" library="Selenium2Library">
<arg>xpath://*[@id="dlgpurcd_listprice"]</arg>
<arg>CTRL+a+BACKSPACE</arg>
<doc>Simulates the user pressing key(s) to an element or on the active browser.</doc>
<msg timestamp="20230502 23:48:40.563" level="INFO">Sending key(s) ('CTRL+a+BACKSPACE',) to xpath://*[@id="dlgpurcd_listprice"] element.</msg>
<msg timestamp="20230502 23:48:40.938" level="INFO">Pressing special key CONTROL down.</msg>
<msg timestamp="20230502 23:48:40.938" level="INFO">Sending key a</msg>
<msg timestamp="20230502 23:48:40.938" level="INFO">Pressing special key BACKSPACE down.</msg>
<msg timestamp="20230502 23:48:40.938" level="INFO">Releasing special key CONTROL.</msg>
<msg timestamp="20230502 23:48:40.938" level="INFO">Releasing special key BACKSPACE.</msg>
<status status="PASS" starttime="20230502 23:48:40.562" endtime="20230502 23:48:40.969"/>
</kw>
<kw name="Input Text" library="Selenium2Library">
<arg>xpath://*[@id="dlgpurcd_listprice"]</arg>
<arg>${DataLoop['hargaSatuan']}</arg>
<doc>Types the given ``text`` into the text field identified by ``locator``.</doc>
<msg timestamp="20230502 23:48:40.986" level="INFO">Typing text '14.75' into text field 'xpath://*[@id="dlgpurcd_listprice"]'.</msg>
<status status="PASS" starttime="20230502 23:48:40.969" endtime="20230502 23:48:41.111"/>
</kw>
<kw name="Click Element" library="Selenium2Library">
<arg>xpath://*[@id="s2id_dlgpurcd_wh_id"]/a</arg>
<doc>Click the element identified by ``locator``.</doc>
<msg timestamp="20230502 23:48:41.113" level="INFO">Clicking element 'xpath://*[@id="s2id_dlgpurcd_wh_id"]/a'.</msg>
<status status="PASS" starttime="20230502 23:48:41.111" endtime="20230502 23:48:41.242"/>
</kw>
<kw name="Input Text" library="Selenium2Library">
<arg>xpath://*[@id="s2id_autogen10_search"]</arg>
<arg>${DataLoop['gudang']}</arg>
<doc>Types the given ``text`` into the text field identified by ``locator``.</doc>
<msg timestamp="20230502 23:48:41.258" level="INFO">Typing text 'bangil' into text field 'xpath://*[@id="s2id_autogen10_search"]'.</msg>
<status status="PASS" starttime="20230502 23:48:41.242" endtime="20230502 23:48:41.468"/>
</kw>
<for flavor="IN RANGE">
<var>${index}</var>
<value>0</value>
<value>${DataLoop['indexGudang']}</value>
<iter>
<var name="${index}"/>
<kw name="Press Key" library="Selenium2Library">
<arg>xpath://*[@id="s2id_autogen10_search"]</arg>
<arg>\ue015</arg>
<doc>*DEPRECATED in Selenium2Library 4.0.* use `Press Keys` instead.</doc>
<msg timestamp="20230502 23:48:41.468" level="WARN">Keyword 'Selenium2Library.Press Key' is deprecated. use `Press Keys` instead.</msg>
<status status="NOT RUN" starttime="20230502 23:48:41.468" endtime="20230502 23:48:41.468"/>
</kw>
<status status="NOT RUN" starttime="20230502 23:48:41.468" endtime="20230502 23:48:41.468"/>
</iter>
<status status="NOT RUN" starttime="20230502 23:48:41.468" endtime="20230502 23:48:41.468"/>
</for>
<kw name="Press Keys" library="Selenium2Library">
<arg>xpath://*[@id="s2id_autogen10_search"]</arg>
<arg>ENTER</arg>
<doc>Simulates the user pressing key(s) to an element or on the active browser.</doc>
<msg timestamp="20230502 23:48:41.484" level="INFO">Sending key(s) ('ENTER',) to xpath://*[@id="s2id_autogen10_search"] element.</msg>
<msg timestamp="20230502 23:48:41.823" level="INFO">Pressing special key ENTER to element.</msg>
<msg timestamp="20230502 23:48:41.823" level="INFO">Releasing special key ENTER.</msg>
<status status="PASS" starttime="20230502 23:48:41.482" endtime="20230502 23:48:41.925"/>
</kw>
<kw name="Execute Javascript" library="Selenium2Library">
<arg>window.scrollTo(0,document.body.scrollHeight)</arg>
<doc>Executes the given JavaScript code with possible arguments.</doc>
<msg timestamp="20230502 23:48:41.927" level="INFO">Executing JavaScript:
window.scrollTo(0,document.body.scrollHeight)
Without any arguments.</msg>
<status status="PASS" starttime="20230502 23:48:41.925" endtime="20230502 23:48:41.939"/>
</kw>
<kw name="Sleep" library="BuiltIn">
<arg>1s</arg>
<doc>Pauses the test executed for the given time.</doc>
<msg timestamp="20230502 23:48:42.951" level="INFO">Slept 1 second</msg>
<status status="PASS" starttime="20230502 23:48:41.939" endtime="20230502 23:48:42.951"/>
</kw>
<kw name="Click Element" library="Selenium2Library">
<arg>xpath://*[@id="btnAdd"]</arg>
<doc>Click the element identified by ``locator``.</doc>
<msg timestamp="20230502 23:48:42.951" level="INFO">Clicking element 'xpath://*[@id="btnAdd"]'.</msg>
<status status="PASS" starttime="20230502 23:48:42.951" endtime="20230502 23:48:43.116"/>
</kw>
<kw name="Sleep" library="BuiltIn">
<arg>2s</arg>
<doc>Pauses the test executed for the given time.</doc>
<msg timestamp="20230502 23:48:45.123" level="INFO">Slept 2 seconds</msg>
<status status="PASS" starttime="20230502 23:48:43.116" endtime="20230502 23:48:45.123"/>
</kw>
<status status="PASS" starttime="20230502 23:48:36.653" endtime="20230502 23:48:45.123"/>
</iter>
<iter>
<var name="${DataLoop}">{'idBeeCloud': 'H001062', 'namaItem': 'Sendok Plastik', 'qty': 100, 'total': 14000, 'satuan': 'pcs', 'hargaSatuan': 140, 'gudang': 'bangil', 'indexGudang': 0}</var>
<kw name="Set Variable" library="BuiltIn">
<var>${loopCount}</var>
<arg>${loopCount+1}</arg>
<doc>Returns the given values which can then be assigned to a variables.</doc>
<msg timestamp="20230502 23:48:45.123" level="INFO">${loopCount} = 3</msg>
<status status="PASS" starttime="20230502 23:48:45.123" endtime="20230502 23:48:45.123"/>
</kw>
<kw name="Set Variable" library="BuiltIn">
<var>${newXPath}</var>
<arg>${xpathTablePembelian}/tr[${loopCount}]/td[11]/a[1]</arg>
<doc>Returns the given values which can then be assigned to a variables.</doc>
<msg timestamp="20230502 23:48:45.123" level="INFO">${newXPath} = /html/body/div[3]/div[2]/div[1]/div[2]/div/div[2]/div[2]/form/div[1]/div[4]/div/div/table/tbody/tr[3]/td[11]/a[1]</msg>
<status status="PASS" starttime="20230502 23:48:45.123" endtime="20230502 23:48:45.123"/>
</kw>
<kw name="Execute Javascript" library="Selenium2Library">
<arg>window.scrollTo(0, document.body.scrollHeight/3)</arg>
<doc>Executes the given JavaScript code with possible arguments.</doc>
<msg timestamp="20230502 23:48:45.123" level="INFO">Executing JavaScript:
window.scrollTo(0, document.body.scrollHeight/3)
Without any arguments.</msg>
<status status="PASS" starttime="20230502 23:48:45.123" endtime="20230502 23:48:45.167"/>
</kw>
<kw name="Sleep" library="BuiltIn">
<arg>1s</arg>
<doc>Pauses the test executed for the given time.</doc>
<msg timestamp="20230502 23:48:46.176" level="INFO">Slept 1 second</msg>
<status status="PASS" starttime="20230502 23:48:45.169" endtime="20230502 23:48:46.176"/>
</kw>
<kw name="Click Element" library="Selenium2Library">
<arg>xpath:${newXPath}</arg>
<doc>Click the element identified by ``locator``.</doc>
<msg timestamp="20230502 23:48:46.176" level="INFO">Clicking element 'xpath:/html/body/div[3]/div[2]/div[1]/div[2]/div/div[2]/div[2]/form/div[1]/div[4]/div/div/table/tbody/tr[3]/td[11]/a[1]'.</msg>
<status status="PASS" starttime="20230502 23:48:46.176" endtime="20230502 23:48:46.356"/>
</kw>
<kw name="Sleep" library="BuiltIn">
<arg>2s</arg>
<doc>Pauses the test executed for the given time.</doc>
<msg timestamp="20230502 23:48:48.371" level="INFO">Slept 2 seconds</msg>
<status status="PASS" starttime="20230502 23:48:46.356" endtime="20230502 23:48:48.371"/>
</kw>
<kw name="Press Keys" library="Selenium2Library">
<arg>xpath://*[@id="dlgpurcd_qty"]</arg>
<arg>CTRL+a+BACKSPACE</arg>
<doc>Simulates the user pressing key(s) to an element or on the active browser.</doc>
<msg timestamp="20230502 23:48:48.371" level="INFO">Sending key(s) ('CTRL+a+BACKSPACE',) to xpath://*[@id="dlgpurcd_qty"] element.</msg>
<msg timestamp="20230502 23:48:48.802" level="INFO">Pressing special key CONTROL down.</msg>
<msg timestamp="20230502 23:48:48.802" level="INFO">Sending key a</msg>
<msg timestamp="20230502 23:48:48.802" level="INFO">Pressing special key BACKSPACE down.</msg>
<msg timestamp="20230502 23:48:48.802" level="INFO">Releasing special key CONTROL.</msg>
<msg timestamp="20230502 23:48:48.802" level="INFO">Releasing special key BACKSPACE.</msg>
<status status="PASS" starttime="20230502 23:48:48.371" endtime="20230502 23:48:48.842"/>
</kw>
<kw name="Input Text" library="Selenium2Library">
<arg>xpath://*[@id="dlgpurcd_qty"]</arg>
<arg>${DataLoop['qty']}</arg>
<doc>Types the given ``text`` into the text field identified by ``locator``.</doc>
<msg timestamp="20230502 23:48:48.842" level="INFO">Typing text '100' into text field 'xpath://*[@id="dlgpurcd_qty"]'.</msg>
<status status="PASS" starttime="20230502 23:48:48.842" endtime="20230502 23:48:48.981"/>
</kw>
<kw name="Press Keys" library="Selenium2Library">
<arg>xpath://*[@id="dlgpurcd_listprice"]</arg>
<arg>CTRL+a+BACKSPACE</arg>
<doc>Simulates the user pressing key(s) to an element or on the active browser.</doc>
<msg timestamp="20230502 23:48:48.981" level="INFO">Sending key(s) ('CTRL+a+BACKSPACE',) to xpath://*[@id="dlgpurcd_listprice"] element.</msg>
<msg timestamp="20230502 23:48:49.327" level="INFO">Pressing special key CONTROL down.</msg>
<msg timestamp="20230502 23:48:49.327" level="INFO">Sending key a</msg>
<msg timestamp="20230502 23:48:49.327" level="INFO">Pressing special key BACKSPACE down.</msg>
<msg timestamp="20230502 23:48:49.327" level="INFO">Releasing special key CONTROL.</msg>
<msg timestamp="20230502 23:48:49.327" level="INFO">Releasing special key BACKSPACE.</msg>
<status status="PASS" starttime="20230502 23:48:48.981" endtime="20230502 23:48:49.369"/>
</kw>
<kw name="Input Text" library="Selenium2Library">
<arg>xpath://*[@id="dlgpurcd_listprice"]</arg>
<arg>${DataLoop['hargaSatuan']}</arg>
<doc>Types the given ``text`` into the text field identified by ``locator``.</doc>
<msg timestamp="20230502 23:48:49.388" level="INFO">Typing text '140' into text field 'xpath://*[@id="dlgpurcd_listprice"]'.</msg>
<status status="PASS" starttime="20230502 23:48:49.369" endtime="20230502 23:48:49.521"/>
</kw>
<kw name="Click Element" library="Selenium2Library">
<arg>xpath://*[@id="s2id_dlgpurcd_wh_id"]/a</arg>
<doc>Click the element identified by ``locator``.</doc>
<msg timestamp="20230502 23:48:49.536" level="INFO">Clicking element 'xpath://*[@id="s2id_dlgpurcd_wh_id"]/a'.</msg>
<status status="PASS" starttime="20230502 23:48:49.521" endtime="20230502 23:48:49.643"/>
</kw>
<kw name="Input Text" library="Selenium2Library">
<arg>xpath://*[@id="s2id_autogen10_search"]</arg>
<arg>${DataLoop['gudang']}</arg>
<doc>Types the given ``text`` into the text field identified by ``locator``.</doc>
<msg timestamp="20230502 23:48:49.646" level="INFO">Typing text 'bangil' into text field 'xpath://*[@id="s2id_autogen10_search"]'.</msg>
<status status="PASS" starttime="20230502 23:48:49.644" endtime="20230502 23:48:49.851"/>
</kw>
<for flavor="IN RANGE">
<var>${index}</var>
<value>0</value>
<value>${DataLoop['indexGudang']}</value>
<iter>
<var name="${index}"/>
<kw name="Press Key" library="Selenium2Library">
<arg>xpath://*[@id="s2id_autogen10_search"]</arg>
<arg>\ue015</arg>
<doc>*DEPRECATED in Selenium2Library 4.0.* use `Press Keys` instead.</doc>
<msg timestamp="20230502 23:48:49.851" level="WARN">Keyword 'Selenium2Library.Press Key' is deprecated. use `Press Keys` instead.</msg>
<status status="NOT RUN" starttime="20230502 23:48:49.851" endtime="20230502 23:48:49.851"/>
</kw>
<status status="NOT RUN" starttime="20230502 23:48:49.851" endtime="20230502 23:48:49.851"/>
</iter>
<status status="NOT RUN" starttime="20230502 23:48:49.851" endtime="20230502 23:48:49.851"/>
</for>
<kw name="Press Keys" library="Selenium2Library">
<arg>xpath://*[@id="s2id_autogen10_search"]</arg>
<arg>ENTER</arg>
<doc>Simulates the user pressing key(s) to an element or on the active browser.</doc>
<msg timestamp="20230502 23:48:49.857" level="INFO">Sending key(s) ('ENTER',) to xpath://*[@id="s2id_autogen10_search"] element.</msg>
<msg timestamp="20230502 23:48:50.221" level="INFO">Pressing special key ENTER to element.</msg>
<msg timestamp="20230502 23:48:50.222" level="INFO">Releasing special key ENTER.</msg>
<status status="PASS" starttime="20230502 23:48:49.856" endtime="20230502 23:48:50.318"/>
</kw>
<kw name="Execute Javascript" library="Selenium2Library">
<arg>window.scrollTo(0,document.body.scrollHeight)</arg>
<doc>Executes the given JavaScript code with possible arguments.</doc>
<msg timestamp="20230502 23:48:50.318" level="INFO">Executing JavaScript:
window.scrollTo(0,document.body.scrollHeight)
Without any arguments.</msg>
<status status="PASS" starttime="20230502 23:48:50.318" endtime="20230502 23:48:50.333"/>
</kw>
<kw name="Sleep" library="BuiltIn">
<arg>1s</arg>
<doc>Pauses the test executed for the given time.</doc>
<msg timestamp="20230502 23:48:51.337" level="INFO">Slept 1 second</msg>
<status status="PASS" starttime="20230502 23:48:50.333" endtime="20230502 23:48:51.337"/>
</kw>
<kw name="Click Element" library="Selenium2Library">
<arg>xpath://*[@id="btnAdd"]</arg>
<doc>Click the element identified by ``locator``.</doc>
<msg timestamp="20230502 23:48:51.337" level="INFO">Clicking element 'xpath://*[@id="btnAdd"]'.</msg>
<status status="PASS" starttime="20230502 23:48:51.337" endtime="20230502 23:48:51.524"/>
</kw>
<kw name="Sleep" library="BuiltIn">
<arg>2s</arg>
<doc>Pauses the test executed for the given time.</doc>
<msg timestamp="20230502 23:48:53.533" level="INFO">Slept 2 seconds</msg>
<status status="PASS" starttime="20230502 23:48:51.524" endtime="20230502 23:48:53.533"/>
</kw>
<status status="PASS" starttime="20230502 23:48:45.123" endtime="20230502 23:48:53.533"/>
</iter>
<iter>
<var name="${DataLoop}">{'idBeeCloud': 'H001005', 'namaItem': 'Ayam Utuh', 'qty': 4, 'total': 80000, 'satuan': 'pcs', 'hargaSatuan': 20000, 'gudang': 'bangil', 'indexGudang': 0}</var>
<kw name="Set Variable" library="BuiltIn">
<var>${loopCount}</var>
<arg>${loopCount+1}</arg>
<doc>Returns the given values which can then be assigned to a variables.</doc>
<msg timestamp="20230502 23:48:53.533" level="INFO">${loopCount} = 4</msg>
<status status="PASS" starttime="20230502 23:48:53.533" endtime="20230502 23:48:53.533"/>
</kw>
<kw name="Set Variable" library="BuiltIn">
<var>${newXPath}</var>
<arg>${xpathTablePembelian}/tr[${loopCount}]/td[11]/a[1]</arg>
<doc>Returns the given values which can then be assigned to a variables.</doc>
<msg timestamp="20230502 23:48:53.533" level="INFO">${newXPath} = /html/body/div[3]/div[2]/div[1]/div[2]/div/div[2]/div[2]/form/div[1]/div[4]/div/div/table/tbody/tr[4]/td[11]/a[1]</msg>
<status status="PASS" starttime="20230502 23:48:53.533" endtime="20230502 23:48:53.533"/>
</kw>
<kw name="Execute Javascript" library="Selenium2Library">
<arg>window.scrollTo(0, document.body.scrollHeight/3)</arg>
<doc>Executes the given JavaScript code with possible arguments.</doc>
<msg timestamp="20230502 23:48:53.533" level="INFO">Executing JavaScript:
window.scrollTo(0, document.body.scrollHeight/3)
Without any arguments.</msg>
<status status="PASS" starttime="20230502 23:48:53.533" endtime="20230502 23:48:53.587"/>
</kw>
<kw name="Sleep" library="BuiltIn">
<arg>1s</arg>
<doc>Pauses the test executed for the given time.</doc>
<msg timestamp="20230502 23:48:54.593" level="INFO">Slept 1 second</msg>
<status status="PASS" starttime="20230502 23:48:53.588" endtime="20230502 23:48:54.593"/>
</kw>
<kw name="Click Element" library="Selenium2Library">
<arg>xpath:${newXPath}</arg>
<doc>Click the element identified by ``locator``.</doc>
<msg timestamp="20230502 23:48:54.593" level="INFO">Clicking element 'xpath:/html/body/div[3]/div[2]/div[1]/div[2]/div/div[2]/div[2]/form/div[1]/div[4]/div/div/table/tbody/tr[4]/td[11]/a[1]'.</msg>
<status status="PASS" starttime="20230502 23:48:54.593" endtime="20230502 23:48:54.737"/>
</kw>
<kw name="Sleep" library="BuiltIn">
<arg>2s</arg>
<doc>Pauses the test executed for the given time.</doc>
<msg timestamp="20230502 23:48:56.739" level="INFO">Slept 2 seconds</msg>
<status status="PASS" starttime="20230502 23:48:54.737" endtime="20230502 23:48:56.739"/>
</kw>
<kw name="Press Keys" library="Selenium2Library">
<arg>xpath://*[@id="dlgpurcd_qty"]</arg>
<arg>CTRL+a+BACKSPACE</arg>
<doc>Simulates the user pressing key(s) to an element or on the active browser.</doc>
<msg timestamp="20230502 23:48:56.739" level="INFO">Sending key(s) ('CTRL+a+BACKSPACE',) to xpath://*[@id="dlgpurcd_qty"] element.</msg>
<msg timestamp="20230502 23:48:57.209" level="INFO">Pressing special key CONTROL down.</msg>
<msg timestamp="20230502 23:48:57.209" level="INFO">Sending key a</msg>
<msg timestamp="20230502 23:48:57.209" level="INFO">Pressing special key BACKSPACE down.</msg>
<msg timestamp="20230502 23:48:57.209" level="INFO">Releasing special key CONTROL.</msg>
<msg timestamp="20230502 23:48:57.209" level="INFO">Releasing special key BACKSPACE.</msg>
<status status="PASS" starttime="20230502 23:48:56.739" endtime="20230502 23:48:57.238"/>
</kw>
<kw name="Input Text" library="Selenium2Library">
<arg>xpath://*[@id="dlgpurcd_qty"]</arg>
<arg>${DataLoop['qty']}</arg>
<doc>Types the given ``text`` into the text field identified by ``locator``.</doc>
<msg timestamp="20230502 23:48:57.238" level="INFO">Typing text '4' into text field 'xpath://*[@id="dlgpurcd_qty"]'.</msg>
<status status="PASS" starttime="20230502 23:48:57.238" endtime="20230502 23:48:57.348"/>
</kw>
<kw name="Press Keys" library="Selenium2Library">
<arg>xpath://*[@id="dlgpurcd_listprice"]</arg>
<arg>CTRL+a+BACKSPACE</arg>
<doc>Simulates the user pressing key(s) to an element or on the active browser.</doc>
<msg timestamp="20230502 23:48:57.348" level="INFO">Sending key(s) ('CTRL+a+BACKSPACE',) to xpath://*[@id="dlgpurcd_listprice"] element.</msg>
<msg timestamp="20230502 23:48:57.736" level="INFO">Pressing special key CONTROL down.</msg>
<msg timestamp="20230502 23:48:57.736" level="INFO">Sending key a</msg>
<msg timestamp="20230502 23:48:57.736" level="INFO">Pressing special key BACKSPACE down.</msg>
<msg timestamp="20230502 23:48:57.736" level="INFO">Releasing special key CONTROL.</msg>
<msg timestamp="20230502 23:48:57.736" level="INFO">Releasing special key BACKSPACE.</msg>
<status status="PASS" starttime="20230502 23:48:57.348" endtime="20230502 23:48:57.792"/>
</kw>
<kw name="Input Text" library="Selenium2Library">
<arg>xpath://*[@id="dlgpurcd_listprice"]</arg>
<arg>${DataLoop['hargaSatuan']}</arg>
<doc>Types the given ``text`` into the text field identified by ``locator``.</doc>
<msg timestamp="20230502 23:48:57.792" level="INFO">Typing text '20000' into text field 'xpath://*[@id="dlgpurcd_listprice"]'.</msg>
<status status="PASS" starttime="20230502 23:48:57.792" endtime="20230502 23:48:57.963"/>
</kw>
<kw name="Click Element" library="Selenium2Library">
<arg>xpath://*[@id="s2id_dlgpurcd_wh_id"]/a</arg>
<doc>Click the element identified by ``locator``.</doc>
<msg timestamp="20230502 23:48:57.964" level="INFO">Clicking element 'xpath://*[@id="s2id_dlgpurcd_wh_id"]/a'.</msg>
<status status="PASS" starttime="20230502 23:48:57.964" endtime="20230502 23:48:58.176"/>
</kw>
<kw name="Input Text" library="Selenium2Library">
<arg>xpath://*[@id="s2id_autogen10_search"]</arg>
<arg>${DataLoop['gudang']}</arg>
<doc>Types the given ``text`` into the text field identified by ``locator``.</doc>
<msg timestamp="20230502 23:48:58.191" level="INFO">Typing text 'bangil' into text field 'xpath://*[@id="s2id_autogen10_search"]'.</msg>
<status status="PASS" starttime="20230502 23:48:58.176" endtime="20230502 23:48:58.653"/>
</kw>
<for flavor="IN RANGE">
<var>${index}</var>
<value>0</value>
<value>${DataLoop['indexGudang']}</value>
<iter>
<var name="${index}"/>
<kw name="Press Key" library="Selenium2Library">
<arg>xpath://*[@id="s2id_autogen10_search"]</arg>
<arg>\ue015</arg>
<doc>*DEPRECATED in Selenium2Library 4.0.* use `Press Keys` instead.</doc>
<msg timestamp="20230502 23:48:58.653" level="WARN">Keyword 'Selenium2Library.Press Key' is deprecated. use `Press Keys` instead.</msg>
<status status="NOT RUN" starttime="20230502 23:48:58.653" endtime="20230502 23:48:58.667"/>
</kw>
<status status="NOT RUN" starttime="20230502 23:48:58.653" endtime="20230502 23:48:58.667"/>
</iter>
<status status="NOT RUN" starttime="20230502 23:48:58.653" endtime="20230502 23:48:58.667"/>
</for>
<kw name="Press Keys" library="Selenium2Library">
<arg>xpath://*[@id="s2id_autogen10_search"]</arg>
<arg>ENTER</arg>
<doc>Simulates the user pressing key(s) to an element or on the active browser.</doc>
<msg timestamp="20230502 23:48:58.669" level="INFO">Sending key(s) ('ENTER',) to xpath://*[@id="s2id_autogen10_search"] element.</msg>
<msg timestamp="20230502 23:48:58.983" level="INFO">Pressing special key ENTER to element.</msg>
<msg timestamp="20230502 23:48:58.983" level="INFO">Releasing special key ENTER.</msg>
<status status="PASS" starttime="20230502 23:48:58.668" endtime="20230502 23:48:59.073"/>
</kw>
<kw name="Execute Javascript" library="Selenium2Library">
<arg>window.scrollTo(0,document.body.scrollHeight)</arg>
<doc>Executes the given JavaScript code with possible arguments.</doc>
<msg timestamp="20230502 23:48:59.073" level="INFO">Executing JavaScript:
window.scrollTo(0,document.body.scrollHeight)
Without any arguments.</msg>
<status status="PASS" starttime="20230502 23:48:59.073" endtime="20230502 23:48:59.089"/>
</kw>
<kw name="Sleep" library="BuiltIn">
<arg>1s</arg>
<doc>Pauses the test executed for the given time.</doc>
<msg timestamp="20230502 23:49:00.103" level="INFO">Slept 1 second</msg>
<status status="PASS" starttime="20230502 23:48:59.089" endtime="20230502 23:49:00.104"/>
</kw>
<kw name="Click Element" library="Selenium2Library">
<arg>xpath://*[@id="btnAdd"]</arg>
<doc>Click the element identified by ``locator``.</doc>
<msg timestamp="20230502 23:49:00.106" level="INFO">Clicking element 'xpath://*[@id="btnAdd"]'.</msg>
<status status="PASS" starttime="20230502 23:49:00.105" endtime="20230502 23:49:00.296"/>
</kw>
<kw name="Sleep" library="BuiltIn">
<arg>2s</arg>
<doc>Pauses the test executed for the given time.</doc>
<msg timestamp="20230502 23:49:02.302" level="INFO">Slept 2 seconds</msg>
<status status="PASS" starttime="20230502 23:49:00.296" endtime="20230502 23:49:02.302"/>
</kw>
<status status="PASS" starttime="20230502 23:48:53.533" endtime="20230502 23:49:02.302"/>
</iter>
<status status="PASS" starttime="20230502 23:48:28.170" endtime="20230502 23:49:02.302"/>
</for>
<status status="PASS" starttime="20230502 23:48:28.170" endtime="20230502 23:49:02.302"/>
</branch>
<branch type="ELSE">
<kw name="Set Variable" library="BuiltIn">
<var>${newXPath}</var>
<arg>${xpathTablePembelian}/tr/td[11]/a[1]</arg>
<doc>Returns the given values which can then be assigned to a variables.</doc>
<status status="NOT RUN" starttime="20230502 23:49:02.302" endtime="20230502 23:49:02.302"/>
</kw>
<kw name="Execute Javascript" library="Selenium2Library">
<arg>window.scrollTo(0, document.body.scrollHeight/3)</arg>
<doc>Executes the given JavaScript code with possible arguments.</doc>
<status status="NOT RUN" starttime="20230502 23:49:02.302" endtime="20230502 23:49:02.302"/>
</kw>
<kw name="Sleep" library="BuiltIn">
<arg>1s</arg>
<doc>Pauses the test executed for the given time.</doc>
<status status="NOT RUN" starttime="20230502 23:49:02.302" endtime="20230502 23:49:02.302"/>
</kw>
<kw name="Click Element" library="Selenium2Library">
<arg>xpath:${newXPath}</arg>
<doc>Click the element identified by ``locator``.</doc>
<status status="NOT RUN" starttime="20230502 23:49:02.302" endtime="20230502 23:49:02.302"/>
</kw>
<kw name="Sleep" library="BuiltIn">
<arg>2s</arg>
<doc>Pauses the test executed for the given time.</doc>
<status status="NOT RUN" starttime="20230502 23:49:02.302" endtime="20230502 23:49:02.302"/>
</kw>
<kw name="Press Keys" library="Selenium2Library">
<arg>xpath://*[@id="dlgpurcd_qty"]</arg>
<arg>CTRL+a+BACKSPACE</arg>
<doc>Simulates the user pressing key(s) to an element or on the active browser.</doc>
<status status="NOT RUN" starttime="20230502 23:49:02.302" endtime="20230502 23:49:02.302"/>
</kw>
<kw name="Input Text" library="Selenium2Library">
<arg>xpath://*[@id="dlgpurcd_qty"]</arg>
<arg>${DataLoop['qty']}</arg>
<doc>Types the given ``text`` into the text field identified by ``locator``.</doc>
<status status="NOT RUN" starttime="20230502 23:49:02.302" endtime="20230502 23:49:02.302"/>
</kw>
<kw name="Press Keys" library="Selenium2Library">
<arg>xpath://*[@id="dlgpurcd_listprice"]</arg>
<arg>CTRL+a+BACKSPACE</arg>
<doc>Simulates the user pressing key(s) to an element or on the active browser.</doc>
<status status="NOT RUN" starttime="20230502 23:49:02.302" endtime="20230502 23:49:02.302"/>
</kw>
<kw name="Input Text" library="Selenium2Library">
<arg>xpath://*[@id="dlgpurcd_listprice"]</arg>
<arg>${DataLoop['hargaSatuan']}</arg>
<doc>Types the given ``text`` into the text field identified by ``locator``.</doc>
<status status="NOT RUN" starttime="20230502 23:49:02.302" endtime="20230502 23:49:02.302"/>
</kw>
<kw name="Click Element" library="Selenium2Library">
<arg>xpath://*[@id="s2id_dlgpurcd_wh_id"]/a</arg>
<doc>Click the element identified by ``locator``.</doc>
<status status="NOT RUN" starttime="20230502 23:49:02.302" endtime="20230502 23:49:02.302"/>
</kw>
<kw name="Input Text" library="Selenium2Library">
<arg>xpath://*[@id="s2id_autogen10_search"]</arg>
<arg>${DataLoop['gudang']}</arg>
<doc>Types the given ``text`` into the text field identified by ``locator``.</doc>
<status status="NOT RUN" starttime="20230502 23:49:02.302" endtime="20230502 23:49:02.302"/>
</kw>
<for flavor="IN RANGE">
<var>${index}</var>
<value>0</value>
<value>${DataLoop['indexGudang']}</value>
<iter>
<var name="${index}"/>
<kw name="Press Key" library="Selenium2Library">
<arg>xpath://*[@id="s2id_autogen10_search"]</arg>
<arg>\ue015</arg>
<doc>*DEPRECATED in Selenium2Library 4.0.* use `Press Keys` instead.</doc>
<msg timestamp="20230502 23:49:02.302" level="WARN">Keyword 'Selenium2Library.Press Key' is deprecated. use `Press Keys` instead.</msg>
<status status="NOT RUN" starttime="20230502 23:49:02.302" endtime="20230502 23:49:02.317"/>
</kw>
<status status="NOT RUN" starttime="20230502 23:49:02.302" endtime="20230502 23:49:02.323"/>
</iter>
<status status="NOT RUN" starttime="20230502 23:49:02.302" endtime="20230502 23:49:02.323"/>
</for>
<kw name="Press Keys" library="Selenium2Library">
<arg>xpath://*[@id="s2id_autogen10_search"]</arg>
<arg>ENTER</arg>
<doc>Simulates the user pressing key(s) to an element or on the active browser.</doc>
<status status="NOT RUN" starttime="20230502 23:49:02.324" endtime="20230502 23:49:02.325"/>
</kw>
<kw name="Execute Javascript" library="Selenium2Library">
<arg>window.scrollTo(0,document.body.scrollHeight)</arg>
<doc>Executes the given JavaScript code with possible arguments.</doc>
<status status="NOT RUN" starttime="20230502 23:49:02.326" endtime="20230502 23:49:02.326"/>
</kw>
<kw name="Sleep" library="BuiltIn">
<arg>1s</arg>
<doc>Pauses the test executed for the given time.</doc>
<status status="NOT RUN" starttime="20230502 23:49:02.327" endtime="20230502 23:49:02.328"/>
</kw>
<kw name="Click Element" library="Selenium2Library">
<arg>xpath://*[@id="btnAdd"]</arg>
<doc>Click the element identified by ``locator``.</doc>
<status status="NOT RUN" starttime="20230502 23:49:02.328" endtime="20230502 23:49:02.329"/>
</kw>
<kw name="Sleep" library="BuiltIn">
<arg>1s</arg>
<doc>Pauses the test executed for the given time.</doc>
<status status="NOT RUN" starttime="20230502 23:49:02.329" endtime="20230502 23:49:02.330"/>
</kw>
<status status="NOT RUN" starttime="20230502 23:49:02.302" endtime="20230502 23:49:02.330"/>
</branch>
<status status="PASS" starttime="20230502 23:48:28.170" endtime="20230502 23:49:02.330"/>
</if>
<kw name="Click Element" library="Selenium2Library">
<arg>xpath://*[@id="s2id_purc-branch_id"]/a</arg>
<doc>Click the element identified by ``locator``.</doc>
<msg timestamp="20230502 23:49:02.340" level="INFO">Clicking element 'xpath://*[@id="s2id_purc-branch_id"]/a'.</msg>
<status status="PASS" starttime="20230502 23:49:02.331" endtime="20230502 23:49:02.549"/>
</kw>
<kw name="Input Text" library="Selenium2Library">
<arg>xpath://*[@id="s2id_autogen6_search"]</arg>
<arg>${Cabang}</arg>
<doc>Types the given ``text`` into the text field identified by ``locator``.</doc>
<msg timestamp="20230502 23:49:02.552" level="INFO">Typing text 'bangil' into text field 'xpath://*[@id="s2id_autogen6_search"]'.</msg>
<status status="PASS" starttime="20230502 23:49:02.549" endtime="20230502 23:49:02.772"/>
</kw>
<for flavor="IN RANGE">
<var>${index}</var>
<value>0</value>
<value>${indexCabang}</value>
<iter>
<var name="${index}"/>
<kw name="Press Key" library="Selenium2Library">
<arg>xpath://*[@id="s2id_autogen6_search"]</arg>
<arg>\ue015</arg>
<doc>*DEPRECATED in Selenium2Library 4.0.* use `Press Keys` instead.</doc>
<msg timestamp="20230502 23:49:02.772" level="WARN">Keyword 'Selenium2Library.Press Key' is deprecated. use `Press Keys` instead.</msg>
<status status="NOT RUN" starttime="20230502 23:49:02.772" endtime="20230502 23:49:02.772"/>
</kw>
<status status="NOT RUN" starttime="20230502 23:49:02.772" endtime="20230502 23:49:02.772"/>
</iter>
<status status="NOT RUN" starttime="20230502 23:49:02.772" endtime="20230502 23:49:02.772"/>
</for>
<kw name="Press Keys" library="Selenium2Library">
<arg>xpath://*[@id="s2id_autogen6_search"]</arg>
<arg>ENTER</arg>
<doc>Simulates the user pressing key(s) to an element or on the active browser.</doc>
<msg timestamp="20230502 23:49:02.772" level="INFO">Sending key(s) ('ENTER',) to xpath://*[@id="s2id_autogen6_search"] element.</msg>
<msg timestamp="20230502 23:49:03.171" level="INFO">Pressing special key ENTER to element.</msg>
<msg timestamp="20230502 23:49:03.171" level="INFO">Releasing special key ENTER.</msg>
<status status="PASS" starttime="20230502 23:49:02.772" endtime="20230502 23:49:03.238"/>
</kw>
<kw name="Sleep" library="BuiltIn">
<arg>1s</arg>
<doc>Pauses the test executed for the given time.</doc>
<msg timestamp="20230502 23:49:04.245" level="INFO">Slept 1 second</msg>
<status status="PASS" starttime="20230502 23:49:03.238" endtime="20230502 23:49:04.245"/>
</kw>
<kw name="Execute Javascript" library="Selenium2Library">
<arg>window.scrollTo(0,document.body.scrollHeight)</arg>
<doc>Executes the given JavaScript code with possible arguments.</doc>
<msg timestamp="20230502 23:49:04.254" level="INFO">Executing JavaScript:
window.scrollTo(0,document.body.scrollHeight)
Without any arguments.</msg>
<status status="PASS" starttime="20230502 23:49:04.245" endtime="20230502 23:49:04.256"/>
</kw>
<kw name="Sleep" library="BuiltIn">
<arg>1s</arg>
<doc>Pauses the test executed for the given time.</doc>
<msg timestamp="20230502 23:49:05.267" level="INFO">Slept 1 second</msg>
<status status="PASS" starttime="20230502 23:49:04.256" endtime="20230502 23:49:05.267"/>
</kw>
<kw name="Click Element" library="Selenium2Library">
<arg>xpath://*[@id="grpbtn-tour-purc"]/div/div/button</arg>
<doc>Click the element identified by ``locator``.</doc>
<msg timestamp="20230502 23:49:05.267" level="INFO">Clicking element 'xpath://*[@id="grpbtn-tour-purc"]/div/div/button'.</msg>
[...]
</kw>
<kw name="Input Text" library="Selenium2Library">
<arg>xpath://*[@id="s2id_autogen10_search"]</arg>
<arg>${DataLoop['gudang']}</arg>
<doc>Types the given ``text`` into the text field identified by ``locator``.</doc>
<status status="NOT RUN" starttime="20230502 23:52:13.784" endtime="20230502 23:52:13.784"/>
</kw>
<for flavor="IN RANGE">
<var>${index}</var>
<value>0</value>
<value>${DataLoop['indexGudang']}</value>
<iter>
<var name="${index}"/>
<kw name="Press Key" library="Selenium2Library">
<arg>xpath://*[@id="s2id_autogen10_search"]</arg>
<arg>\ue015</arg>
<doc>*DEPRECATED in Selenium2Library 4.0.* use `Press Keys` instead.</doc>
<msg timestamp="20230502 23:52:13.788" level="WARN">Keyword 'Selenium2Library.Press Key' is deprecated. use `Press Keys` instead.</msg>
<status status="NOT RUN" starttime="20230502 23:52:13.788" endtime="20230502 23:52:13.798"/>
</kw>
<status status="NOT RUN" starttime="20230502 23:52:13.786" endtime="20230502 23:52:13.798"/>
</iter>
<status status="NOT RUN" starttime="20230502 23:52:13.784" endtime="20230502 23:52:13.799"/>
</for>
<kw name="Press Keys" library="Selenium2Library">
<arg>xpath://*[@id="s2id_autogen10_search"]</arg>
<arg>ENTER</arg>
<doc>Simulates the user pressing key(s) to an element or on the active browser.</doc>
<status status="NOT RUN" starttime="20230502 23:52:13.800" endtime="20230502 23:52:13.801"/>
</kw>
<kw name="Execute Javascript" library="Selenium2Library">
<arg>window.scrollTo(0,document.body.scrollHeight)</arg>
<doc>Executes the given JavaScript code with possible arguments.</doc>
<status status="NOT RUN" starttime="20230502 23:52:13.802" endtime="20230502 23:52:13.802"/>
</kw>
<kw name="Sleep" library="BuiltIn">
<arg>1s</arg>
<doc>Pauses the test executed for the given time.</doc>
<status status="NOT RUN" starttime="20230502 23:52:13.803" endtime="20230502 23:52:13.803"/>
</kw>
<kw name="Click Element" library="Selenium2Library">
<arg>xpath://*[@id="btnAdd"]</arg>
<doc>Click the element identified by ``locator``.</doc>
<status status="NOT RUN" starttime="20230502 23:52:13.803" endtime="20230502 23:52:13.803"/>
</kw>
<kw name="Sleep" library="BuiltIn">
<arg>2s</arg>
<doc>Pauses the test executed for the given time.</doc>
<status status="NOT RUN" starttime="20230502 23:52:13.803" endtime="20230502 23:52:13.803"/>
</kw>
<status status="NOT RUN" starttime="20230502 23:52:13.778" endtime="20230502 23:52:13.803"/>
</iter>
<status status="NOT RUN" starttime="20230502 23:52:13.778" endtime="20230502 23:52:13.803"/>
</for>
<status status="NOT RUN" starttime="20230502 23:52:13.777" endtime="20230502 23:52:13.803"/>
</branch>
<branch type="ELSE">
<kw name="Set Variable" library="BuiltIn">
<var>${newXPath}</var>
<arg>${xpathTablePembelian}/tr/td[11]/a[1]</arg>
<doc>Returns the given values which can then be assigned to a variables.</doc>
<status status="NOT RUN" starttime="20230502 23:52:13.804" endtime="20230502 23:52:13.804"/>
</kw>
<kw name="Execute Javascript" library="Selenium2Library">
<arg>window.scrollTo(0, document.body.scrollHeight/3)</arg>
<doc>Executes the given JavaScript code with possible arguments.</doc>
<status status="NOT RUN" starttime="20230502 23:52:13.804" endtime="20230502 23:52:13.804"/>
</kw>
<kw name="Sleep" library="BuiltIn">
<arg>1s</arg>
<doc>Pauses the test executed for the given time.</doc>
<status status="NOT RUN" starttime="20230502 23:52:13.804" endtime="20230502 23:52:13.804"/>
</kw>
<kw name="Click Element" library="Selenium2Library">
<arg>xpath:${newXPath}</arg>
<doc>Click the element identified by ``locator``.</doc>
<status status="NOT RUN" starttime="20230502 23:52:13.804" endtime="20230502 23:52:13.804"/>
</kw>
<kw name="Sleep" library="BuiltIn">
<arg>2s</arg>
<doc>Pauses the test executed for the given time.</doc>
<status status="NOT RUN" starttime="20230502 23:52:13.804" endtime="20230502 23:52:13.804"/>
</kw>
<kw name="Press Keys" library="Selenium2Library">
<arg>xpath://*[@id="dlgpurcd_qty"]</arg>
<arg>CTRL+a+BACKSPACE</arg>
<doc>Simulates the user pressing key(s) to an element or on the active browser.</doc>
<status status="NOT RUN" starttime="20230502 23:52:13.804" endtime="20230502 23:52:13.805"/>
</kw>
<kw name="Input Text" library="Selenium2Library">
<arg>xpath://*[@id="dlgpurcd_qty"]</arg>
<arg>${DataLoop['qty']}</arg>
<doc>Types the given ``text`` into the text field identified by ``locator``.</doc>
<status status="NOT RUN" starttime="20230502 23:52:13.805" endtime="20230502 23:52:13.805"/>
</kw>
<kw name="Press Keys" library="Selenium2Library">
<arg>xpath://*[@id="dlgpurcd_listprice"]</arg>
<arg>CTRL+a+BACKSPACE</arg>
<doc>Simulates the user pressing key(s) to an element or on the active browser.</doc>
<status status="NOT RUN" starttime="20230502 23:52:13.805" endtime="20230502 23:52:13.805"/>
</kw>
<kw name="Input Text" library="Selenium2Library">
<arg>xpath://*[@id="dlgpurcd_listprice"]</arg>
<arg>${DataLoop['hargaSatuan']}</arg>
<doc>Types the given ``text`` into the text field identified by ``locator``.</doc>
<status status="NOT RUN" starttime="20230502 23:52:13.805" endtime="20230502 23:52:13.805"/>
</kw>
<kw name="Click Element" library="Selenium2Library">
<arg>xpath://*[@id="s2id_dlgpurcd_wh_id"]/a</arg>
<doc>Click the element identified by ``locator``.</doc>
<status status="NOT RUN" starttime="20230502 23:52:13.813" endtime="20230502 23:52:13.813"/>
</kw>
<kw name="Input Text" library="Selenium2Library">
<arg>xpath://*[@id="s2id_autogen10_search"]</arg>
<arg>${DataLoop['gudang']}</arg>
<doc>Types the given ``text`` into the text field identified by ``locator``.</doc>
<status status="NOT RUN" starttime="20230502 23:52:13.814" endtime="20230502 23:52:13.814"/>
</kw>
<for flavor="IN RANGE">
<var>${index}</var>
<value>0</value>
<value>${DataLoop['indexGudang']}</value>
<iter>
<var name="${index}"/>
<kw name="Press Key" library="Selenium2Library">
<arg>xpath://*[@id="s2id_autogen10_search"]</arg>
<arg>\ue015</arg>
<doc>*DEPRECATED in Selenium2Library 4.0.* use `Press Keys` instead.</doc>
<msg timestamp="20230502 23:52:13.816" level="WARN">Keyword 'Selenium2Library.Press Key' is deprecated. use `Press Keys` instead.</msg>
<status status="NOT RUN" starttime="20230502 23:52:13.816" endtime="20230502 23:52:13.818"/>
</kw>
<status status="NOT RUN" starttime="20230502 23:52:13.816" endtime="20230502 23:52:13.818"/>
</iter>
<status status="NOT RUN" starttime="20230502 23:52:13.815" endtime="20230502 23:52:13.819"/>
</for>
<kw name="Press Keys" library="Selenium2Library">
<arg>xpath://*[@id="s2id_autogen10_search"]</arg>
<arg>ENTER</arg>
<doc>Simulates the user pressing key(s) to an element or on the active browser.</doc>
<status status="NOT RUN" starttime="20230502 23:52:13.819" endtime="20230502 23:52:13.819"/>
</kw>
<kw name="Execute Javascript" library="Selenium2Library">
<arg>window.scrollTo(0,document.body.scrollHeight)</arg>
<doc>Executes the given JavaScript code with possible arguments.</doc>
<status status="NOT RUN" starttime="20230502 23:52:13.820" endtime="20230502 23:52:13.820"/>
</kw>
<kw name="Sleep" library="BuiltIn">
<arg>1s</arg>
<doc>Pauses the test executed for the given time.</doc>
<status status="NOT RUN" starttime="20230502 23:52:13.820" endtime="20230502 23:52:13.820"/>
</kw>
<kw name="Click Element" library="Selenium2Library">
<arg>xpath://*[@id="btnAdd"]</arg>
<doc>Click the element identified by ``locator``.</doc>
<status status="NOT RUN" starttime="20230502 23:52:13.820" endtime="20230502 23:52:13.820"/>
</kw>
<kw name="Sleep" library="BuiltIn">
<arg>1s</arg>
<doc>Pauses the test executed for the given time.</doc>
<status status="NOT RUN" starttime="20230502 23:52:13.820" endtime="20230502 23:52:13.820"/>
</kw>
<status status="NOT RUN" starttime="20230502 23:52:13.804" endtime="20230502 23:52:13.820"/>
</branch>
<status status="NOT RUN" starttime="20230502 23:52:13.777" endtime="20230502 23:52:13.820"/>
</if>
<kw name="Click Element" library="Selenium2Library">
<arg>xpath://*[@id="s2id_purc-branch_id"]/a</arg>
<doc>Click the element identified by ``locator``.</doc>
<status status="NOT RUN" starttime="20230502 23:52:13.821" endtime="20230502 23:52:13.821"/>
</kw>
<kw name="Input Text" library="Selenium2Library">
<arg>xpath://*[@id="s2id_autogen6_search"]</arg>
<arg>${Cabang}</arg>
<doc>Types the given ``text`` into the text field identified by ``locator``.</doc>
<status status="NOT RUN" starttime="20230502 23:52:13.821" endtime="20230502 23:52:13.821"/>
</kw>
<for flavor="IN RANGE">
<var>${index}</var>
<value>0</value>
<value>${indexCabang}</value>
<iter>
<var name="${index}"/>
<kw name="Press Key" library="Selenium2Library">
<arg>xpath://*[@id="s2id_autogen6_search"]</arg>
<arg>\ue015</arg>
<doc>*DEPRECATED in Selenium2Library 4.0.* use `Press Keys` instead.</doc>
<msg timestamp="20230502 23:52:13.821" level="WARN">Keyword 'Selenium2Library.Press Key' is deprecated. use `Press Keys` instead.</msg>
<status status="NOT RUN" starttime="20230502 23:52:13.821" endtime="20230502 23:52:13.827"/>
</kw>
<status status="NOT RUN" starttime="20230502 23:52:13.821" endtime="20230502 23:52:13.827"/>
</iter>
<status status="NOT RUN" starttime="20230502 23:52:13.821" endtime="20230502 23:52:13.827"/>
</for>
<kw name="Press Keys" library="Selenium2Library">
<arg>xpath://*[@id="s2id_autogen6_search"]</arg>
<arg>ENTER</arg>
<doc>Simulates the user pressing key(s) to an element or on the active browser.</doc>
<status status="NOT RUN" starttime="20230502 23:52:13.828" endtime="20230502 23:52:13.828"/>
</kw>
<kw name="Sleep" library="BuiltIn">
<arg>1s</arg>
<doc>Pauses the test executed for the given time.</doc>
<status status="NOT RUN" starttime="20230502 23:52:13.829" endtime="20230502 23:52:13.829"/>
</kw>
<kw name="Execute Javascript" library="Selenium2Library">
<arg>window.scrollTo(0,document.body.scrollHeight)</arg>
<doc>Executes the given JavaScript code with possible arguments.</doc>
<status status="NOT RUN" starttime="20230502 23:52:13.829" endtime="20230502 23:52:13.829"/>
</kw>
<kw name="Sleep" library="BuiltIn">
<arg>1s</arg>
<doc>Pauses the test executed for the given time.</doc>
<status status="NOT RUN" starttime="20230502 23:52:13.829" endtime="20230502 23:52:13.830"/>
</kw>
<kw name="Click Element" library="Selenium2Library">
<arg>xpath://*[@id="grpbtn-tour-purc"]/div/div/button</arg>
<doc>Click the element identified by ``locator``.</doc>
<status status="NOT RUN" starttime="20230502 23:52:13.830" endtime="20230502 23:52:13.830"/>
</kw>
<kw name="Sleep" library="BuiltIn">
<arg>2s</arg>
<doc>Pauses the test executed for the given time.</doc>
<status status="NOT RUN" starttime="20230502 23:52:13.830" endtime="20230502 23:52:13.830"/>
</kw>
<kw name="Execute Javascript" library="Selenium2Library">
<arg>window.scrollTo(0,-document.body.scrollHeight)</arg>
<doc>Executes the given JavaScript code with possible arguments.</doc>
<status status="NOT RUN" starttime="20230502 23:52:13.830" endtime="20230502 23:52:13.830"/>
</kw>
<kw name="Sleep" library="BuiltIn">
<arg>1s</arg>
<doc>Pauses the test executed for the given time.</doc>
<status status="NOT RUN" starttime="20230502 23:52:13.830" endtime="20230502 23:52:13.831"/>
</kw>
<kw name="Click Element" library="Selenium2Library">
<arg>xpath://*[@id="new_button"]</arg>
<doc>Click the element identified by ``locator``.</doc>
<status status="NOT RUN" starttime="20230502 23:52:13.831" endtime="20230502 23:52:13.831"/>
</kw>
<kw name="Sleep" library="BuiltIn">
<arg>2s</arg>
<doc>Pauses the test executed for the given time.</doc>
<status status="NOT RUN" starttime="20230502 23:52:13.831" endtime="20230502 23:52:13.831"/>
</kw>
<kw name="Create Session" library="RequestsLibrary">
<arg>myssion2</arg>
<arg>${base_url}</arg>
<doc>Create Session: create a HTTP session to a server</doc>
<status status="NOT RUN" starttime="20230502 23:52:13.831" endtime="20230502 23:52:13.831"/>
</kw>
<kw name="Get Request" library="RequestsLibrary">
<var>${response2}</var>
<arg>myssion2</arg>
<arg>/robot/api/pembelian/done/${idRobotPembelian}</arg>
<doc>*DEPRECATED* Please use `GET On Session` instead.</doc>
<msg timestamp="20230502 23:52:13.831" level="WARN">Keyword 'RequestsLibrary.Get Request' is deprecated. Please use `GET On Session` instead.</msg>
<status status="NOT RUN" starttime="20230502 23:52:13.831" endtime="20230502 23:52:13.833"/>
</kw>
<kw name="Convert To String" library="BuiltIn">
<var>${status_code2}</var>
<arg>${response2.status_code}</arg>
<doc>Converts the given item to a Unicode string.</doc>
<status status="NOT RUN" starttime="20230502 23:52:13.833" endtime="20230502 23:52:13.833"/>
</kw>
<kw name="Should Be Equal" library="BuiltIn">
<arg>${status_code2}</arg>
<arg>200</arg>
<doc>Fails if the given objects are unequal.</doc>
<status status="NOT RUN" starttime="20230502 23:52:13.833" endtime="20230502 23:52:13.834"/>
</kw>
<kw name="Sleep" library="BuiltIn">
<arg>1s</arg>
<doc>Pauses the test executed for the given time.</doc>
<status status="NOT RUN" starttime="20230502 23:52:13.834" endtime="20230502 23:52:13.834"/>
</kw>
<status status="FAIL" starttime="20230502 23:52:10.779" endtime="20230502 23:52:13.834"/>
</iter>
<status status="FAIL" starttime="20230502 23:47:58.360" endtime="20230502 23:52:13.834"/>
</for>
<kw name="End" library="Reserved">
<status status="NOT RUN" starttime="20230502 23:52:13.835" endtime="20230502 23:52:13.835"/>
</kw>
<status status="FAIL" starttime="20230502 23:47:58.313" endtime="20230502 23:52:13.836">500 != 200</status>
</test>
<test id="s1-t4" name="Logout BeeCloud" line="207">
<kw name="Click Element" library="Selenium2Library">
<arg>xpath://*[@id="dropdownuser"]/div/div[1]</arg>
<doc>Click the element identified by ``locator``.</doc>
<msg timestamp="20230502 23:52:13.848" level="INFO">Clicking element 'xpath://*[@id="dropdownuser"]/div/div[1]'.</msg>
<status status="PASS" starttime="20230502 23:52:13.847" endtime="20230502 23:52:13.961"/>
</kw>
<kw name="Sleep" library="BuiltIn">
<arg>1s</arg>
<doc>Pauses the test executed for the given time.</doc>
<msg timestamp="20230502 23:52:14.975" level="INFO">Slept 1 second</msg>
<status status="PASS" starttime="20230502 23:52:13.962" endtime="20230502 23:52:14.976"/>
</kw>
<kw name="Click Element" library="Selenium2Library">
<arg>xpath://*[@id="dropdownuser"]/li[7]</arg>
<doc>Click the element identified by ``locator``.</doc>
<msg timestamp="20230502 23:52:14.984" level="INFO">Clicking element 'xpath://*[@id="dropdownuser"]/li[7]'.</msg>
<status status="PASS" starttime="20230502 23:52:14.979" endtime="20230502 23:52:16.186"/>
</kw>
<kw name="Sleep" library="BuiltIn">
<arg>3s</arg>
<doc>Pauses the test executed for the given time.</doc>
<msg timestamp="20230502 23:52:19.204" level="INFO">Slept 3 seconds</msg>
<status status="PASS" starttime="20230502 23:52:16.187" endtime="20230502 23:52:19.204"/>
</kw>
<status status="PASS" starttime="20230502 23:52:13.845" endtime="20230502 23:52:19.204"/>
</test>
<status status="FAIL" starttime="20230502 23:46:55.932" endtime="20230502 23:52:19.217"/>
</suite>
<statistics>
<total>
<stat pass="3" fail="1" skip="0">All Tests</stat>
</total>
<tag>
</tag>
<suite>
<stat pass="3" fail="1" skip="0" id="s1" name="Pembelian">Pembelian</stat>
</suite>
</statistics>
<errors>
<msg timestamp="20230502 23:47:58.367" level="WARN">Keyword 'RequestsLibrary.Get Request' is deprecated. Please use `GET On Session` instead.</msg>
<msg timestamp="20230502 23:48:04.406" level="WARN">Keyword 'Selenium2Library.Press Key' is deprecated. use `Press Keys` instead.</msg>
<msg timestamp="20230502 23:48:32.984" level="WARN">Keyword 'Selenium2Library.Press Key' is deprecated. use `Press Keys` instead.</msg>
<msg timestamp="20230502 23:48:41.468" level="WARN">Keyword 'Selenium2Library.Press Key' is deprecated. use `Press Keys` instead.</msg>
<msg timestamp="20230502 23:48:49.851" level="WARN">Keyword 'Selenium2Library.Press Key' is deprecated. use `Press Keys` instead.</msg>
<msg timestamp="20230502 23:48:58.653" level="WARN">Keyword 'Selenium2Library.Press Key' is deprecated. use `Press Keys` instead.</msg>
<msg timestamp="20230502 23:49:02.302" level="WARN">Keyword 'Selenium2Library.Press Key' is deprecated. use `Press Keys` instead.</msg>
<msg timestamp="20230502 23:49:02.772" level="WARN">Keyword 'Selenium2Library.Press Key' is deprecated. use `Press Keys` instead.</msg>
<msg timestamp="20230502 23:49:14.675" level="WARN">Keyword 'RequestsLibrary.Get Request' is deprecated. Please use `GET On Session` instead.</msg>
<msg timestamp="20230502 23:49:18.675" level="WARN">Keyword 'RequestsLibrary.Get Request' is deprecated. Please use `GET On Session` instead.</msg>
<msg timestamp="20230502 23:49:23.890" level="WARN">Keyword 'Selenium2Library.Press Key' is deprecated. use `Press Keys` instead.</msg>
<msg timestamp="20230502 23:50:08.556" level="WARN">Keyword 'Selenium2Library.Press Key' is deprecated. use `Press Keys` instead.</msg>
<msg timestamp="20230502 23:50:16.946" level="WARN">Keyword 'Selenium2Library.Press Key' is deprecated. use `Press Keys` instead.</msg>
<msg timestamp="20230502 23:50:25.376" level="WARN">Keyword 'Selenium2Library.Press Key' is deprecated. use `Press Keys` instead.</msg>
<msg timestamp="20230502 23:50:33.793" level="WARN">Keyword 'Selenium2Library.Press Key' is deprecated. use `Press Keys` instead.</msg>
<msg timestamp="20230502 23:50:42.247" level="WARN">Keyword 'Selenium2Library.Press Key' is deprecated. use `Press Keys` instead.</msg>
<msg timestamp="20230502 23:50:50.563" level="WARN">Keyword 'Selenium2Library.Press Key' is deprecated. use `Press Keys` instead.</msg>
<msg timestamp="20230502 23:50:58.995" level="WARN">Keyword 'Selenium2Library.Press Key' is deprecated. use `Press Keys` instead.</msg>
<msg timestamp="20230502 23:51:02.628" level="WARN">Keyword 'Selenium2Library.Press Key' is deprecated. use `Press Keys` instead.</msg>
<msg timestamp="20230502 23:51:03.099" level="WARN">Keyword 'Selenium2Library.Press Key' is deprecated. use `Press Keys` instead.</msg>
<msg timestamp="20230502 23:51:15.039" level="WARN">Keyword 'RequestsLibrary.Get Request' is deprecated. Please use `GET On Session` instead.</msg>
<msg timestamp="20230502 23:51:18.781" level="WARN">Keyword 'RequestsLibrary.Get Request' is deprecated. Please use `GET On Session` instead.</msg>
<msg timestamp="20230502 23:51:24.449" level="WARN">Keyword 'Selenium2Library.Press Key' is deprecated. use `Press Keys` instead.</msg>
<msg timestamp="20230502 23:51:42.801" level="WARN">Keyword 'Selenium2Library.Press Key' is deprecated. use `Press Keys` instead.</msg>
<msg timestamp="20230502 23:51:51.042" level="WARN">Keyword 'Selenium2Library.Press Key' is deprecated. use `Press Keys` instead.</msg>
<msg timestamp="20230502 23:51:54.678" level="WARN">Keyword 'Selenium2Library.Press Key' is deprecated. use `Press Keys` instead.</msg>
<msg timestamp="20230502 23:51:55.126" level="WARN">Keyword 'Selenium2Library.Press Key' is deprecated. use `Press Keys` instead.</msg>
<msg timestamp="20230502 23:52:07.069" level="WARN">Keyword 'RequestsLibrary.Get Request' is deprecated. Please use `GET On Session` instead.</msg>
<msg timestamp="20230502 23:52:10.779" level="WARN">Keyword 'RequestsLibrary.Get Request' is deprecated. Please use `GET On Session` instead.</msg>
<msg timestamp="20230502 23:52:13.764" level="WARN">Keyword 'Selenium2Library.Press Key' is deprecated. use `Press Keys` instead.</msg>
<msg timestamp="20230502 23:52:13.788" level="WARN">Keyword 'Selenium2Library.Press Key' is deprecated. use `Press Keys` instead.</msg>
<msg timestamp="20230502 23:52:13.816" level="WARN">Keyword 'Selenium2Library.Press Key' is deprecated. use `Press Keys` instead.</msg>
<msg timestamp="20230502 23:52:13.821" level="WARN">Keyword 'Selenium2Library.Press Key' is deprecated. use `Press Keys` instead.</msg>
<msg timestamp="20230502 23:52:13.831" level="WARN">Keyword 'RequestsLibrary.Get Request' is deprecated. Please use `GET On Session` instead.</msg>
</errors>
</robot>
